2024-11-18 01:27:30,797 - logger - INFO - auchan.py:259 - save_data_for_all_cgids - Starting data fetch process for 6 cgids
2024-11-18 01:27:30,797 - logger - INFO - auchan.py:269 - save_data_for_all_cgids - Data will be saved in 'data/raw/auchan/20241118'
2024-11-18 01:27:30,797 - logger - INFO - auchan.py:273 - save_data_for_all_cgids - Processing cgid: alimentacao-
2024-11-18 01:27:31,648 - logger - INFO - auchan.py:212 - get_and_parse_auchan_data - Successful GET request for URL: https://www.auchan.pt/on/demandware.store/Sites-AuchanPT-Site/pt_PT/Search-UpdateGrid?cgid=alimentacao-&prefn1=soldInStores&prefv1=000&start=0&sz=212&next=true
2024-11-18 01:27:50,901 - logger - INFO - auchan.py:212 - get_and_parse_auchan_data - Successful GET request for URL: https://www.auchan.pt/on/demandware.store/Sites-AuchanPT-Site/pt_PT/Search-UpdateGrid?cgid=alimentacao-&prefn1=soldInStores&prefv1=000&start=212&sz=212&next=true
2024-11-18 01:27:55,359 - logger - INFO - auchan.py:212 - get_and_parse_auchan_data - Successful GET request for URL: https://www.auchan.pt/on/demandware.store/Sites-AuchanPT-Site/pt_PT/Search-UpdateGrid?cgid=alimentacao-&prefn1=soldInStores&prefv1=000&start=424&sz=212&next=true
2024-11-18 01:28:00,131 - logger - INFO - auchan.py:212 - get_and_parse_auchan_data - Successful GET request for URL: https://www.auchan.pt/on/demandware.store/Sites-AuchanPT-Site/pt_PT/Search-UpdateGrid?cgid=alimentacao-&prefn1=soldInStores&prefv1=000&start=636&sz=212&next=true
2024-11-18 01:28:19,175 - logger - INFO - auchan.py:212 - get_and_parse_auchan_data - Successful GET request for URL: https://www.auchan.pt/on/demandware.store/Sites-AuchanPT-Site/pt_PT/Search-UpdateGrid?cgid=alimentacao-&prefn1=soldInStores&prefv1=000&start=848&sz=212&next=true
2024-11-18 01:28:38,337 - logger - INFO - auchan.py:212 - get_and_parse_auchan_data - Successful GET request for URL: https://www.auchan.pt/on/demandware.store/Sites-AuchanPT-Site/pt_PT/Search-UpdateGrid?cgid=alimentacao-&prefn1=soldInStores&prefv1=000&start=1060&sz=212&next=true
2024-11-18 01:28:57,787 - logger - INFO - auchan.py:212 - get_and_parse_auchan_data - Successful GET request for URL: https://www.auchan.pt/on/demandware.store/Sites-AuchanPT-Site/pt_PT/Search-UpdateGrid?cgid=alimentacao-&prefn1=soldInStores&prefv1=000&start=1272&sz=212&next=true
2024-11-18 01:29:17,189 - logger - INFO - auchan.py:212 - get_and_parse_auchan_data - Successful GET request for URL: https://www.auchan.pt/on/demandware.store/Sites-AuchanPT-Site/pt_PT/Search-UpdateGrid?cgid=alimentacao-&prefn1=soldInStores&prefv1=000&start=1484&sz=212&next=true
2024-11-18 01:29:35,542 - logger - INFO - auchan.py:212 - get_and_parse_auchan_data - Successful GET request for URL: https://www.auchan.pt/on/demandware.store/Sites-AuchanPT-Site/pt_PT/Search-UpdateGrid?cgid=alimentacao-&prefn1=soldInStores&prefv1=000&start=1696&sz=212&next=true
2024-11-18 01:29:53,821 - logger - INFO - auchan.py:212 - get_and_parse_auchan_data - Successful GET request for URL: https://www.auchan.pt/on/demandware.store/Sites-AuchanPT-Site/pt_PT/Search-UpdateGrid?cgid=alimentacao-&prefn1=soldInStores&prefv1=000&start=1908&sz=212&next=true
2024-11-18 01:30:14,335 - logger - INFO - auchan.py:212 - get_and_parse_auchan_data - Successful GET request for URL: https://www.auchan.pt/on/demandware.store/Sites-AuchanPT-Site/pt_PT/Search-UpdateGrid?cgid=alimentacao-&prefn1=soldInStores&prefv1=000&start=2120&sz=212&next=true
2024-11-18 01:30:33,952 - logger - INFO - auchan.py:212 - get_and_parse_auchan_data - Successful GET request for URL: https://www.auchan.pt/on/demandware.store/Sites-AuchanPT-Site/pt_PT/Search-UpdateGrid?cgid=alimentacao-&prefn1=soldInStores&prefv1=000&start=2332&sz=212&next=true
2024-11-18 01:30:52,048 - logger - INFO - auchan.py:212 - get_and_parse_auchan_data - Successful GET request for URL: https://www.auchan.pt/on/demandware.store/Sites-AuchanPT-Site/pt_PT/Search-UpdateGrid?cgid=alimentacao-&prefn1=soldInStores&prefv1=000&start=2544&sz=212&next=true
2024-11-18 01:31:11,329 - logger - INFO - auchan.py:212 - get_and_parse_auchan_data - Successful GET request for URL: https://www.auchan.pt/on/demandware.store/Sites-AuchanPT-Site/pt_PT/Search-UpdateGrid?cgid=alimentacao-&prefn1=soldInStores&prefv1=000&start=2756&sz=212&next=true
2024-11-18 01:31:29,326 - logger - INFO - auchan.py:212 - get_and_parse_auchan_data - Successful GET request for URL: https://www.auchan.pt/on/demandware.store/Sites-AuchanPT-Site/pt_PT/Search-UpdateGrid?cgid=alimentacao-&prefn1=soldInStores&prefv1=000&start=2968&sz=212&next=true
2024-11-18 01:31:47,870 - logger - INFO - auchan.py:212 - get_and_parse_auchan_data - Successful GET request for URL: https://www.auchan.pt/on/demandware.store/Sites-AuchanPT-Site/pt_PT/Search-UpdateGrid?cgid=alimentacao-&prefn1=soldInStores&prefv1=000&start=3180&sz=212&next=true
2024-11-18 01:32:06,458 - logger - INFO - auchan.py:212 - get_and_parse_auchan_data - Successful GET request for URL: https://www.auchan.pt/on/demandware.store/Sites-AuchanPT-Site/pt_PT/Search-UpdateGrid?cgid=alimentacao-&prefn1=soldInStores&prefv1=000&start=3392&sz=212&next=true
2024-11-18 01:32:25,007 - logger - INFO - auchan.py:212 - get_and_parse_auchan_data - Successful GET request for URL: https://www.auchan.pt/on/demandware.store/Sites-AuchanPT-Site/pt_PT/Search-UpdateGrid?cgid=alimentacao-&prefn1=soldInStores&prefv1=000&start=3604&sz=212&next=true
2024-11-18 01:32:43,462 - logger - INFO - auchan.py:212 - get_and_parse_auchan_data - Successful GET request for URL: https://www.auchan.pt/on/demandware.store/Sites-AuchanPT-Site/pt_PT/Search-UpdateGrid?cgid=alimentacao-&prefn1=soldInStores&prefv1=000&start=3816&sz=212&next=true
2024-11-18 01:33:02,453 - logger - INFO - auchan.py:212 - get_and_parse_auchan_data - Successful GET request for URL: https://www.auchan.pt/on/demandware.store/Sites-AuchanPT-Site/pt_PT/Search-UpdateGrid?cgid=alimentacao-&prefn1=soldInStores&prefv1=000&start=4028&sz=212&next=true
2024-11-18 01:33:21,421 - logger - INFO - auchan.py:212 - get_and_parse_auchan_data - Successful GET request for URL: https://www.auchan.pt/on/demandware.store/Sites-AuchanPT-Site/pt_PT/Search-UpdateGrid?cgid=alimentacao-&prefn1=soldInStores&prefv1=000&start=4240&sz=212&next=true
2024-11-18 01:33:41,778 - logger - INFO - auchan.py:212 - get_and_parse_auchan_data - Successful GET request for URL: https://www.auchan.pt/on/demandware.store/Sites-AuchanPT-Site/pt_PT/Search-UpdateGrid?cgid=alimentacao-&prefn1=soldInStores&prefv1=000&start=4452&sz=212&next=true
2024-11-18 01:33:59,541 - logger - INFO - auchan.py:212 - get_and_parse_auchan_data - Successful GET request for URL: https://www.auchan.pt/on/demandware.store/Sites-AuchanPT-Site/pt_PT/Search-UpdateGrid?cgid=alimentacao-&prefn1=soldInStores&prefv1=000&start=4664&sz=212&next=true
2024-11-18 01:34:19,072 - logger - INFO - auchan.py:212 - get_and_parse_auchan_data - Successful GET request for URL: https://www.auchan.pt/on/demandware.store/Sites-AuchanPT-Site/pt_PT/Search-UpdateGrid?cgid=alimentacao-&prefn1=soldInStores&prefv1=000&start=4876&sz=212&next=true
2024-11-18 01:34:37,667 - logger - INFO - auchan.py:212 - get_and_parse_auchan_data - Successful GET request for URL: https://www.auchan.pt/on/demandware.store/Sites-AuchanPT-Site/pt_PT/Search-UpdateGrid?cgid=alimentacao-&prefn1=soldInStores&prefv1=000&start=5088&sz=212&next=true
2024-11-18 01:34:55,403 - logger - INFO - auchan.py:212 - get_and_parse_auchan_data - Successful GET request for URL: https://www.auchan.pt/on/demandware.store/Sites-AuchanPT-Site/pt_PT/Search-UpdateGrid?cgid=alimentacao-&prefn1=soldInStores&prefv1=000&start=5300&sz=212&next=true
2024-11-18 01:35:13,276 - logger - INFO - auchan.py:212 - get_and_parse_auchan_data - Successful GET request for URL: https://www.auchan.pt/on/demandware.store/Sites-AuchanPT-Site/pt_PT/Search-UpdateGrid?cgid=alimentacao-&prefn1=soldInStores&prefv1=000&start=5512&sz=212&next=true
2024-11-18 01:35:32,199 - logger - INFO - auchan.py:212 - get_and_parse_auchan_data - Successful GET request for URL: https://www.auchan.pt/on/demandware.store/Sites-AuchanPT-Site/pt_PT/Search-UpdateGrid?cgid=alimentacao-&prefn1=soldInStores&prefv1=000&start=5724&sz=212&next=true
2024-11-18 01:35:51,327 - logger - INFO - auchan.py:212 - get_and_parse_auchan_data - Successful GET request for URL: https://www.auchan.pt/on/demandware.store/Sites-AuchanPT-Site/pt_PT/Search-UpdateGrid?cgid=alimentacao-&prefn1=soldInStores&prefv1=000&start=5936&sz=212&next=true
2024-11-18 01:36:10,559 - logger - INFO - auchan.py:212 - get_and_parse_auchan_data - Successful GET request for URL: https://www.auchan.pt/on/demandware.store/Sites-AuchanPT-Site/pt_PT/Search-UpdateGrid?cgid=alimentacao-&prefn1=soldInStores&prefv1=000&start=6148&sz=212&next=true
2024-11-18 01:36:28,564 - logger - INFO - auchan.py:212 - get_and_parse_auchan_data - Successful GET request for URL: https://www.auchan.pt/on/demandware.store/Sites-AuchanPT-Site/pt_PT/Search-UpdateGrid?cgid=alimentacao-&prefn1=soldInStores&prefv1=000&start=6360&sz=212&next=true
2024-11-18 01:36:47,123 - logger - INFO - auchan.py:212 - get_and_parse_auchan_data - Successful GET request for URL: https://www.auchan.pt/on/demandware.store/Sites-AuchanPT-Site/pt_PT/Search-UpdateGrid?cgid=alimentacao-&prefn1=soldInStores&prefv1=000&start=6572&sz=212&next=true
2024-11-18 01:37:05,247 - logger - INFO - auchan.py:212 - get_and_parse_auchan_data - Successful GET request for URL: https://www.auchan.pt/on/demandware.store/Sites-AuchanPT-Site/pt_PT/Search-UpdateGrid?cgid=alimentacao-&prefn1=soldInStores&prefv1=000&start=6784&sz=212&next=true
2024-11-18 01:37:24,719 - logger - INFO - auchan.py:212 - get_and_parse_auchan_data - Successful GET request for URL: https://www.auchan.pt/on/demandware.store/Sites-AuchanPT-Site/pt_PT/Search-UpdateGrid?cgid=alimentacao-&prefn1=soldInStores&prefv1=000&start=6996&sz=212&next=true
2024-11-18 01:37:44,858 - logger - INFO - auchan.py:212 - get_and_parse_auchan_data - Successful GET request for URL: https://www.auchan.pt/on/demandware.store/Sites-AuchanPT-Site/pt_PT/Search-UpdateGrid?cgid=alimentacao-&prefn1=soldInStores&prefv1=000&start=7208&sz=212&next=true
2024-11-18 01:38:03,802 - logger - INFO - auchan.py:212 - get_and_parse_auchan_data - Successful GET request for URL: https://www.auchan.pt/on/demandware.store/Sites-AuchanPT-Site/pt_PT/Search-UpdateGrid?cgid=alimentacao-&prefn1=soldInStores&prefv1=000&start=7420&sz=212&next=true
2024-11-18 01:38:23,394 - logger - INFO - auchan.py:212 - get_and_parse_auchan_data - Successful GET request for URL: https://www.auchan.pt/on/demandware.store/Sites-AuchanPT-Site/pt_PT/Search-UpdateGrid?cgid=alimentacao-&prefn1=soldInStores&prefv1=000&start=7632&sz=212&next=true
2024-11-18 01:38:42,094 - logger - INFO - auchan.py:212 - get_and_parse_auchan_data - Successful GET request for URL: https://www.auchan.pt/on/demandware.store/Sites-AuchanPT-Site/pt_PT/Search-UpdateGrid?cgid=alimentacao-&prefn1=soldInStores&prefv1=000&start=7844&sz=212&next=true
2024-11-18 01:38:43,006 - logger - ERROR - auchan.py:216 - get_and_parse_auchan_data - Error fetching data for URL https://www.auchan.pt/on/demandware.store/Sites-AuchanPT-Site/pt_PT/Search-UpdateGrid?cgid=alimentacao-&prefn1=soldInStores&prefv1=000&start=7844&sz=212&next=true: 'NoneType' object is not subscriptable
2024-11-18 01:38:43,180 - logger - INFO - auchan.py:288 - save_data_for_all_cgids - Data for alimentacao- saved to data/raw/auchan/20241118/alimentacao-_20241118.csv
2024-11-18 01:38:43,180 - logger - INFO - auchan.py:273 - save_data_for_all_cgids - Processing cgid: biologico-e-escolhas-alimentares
2024-11-18 01:38:59,591 - logger - INFO - auchan.py:212 - get_and_parse_auchan_data - Successful GET request for URL: https://www.auchan.pt/on/demandware.store/Sites-AuchanPT-Site/pt_PT/Search-UpdateGrid?cgid=biologico-e-escolhas-alimentares&prefn1=soldInStores&prefv1=000&start=0&sz=212&next=true
2024-11-18 01:39:18,235 - logger - INFO - auchan.py:212 - get_and_parse_auchan_data - Successful GET request for URL: https://www.auchan.pt/on/demandware.store/Sites-AuchanPT-Site/pt_PT/Search-UpdateGrid?cgid=biologico-e-escolhas-alimentares&prefn1=soldInStores&prefv1=000&start=212&sz=212&next=true
2024-11-18 01:39:36,725 - logger - INFO - auchan.py:212 - get_and_parse_auchan_data - Successful GET request for URL: https://www.auchan.pt/on/demandware.store/Sites-AuchanPT-Site/pt_PT/Search-UpdateGrid?cgid=biologico-e-escolhas-alimentares&prefn1=soldInStores&prefv1=000&start=424&sz=212&next=true
2024-11-18 01:39:55,484 - logger - INFO - auchan.py:212 - get_and_parse_auchan_data - Successful GET request for URL: https://www.auchan.pt/on/demandware.store/Sites-AuchanPT-Site/pt_PT/Search-UpdateGrid?cgid=biologico-e-escolhas-alimentares&prefn1=soldInStores&prefv1=000&start=636&sz=212&next=true
2024-11-18 01:40:14,265 - logger - INFO - auchan.py:212 - get_and_parse_auchan_data - Successful GET request for URL: https://www.auchan.pt/on/demandware.store/Sites-AuchanPT-Site/pt_PT/Search-UpdateGrid?cgid=biologico-e-escolhas-alimentares&prefn1=soldInStores&prefv1=000&start=848&sz=212&next=true
2024-11-18 01:40:32,869 - logger - INFO - auchan.py:212 - get_and_parse_auchan_data - Successful GET request for URL: https://www.auchan.pt/on/demandware.store/Sites-AuchanPT-Site/pt_PT/Search-UpdateGrid?cgid=biologico-e-escolhas-alimentares&prefn1=soldInStores&prefv1=000&start=1060&sz=212&next=true
2024-11-18 01:40:52,502 - logger - INFO - auchan.py:212 - get_and_parse_auchan_data - Successful GET request for URL: https://www.auchan.pt/on/demandware.store/Sites-AuchanPT-Site/pt_PT/Search-UpdateGrid?cgid=biologico-e-escolhas-alimentares&prefn1=soldInStores&prefv1=000&start=1272&sz=212&next=true
2024-11-18 01:41:11,002 - logger - INFO - auchan.py:212 - get_and_parse_auchan_data - Successful GET request for URL: https://www.auchan.pt/on/demandware.store/Sites-AuchanPT-Site/pt_PT/Search-UpdateGrid?cgid=biologico-e-escolhas-alimentares&prefn1=soldInStores&prefv1=000&start=1484&sz=212&next=true
2024-11-18 01:41:29,655 - logger - INFO - auchan.py:212 - get_and_parse_auchan_data - Successful GET request for URL: https://www.auchan.pt/on/demandware.store/Sites-AuchanPT-Site/pt_PT/Search-UpdateGrid?cgid=biologico-e-escolhas-alimentares&prefn1=soldInStores&prefv1=000&start=1696&sz=212&next=true
2024-11-18 01:41:48,325 - logger - INFO - auchan.py:212 - get_and_parse_auchan_data - Successful GET request for URL: https://www.auchan.pt/on/demandware.store/Sites-AuchanPT-Site/pt_PT/Search-UpdateGrid?cgid=biologico-e-escolhas-alimentares&prefn1=soldInStores&prefv1=000&start=1908&sz=212&next=true
2024-11-18 01:41:59,146 - logger - INFO - auchan.py:212 - get_and_parse_auchan_data - Successful GET request for URL: https://www.auchan.pt/on/demandware.store/Sites-AuchanPT-Site/pt_PT/Search-UpdateGrid?cgid=biologico-e-escolhas-alimentares&prefn1=soldInStores&prefv1=000&start=2120&sz=212&next=true
2024-11-18 01:42:02,693 - logger - INFO - auchan.py:288 - save_data_for_all_cgids - Data for biologico-e-escolhas-alimentares saved to data/raw/auchan/20241118/biologico-e-escolhas-alimentares_20241118.csv
2024-11-18 01:42:02,694 - logger - INFO - auchan.py:273 - save_data_for_all_cgids - Processing cgid: limpeza-da-casa-e-roupa
2024-11-18 01:42:03,184 - logger - INFO - auchan.py:212 - get_and_parse_auchan_data - Successful GET request for URL: https://www.auchan.pt/on/demandware.store/Sites-AuchanPT-Site/pt_PT/Search-UpdateGrid?cgid=limpeza-da-casa-e-roupa&prefn1=soldInStores&prefv1=000&start=0&sz=212&next=true
2024-11-18 01:42:21,999 - logger - INFO - auchan.py:212 - get_and_parse_auchan_data - Successful GET request for URL: https://www.auchan.pt/on/demandware.store/Sites-AuchanPT-Site/pt_PT/Search-UpdateGrid?cgid=limpeza-da-casa-e-roupa&prefn1=soldInStores&prefv1=000&start=212&sz=212&next=true
2024-11-18 01:42:26,466 - logger - INFO - auchan.py:212 - get_and_parse_auchan_data - Successful GET request for URL: https://www.auchan.pt/on/demandware.store/Sites-AuchanPT-Site/pt_PT/Search-UpdateGrid?cgid=limpeza-da-casa-e-roupa&prefn1=soldInStores&prefv1=000&start=424&sz=212&next=true
2024-11-18 01:42:47,148 - logger - INFO - auchan.py:212 - get_and_parse_auchan_data - Successful GET request for URL: https://www.auchan.pt/on/demandware.store/Sites-AuchanPT-Site/pt_PT/Search-UpdateGrid?cgid=limpeza-da-casa-e-roupa&prefn1=soldInStores&prefv1=000&start=636&sz=212&next=true
2024-11-18 01:42:51,625 - logger - INFO - auchan.py:212 - get_and_parse_auchan_data - Successful GET request for URL: https://www.auchan.pt/on/demandware.store/Sites-AuchanPT-Site/pt_PT/Search-UpdateGrid?cgid=limpeza-da-casa-e-roupa&prefn1=soldInStores&prefv1=000&start=848&sz=212&next=true
2024-11-18 01:42:56,055 - logger - INFO - auchan.py:212 - get_and_parse_auchan_data - Successful GET request for URL: https://www.auchan.pt/on/demandware.store/Sites-AuchanPT-Site/pt_PT/Search-UpdateGrid?cgid=limpeza-da-casa-e-roupa&prefn1=soldInStores&prefv1=000&start=1060&sz=212&next=true
2024-11-18 01:43:00,489 - logger - INFO - auchan.py:212 - get_and_parse_auchan_data - Successful GET request for URL: https://www.auchan.pt/on/demandware.store/Sites-AuchanPT-Site/pt_PT/Search-UpdateGrid?cgid=limpeza-da-casa-e-roupa&prefn1=soldInStores&prefv1=000&start=1272&sz=212&next=true
2024-11-18 01:43:15,825 - logger - INFO - auchan.py:212 - get_and_parse_auchan_data - Successful GET request for URL: https://www.auchan.pt/on/demandware.store/Sites-AuchanPT-Site/pt_PT/Search-UpdateGrid?cgid=limpeza-da-casa-e-roupa&prefn1=soldInStores&prefv1=000&start=1484&sz=212&next=true
2024-11-18 01:43:34,512 - logger - INFO - auchan.py:212 - get_and_parse_auchan_data - Successful GET request for URL: https://www.auchan.pt/on/demandware.store/Sites-AuchanPT-Site/pt_PT/Search-UpdateGrid?cgid=limpeza-da-casa-e-roupa&prefn1=soldInStores&prefv1=000&start=1696&sz=212&next=true
2024-11-18 01:43:35,344 - logger - ERROR - auchan.py:216 - get_and_parse_auchan_data - Error fetching data for URL https://www.auchan.pt/on/demandware.store/Sites-AuchanPT-Site/pt_PT/Search-UpdateGrid?cgid=limpeza-da-casa-e-roupa&prefn1=soldInStores&prefv1=000&start=1696&sz=212&next=true: 'NoneType' object is not subscriptable
2024-11-18 01:43:35,386 - logger - INFO - auchan.py:288 - save_data_for_all_cgids - Data for limpeza-da-casa-e-roupa saved to data/raw/auchan/20241118/limpeza-da-casa-e-roupa_20241118.csv
2024-11-18 01:43:35,386 - logger - INFO - auchan.py:273 - save_data_for_all_cgids - Processing cgid: bebidas-e-garrafeira
2024-11-18 01:43:47,734 - logger - INFO - auchan.py:212 - get_and_parse_auchan_data - Successful GET request for URL: https://www.auchan.pt/on/demandware.store/Sites-AuchanPT-Site/pt_PT/Search-UpdateGrid?cgid=bebidas-e-garrafeira&prefn1=soldInStores&prefv1=000&start=0&sz=212&next=true
2024-11-18 01:44:07,234 - logger - INFO - auchan.py:212 - get_and_parse_auchan_data - Successful GET request for URL: https://www.auchan.pt/on/demandware.store/Sites-AuchanPT-Site/pt_PT/Search-UpdateGrid?cgid=bebidas-e-garrafeira&prefn1=soldInStores&prefv1=000&start=212&sz=212&next=true
2024-11-18 01:44:25,717 - logger - INFO - auchan.py:212 - get_and_parse_auchan_data - Successful GET request for URL: https://www.auchan.pt/on/demandware.store/Sites-AuchanPT-Site/pt_PT/Search-UpdateGrid?cgid=bebidas-e-garrafeira&prefn1=soldInStores&prefv1=000&start=424&sz=212&next=true
2024-11-18 01:44:44,730 - logger - INFO - auchan.py:212 - get_and_parse_auchan_data - Successful GET request for URL: https://www.auchan.pt/on/demandware.store/Sites-AuchanPT-Site/pt_PT/Search-UpdateGrid?cgid=bebidas-e-garrafeira&prefn1=soldInStores&prefv1=000&start=636&sz=212&next=true
2024-11-18 01:45:03,334 - logger - INFO - auchan.py:212 - get_and_parse_auchan_data - Successful GET request for URL: https://www.auchan.pt/on/demandware.store/Sites-AuchanPT-Site/pt_PT/Search-UpdateGrid?cgid=bebidas-e-garrafeira&prefn1=soldInStores&prefv1=000&start=848&sz=212&next=true
2024-11-18 01:45:21,879 - logger - INFO - auchan.py:212 - get_and_parse_auchan_data - Successful GET request for URL: https://www.auchan.pt/on/demandware.store/Sites-AuchanPT-Site/pt_PT/Search-UpdateGrid?cgid=bebidas-e-garrafeira&prefn1=soldInStores&prefv1=000&start=1060&sz=212&next=true
2024-11-18 01:45:40,863 - logger - INFO - auchan.py:212 - get_and_parse_auchan_data - Successful GET request for URL: https://www.auchan.pt/on/demandware.store/Sites-AuchanPT-Site/pt_PT/Search-UpdateGrid?cgid=bebidas-e-garrafeira&prefn1=soldInStores&prefv1=000&start=1272&sz=212&next=true
2024-11-18 01:45:58,896 - logger - INFO - auchan.py:212 - get_and_parse_auchan_data - Successful GET request for URL: https://www.auchan.pt/on/demandware.store/Sites-AuchanPT-Site/pt_PT/Search-UpdateGrid?cgid=bebidas-e-garrafeira&prefn1=soldInStores&prefv1=000&start=1484&sz=212&next=true
2024-11-18 01:46:17,091 - logger - INFO - auchan.py:212 - get_and_parse_auchan_data - Successful GET request for URL: https://www.auchan.pt/on/demandware.store/Sites-AuchanPT-Site/pt_PT/Search-UpdateGrid?cgid=bebidas-e-garrafeira&prefn1=soldInStores&prefv1=000&start=1696&sz=212&next=true
2024-11-18 01:46:36,364 - logger - INFO - auchan.py:212 - get_and_parse_auchan_data - Successful GET request for URL: https://www.auchan.pt/on/demandware.store/Sites-AuchanPT-Site/pt_PT/Search-UpdateGrid?cgid=bebidas-e-garrafeira&prefn1=soldInStores&prefv1=000&start=1908&sz=212&next=true
2024-11-18 01:46:54,249 - logger - INFO - auchan.py:212 - get_and_parse_auchan_data - Successful GET request for URL: https://www.auchan.pt/on/demandware.store/Sites-AuchanPT-Site/pt_PT/Search-UpdateGrid?cgid=bebidas-e-garrafeira&prefn1=soldInStores&prefv1=000&start=2120&sz=212&next=true
2024-11-18 01:47:13,254 - logger - INFO - auchan.py:212 - get_and_parse_auchan_data - Successful GET request for URL: https://www.auchan.pt/on/demandware.store/Sites-AuchanPT-Site/pt_PT/Search-UpdateGrid?cgid=bebidas-e-garrafeira&prefn1=soldInStores&prefv1=000&start=2332&sz=212&next=true
2024-11-18 01:47:33,138 - logger - INFO - auchan.py:212 - get_and_parse_auchan_data - Successful GET request for URL: https://www.auchan.pt/on/demandware.store/Sites-AuchanPT-Site/pt_PT/Search-UpdateGrid?cgid=bebidas-e-garrafeira&prefn1=soldInStores&prefv1=000&start=2544&sz=212&next=true
2024-11-18 01:47:52,003 - logger - INFO - auchan.py:212 - get_and_parse_auchan_data - Successful GET request for URL: https://www.auchan.pt/on/demandware.store/Sites-AuchanPT-Site/pt_PT/Search-UpdateGrid?cgid=bebidas-e-garrafeira&prefn1=soldInStores&prefv1=000&start=2756&sz=212&next=true
2024-11-18 01:48:12,643 - logger - INFO - auchan.py:212 - get_and_parse_auchan_data - Successful GET request for URL: https://www.auchan.pt/on/demandware.store/Sites-AuchanPT-Site/pt_PT/Search-UpdateGrid?cgid=bebidas-e-garrafeira&prefn1=soldInStores&prefv1=000&start=2968&sz=212&next=true
2024-11-18 01:48:32,421 - logger - INFO - auchan.py:212 - get_and_parse_auchan_data - Successful GET request for URL: https://www.auchan.pt/on/demandware.store/Sites-AuchanPT-Site/pt_PT/Search-UpdateGrid?cgid=bebidas-e-garrafeira&prefn1=soldInStores&prefv1=000&start=3180&sz=212&next=true
2024-11-18 01:48:33,216 - logger - ERROR - auchan.py:216 - get_and_parse_auchan_data - Error fetching data for URL https://www.auchan.pt/on/demandware.store/Sites-AuchanPT-Site/pt_PT/Search-UpdateGrid?cgid=bebidas-e-garrafeira&prefn1=soldInStores&prefv1=000&start=3180&sz=212&next=true: 'NoneType' object is not subscriptable
2024-11-18 01:48:33,286 - logger - INFO - auchan.py:288 - save_data_for_all_cgids - Data for bebidas-e-garrafeira saved to data/raw/auchan/20241118/bebidas-e-garrafeira_20241118.csv
2024-11-18 01:48:33,286 - logger - INFO - auchan.py:273 - save_data_for_all_cgids - Processing cgid: marcas-auchan
2024-11-18 01:48:33,732 - logger - INFO - auchan.py:212 - get_and_parse_auchan_data - Successful GET request for URL: https://www.auchan.pt/on/demandware.store/Sites-AuchanPT-Site/pt_PT/Search-UpdateGrid?cgid=marcas-auchan&prefn1=soldInStores&prefv1=000&start=0&sz=212&next=true
2024-11-18 01:48:38,116 - logger - INFO - auchan.py:212 - get_and_parse_auchan_data - Successful GET request for URL: https://www.auchan.pt/on/demandware.store/Sites-AuchanPT-Site/pt_PT/Search-UpdateGrid?cgid=marcas-auchan&prefn1=soldInStores&prefv1=000&start=212&sz=212&next=true
2024-11-18 01:48:58,856 - logger - INFO - auchan.py:212 - get_and_parse_auchan_data - Successful GET request for URL: https://www.auchan.pt/on/demandware.store/Sites-AuchanPT-Site/pt_PT/Search-UpdateGrid?cgid=marcas-auchan&prefn1=soldInStores&prefv1=000&start=424&sz=212&next=true
2024-11-18 01:49:17,540 - logger - INFO - auchan.py:212 - get_and_parse_auchan_data - Successful GET request for URL: https://www.auchan.pt/on/demandware.store/Sites-AuchanPT-Site/pt_PT/Search-UpdateGrid?cgid=marcas-auchan&prefn1=soldInStores&prefv1=000&start=636&sz=212&next=true
2024-11-18 01:49:21,977 - logger - INFO - auchan.py:212 - get_and_parse_auchan_data - Successful GET request for URL: https://www.auchan.pt/on/demandware.store/Sites-AuchanPT-Site/pt_PT/Search-UpdateGrid?cgid=marcas-auchan&prefn1=soldInStores&prefv1=000&start=848&sz=212&next=true
2024-11-18 01:49:40,575 - logger - INFO - auchan.py:212 - get_and_parse_auchan_data - Successful GET request for URL: https://www.auchan.pt/on/demandware.store/Sites-AuchanPT-Site/pt_PT/Search-UpdateGrid?cgid=marcas-auchan&prefn1=soldInStores&prefv1=000&start=1060&sz=212&next=true
2024-11-18 01:50:00,421 - logger - INFO - auchan.py:212 - get_and_parse_auchan_data - Successful GET request for URL: https://www.auchan.pt/on/demandware.store/Sites-AuchanPT-Site/pt_PT/Search-UpdateGrid?cgid=marcas-auchan&prefn1=soldInStores&prefv1=000&start=1272&sz=212&next=true
2024-11-18 01:50:18,277 - logger - INFO - auchan.py:212 - get_and_parse_auchan_data - Successful GET request for URL: https://www.auchan.pt/on/demandware.store/Sites-AuchanPT-Site/pt_PT/Search-UpdateGrid?cgid=marcas-auchan&prefn1=soldInStores&prefv1=000&start=1484&sz=212&next=true
2024-11-18 01:50:36,071 - logger - INFO - auchan.py:212 - get_and_parse_auchan_data - Successful GET request for URL: https://www.auchan.pt/on/demandware.store/Sites-AuchanPT-Site/pt_PT/Search-UpdateGrid?cgid=marcas-auchan&prefn1=soldInStores&prefv1=000&start=1696&sz=212&next=true
2024-11-18 01:50:54,100 - logger - INFO - auchan.py:212 - get_and_parse_auchan_data - Successful GET request for URL: https://www.auchan.pt/on/demandware.store/Sites-AuchanPT-Site/pt_PT/Search-UpdateGrid?cgid=marcas-auchan&prefn1=soldInStores&prefv1=000&start=1908&sz=212&next=true
2024-11-18 01:51:13,761 - logger - INFO - auchan.py:212 - get_and_parse_auchan_data - Successful GET request for URL: https://www.auchan.pt/on/demandware.store/Sites-AuchanPT-Site/pt_PT/Search-UpdateGrid?cgid=marcas-auchan&prefn1=soldInStores&prefv1=000&start=2120&sz=212&next=true
2024-11-18 01:51:31,952 - logger - INFO - auchan.py:212 - get_and_parse_auchan_data - Successful GET request for URL: https://www.auchan.pt/on/demandware.store/Sites-AuchanPT-Site/pt_PT/Search-UpdateGrid?cgid=marcas-auchan&prefn1=soldInStores&prefv1=000&start=2332&sz=212&next=true
2024-11-18 01:51:52,500 - logger - INFO - auchan.py:212 - get_and_parse_auchan_data - Successful GET request for URL: https://www.auchan.pt/on/demandware.store/Sites-AuchanPT-Site/pt_PT/Search-UpdateGrid?cgid=marcas-auchan&prefn1=soldInStores&prefv1=000&start=2544&sz=212&next=true
2024-11-18 01:52:10,175 - logger - INFO - auchan.py:212 - get_and_parse_auchan_data - Successful GET request for URL: https://www.auchan.pt/on/demandware.store/Sites-AuchanPT-Site/pt_PT/Search-UpdateGrid?cgid=marcas-auchan&prefn1=soldInStores&prefv1=000&start=2756&sz=212&next=true
2024-11-18 01:52:28,806 - logger - INFO - auchan.py:212 - get_and_parse_auchan_data - Successful GET request for URL: https://www.auchan.pt/on/demandware.store/Sites-AuchanPT-Site/pt_PT/Search-UpdateGrid?cgid=marcas-auchan&prefn1=soldInStores&prefv1=000&start=2968&sz=212&next=true
2024-11-18 01:52:48,082 - logger - INFO - auchan.py:212 - get_and_parse_auchan_data - Successful GET request for URL: https://www.auchan.pt/on/demandware.store/Sites-AuchanPT-Site/pt_PT/Search-UpdateGrid?cgid=marcas-auchan&prefn1=soldInStores&prefv1=000&start=3180&sz=212&next=true
2024-11-18 01:53:07,125 - logger - INFO - auchan.py:212 - get_and_parse_auchan_data - Successful GET request for URL: https://www.auchan.pt/on/demandware.store/Sites-AuchanPT-Site/pt_PT/Search-UpdateGrid?cgid=marcas-auchan&prefn1=soldInStores&prefv1=000&start=3392&sz=212&next=true
2024-11-18 01:53:26,434 - logger - INFO - auchan.py:212 - get_and_parse_auchan_data - Successful GET request for URL: https://www.auchan.pt/on/demandware.store/Sites-AuchanPT-Site/pt_PT/Search-UpdateGrid?cgid=marcas-auchan&prefn1=soldInStores&prefv1=000&start=3604&sz=212&next=true
2024-11-18 01:53:44,022 - logger - INFO - auchan.py:212 - get_and_parse_auchan_data - Successful GET request for URL: https://www.auchan.pt/on/demandware.store/Sites-AuchanPT-Site/pt_PT/Search-UpdateGrid?cgid=marcas-auchan&prefn1=soldInStores&prefv1=000&start=3816&sz=212&next=true
2024-11-18 01:54:03,450 - logger - INFO - auchan.py:212 - get_and_parse_auchan_data - Successful GET request for URL: https://www.auchan.pt/on/demandware.store/Sites-AuchanPT-Site/pt_PT/Search-UpdateGrid?cgid=marcas-auchan&prefn1=soldInStores&prefv1=000&start=4028&sz=212&next=true
2024-11-18 01:54:21,121 - logger - INFO - auchan.py:212 - get_and_parse_auchan_data - Successful GET request for URL: https://www.auchan.pt/on/demandware.store/Sites-AuchanPT-Site/pt_PT/Search-UpdateGrid?cgid=marcas-auchan&prefn1=soldInStores&prefv1=000&start=4240&sz=212&next=true
2024-11-18 01:54:39,407 - logger - INFO - auchan.py:212 - get_and_parse_auchan_data - Successful GET request for URL: https://www.auchan.pt/on/demandware.store/Sites-AuchanPT-Site/pt_PT/Search-UpdateGrid?cgid=marcas-auchan&prefn1=soldInStores&prefv1=000&start=4452&sz=212&next=true
2024-11-18 01:54:57,444 - logger - INFO - auchan.py:212 - get_and_parse_auchan_data - Successful GET request for URL: https://www.auchan.pt/on/demandware.store/Sites-AuchanPT-Site/pt_PT/Search-UpdateGrid?cgid=marcas-auchan&prefn1=soldInStores&prefv1=000&start=4664&sz=212&next=true
2024-11-18 01:55:14,990 - logger - INFO - auchan.py:212 - get_and_parse_auchan_data - Successful GET request for URL: https://www.auchan.pt/on/demandware.store/Sites-AuchanPT-Site/pt_PT/Search-UpdateGrid?cgid=marcas-auchan&prefn1=soldInStores&prefv1=000&start=4876&sz=212&next=true
2024-11-18 01:55:34,135 - logger - INFO - auchan.py:212 - get_and_parse_auchan_data - Successful GET request for URL: https://www.auchan.pt/on/demandware.store/Sites-AuchanPT-Site/pt_PT/Search-UpdateGrid?cgid=marcas-auchan&prefn1=soldInStores&prefv1=000&start=5088&sz=212&next=true
2024-11-18 01:55:52,616 - logger - INFO - auchan.py:212 - get_and_parse_auchan_data - Successful GET request for URL: https://www.auchan.pt/on/demandware.store/Sites-AuchanPT-Site/pt_PT/Search-UpdateGrid?cgid=marcas-auchan&prefn1=soldInStores&prefv1=000&start=5300&sz=212&next=true
2024-11-18 01:56:11,086 - logger - INFO - auchan.py:212 - get_and_parse_auchan_data - Successful GET request for URL: https://www.auchan.pt/on/demandware.store/Sites-AuchanPT-Site/pt_PT/Search-UpdateGrid?cgid=marcas-auchan&prefn1=soldInStores&prefv1=000&start=5512&sz=212&next=true
2024-11-18 01:56:29,124 - logger - INFO - auchan.py:212 - get_and_parse_auchan_data - Successful GET request for URL: https://www.auchan.pt/on/demandware.store/Sites-AuchanPT-Site/pt_PT/Search-UpdateGrid?cgid=marcas-auchan&prefn1=soldInStores&prefv1=000&start=5724&sz=212&next=true
2024-11-18 01:56:48,507 - logger - INFO - auchan.py:212 - get_and_parse_auchan_data - Successful GET request for URL: https://www.auchan.pt/on/demandware.store/Sites-AuchanPT-Site/pt_PT/Search-UpdateGrid?cgid=marcas-auchan&prefn1=soldInStores&prefv1=000&start=5936&sz=212&next=true
2024-11-18 01:57:06,690 - logger - INFO - auchan.py:212 - get_and_parse_auchan_data - Successful GET request for URL: https://www.auchan.pt/on/demandware.store/Sites-AuchanPT-Site/pt_PT/Search-UpdateGrid?cgid=marcas-auchan&prefn1=soldInStores&prefv1=000&start=6148&sz=212&next=true
2024-11-18 01:57:24,523 - logger - INFO - auchan.py:212 - get_and_parse_auchan_data - Successful GET request for URL: https://www.auchan.pt/on/demandware.store/Sites-AuchanPT-Site/pt_PT/Search-UpdateGrid?cgid=marcas-auchan&prefn1=soldInStores&prefv1=000&start=6360&sz=212&next=true
2024-11-18 01:57:42,550 - logger - INFO - auchan.py:212 - get_and_parse_auchan_data - Successful GET request for URL: https://www.auchan.pt/on/demandware.store/Sites-AuchanPT-Site/pt_PT/Search-UpdateGrid?cgid=marcas-auchan&prefn1=soldInStores&prefv1=000&start=6572&sz=212&next=true
2024-11-18 01:58:00,713 - logger - INFO - auchan.py:212 - get_and_parse_auchan_data - Successful GET request for URL: https://www.auchan.pt/on/demandware.store/Sites-AuchanPT-Site/pt_PT/Search-UpdateGrid?cgid=marcas-auchan&prefn1=soldInStores&prefv1=000&start=6784&sz=212&next=true
2024-11-18 01:58:18,646 - logger - INFO - auchan.py:212 - get_and_parse_auchan_data - Successful GET request for URL: https://www.auchan.pt/on/demandware.store/Sites-AuchanPT-Site/pt_PT/Search-UpdateGrid?cgid=marcas-auchan&prefn1=soldInStores&prefv1=000&start=6996&sz=212&next=true
2024-11-18 01:58:39,258 - logger - INFO - auchan.py:212 - get_and_parse_auchan_data - Successful GET request for URL: https://www.auchan.pt/on/demandware.store/Sites-AuchanPT-Site/pt_PT/Search-UpdateGrid?cgid=marcas-auchan&prefn1=soldInStores&prefv1=000&start=7208&sz=212&next=true
2024-11-18 01:58:58,941 - logger - INFO - auchan.py:212 - get_and_parse_auchan_data - Successful GET request for URL: https://www.auchan.pt/on/demandware.store/Sites-AuchanPT-Site/pt_PT/Search-UpdateGrid?cgid=marcas-auchan&prefn1=soldInStores&prefv1=000&start=7420&sz=212&next=true
2024-11-18 01:59:16,841 - logger - INFO - auchan.py:212 - get_and_parse_auchan_data - Successful GET request for URL: https://www.auchan.pt/on/demandware.store/Sites-AuchanPT-Site/pt_PT/Search-UpdateGrid?cgid=marcas-auchan&prefn1=soldInStores&prefv1=000&start=7632&sz=212&next=true
2024-11-18 01:59:35,146 - logger - INFO - auchan.py:212 - get_and_parse_auchan_data - Successful GET request for URL: https://www.auchan.pt/on/demandware.store/Sites-AuchanPT-Site/pt_PT/Search-UpdateGrid?cgid=marcas-auchan&prefn1=soldInStores&prefv1=000&start=7844&sz=212&next=true
2024-11-18 01:59:55,444 - logger - INFO - auchan.py:212 - get_and_parse_auchan_data - Successful GET request for URL: https://www.auchan.pt/on/demandware.store/Sites-AuchanPT-Site/pt_PT/Search-UpdateGrid?cgid=marcas-auchan&prefn1=soldInStores&prefv1=000&start=8056&sz=212&next=true
2024-11-18 02:00:13,978 - logger - INFO - auchan.py:212 - get_and_parse_auchan_data - Successful GET request for URL: https://www.auchan.pt/on/demandware.store/Sites-AuchanPT-Site/pt_PT/Search-UpdateGrid?cgid=marcas-auchan&prefn1=soldInStores&prefv1=000&start=8268&sz=212&next=true
2024-11-18 02:00:24,806 - logger - INFO - auchan.py:212 - get_and_parse_auchan_data - Successful GET request for URL: https://www.auchan.pt/on/demandware.store/Sites-AuchanPT-Site/pt_PT/Search-UpdateGrid?cgid=marcas-auchan&prefn1=soldInStores&prefv1=000&start=8480&sz=212&next=true
2024-11-18 02:00:28,370 - logger - INFO - auchan.py:288 - save_data_for_all_cgids - Data for marcas-auchan saved to data/raw/auchan/20241118/marcas-auchan_20241118.csv
2024-11-18 02:00:28,371 - logger - INFO - auchan.py:273 - save_data_for_all_cgids - Processing cgid: saude-e-bem-estar/acne/
2024-11-18 02:00:28,933 - logger - INFO - auchan.py:212 - get_and_parse_auchan_data - Successful GET request for URL: https://www.auchan.pt/on/demandware.store/Sites-AuchanPT-Site/pt_PT/Search-UpdateGrid?cgid=saude-e-bem-estar/acne/&prefn1=soldInStores&prefv1=000&start=0&sz=212&next=true
2024-11-18 02:00:33,256 - logger - INFO - auchan.py:212 - get_and_parse_auchan_data - Successful GET request for URL: https://www.auchan.pt/on/demandware.store/Sites-AuchanPT-Site/pt_PT/Search-UpdateGrid?cgid=saude-e-bem-estar/acne/&prefn1=soldInStores&prefv1=000&start=212&sz=212&next=true
2024-11-18 02:00:37,656 - logger - INFO - auchan.py:212 - get_and_parse_auchan_data - Successful GET request for URL: https://www.auchan.pt/on/demandware.store/Sites-AuchanPT-Site/pt_PT/Search-UpdateGrid?cgid=saude-e-bem-estar/acne/&prefn1=soldInStores&prefv1=000&start=424&sz=212&next=true
2024-11-18 02:00:42,035 - logger - INFO - auchan.py:212 - get_and_parse_auchan_data - Successful GET request for URL: https://www.auchan.pt/on/demandware.store/Sites-AuchanPT-Site/pt_PT/Search-UpdateGrid?cgid=saude-e-bem-estar/acne/&prefn1=soldInStores&prefv1=000&start=636&sz=212&next=true
2024-11-18 02:00:46,428 - logger - INFO - auchan.py:212 - get_and_parse_auchan_data - Successful GET request for URL: https://www.auchan.pt/on/demandware.store/Sites-AuchanPT-Site/pt_PT/Search-UpdateGrid?cgid=saude-e-bem-estar/acne/&prefn1=soldInStores&prefv1=000&start=848&sz=212&next=true
2024-11-18 02:00:50,778 - logger - INFO - auchan.py:212 - get_and_parse_auchan_data - Successful GET request for URL: https://www.auchan.pt/on/demandware.store/Sites-AuchanPT-Site/pt_PT/Search-UpdateGrid?cgid=saude-e-bem-estar/acne/&prefn1=soldInStores&prefv1=000&start=1060&sz=212&next=true
2024-11-18 02:00:55,168 - logger - INFO - auchan.py:212 - get_and_parse_auchan_data - Successful GET request for URL: https://www.auchan.pt/on/demandware.store/Sites-AuchanPT-Site/pt_PT/Search-UpdateGrid?cgid=saude-e-bem-estar/acne/&prefn1=soldInStores&prefv1=000&start=1272&sz=212&next=true
2024-11-18 02:00:59,529 - logger - INFO - auchan.py:212 - get_and_parse_auchan_data - Successful GET request for URL: https://www.auchan.pt/on/demandware.store/Sites-AuchanPT-Site/pt_PT/Search-UpdateGrid?cgid=saude-e-bem-estar/acne/&prefn1=soldInStores&prefv1=000&start=1484&sz=212&next=true
2024-11-18 02:01:04,042 - logger - INFO - auchan.py:212 - get_and_parse_auchan_data - Successful GET request for URL: https://www.auchan.pt/on/demandware.store/Sites-AuchanPT-Site/pt_PT/Search-UpdateGrid?cgid=saude-e-bem-estar/acne/&prefn1=soldInStores&prefv1=000&start=1696&sz=212&next=true
2024-11-18 02:01:08,403 - logger - INFO - auchan.py:212 - get_and_parse_auchan_data - Successful GET request for URL: https://www.auchan.pt/on/demandware.store/Sites-AuchanPT-Site/pt_PT/Search-UpdateGrid?cgid=saude-e-bem-estar/acne/&prefn1=soldInStores&prefv1=000&start=1908&sz=212&next=true
2024-11-18 02:01:12,771 - logger - INFO - auchan.py:212 - get_and_parse_auchan_data - Successful GET request for URL: https://www.auchan.pt/on/demandware.store/Sites-AuchanPT-Site/pt_PT/Search-UpdateGrid?cgid=saude-e-bem-estar/acne/&prefn1=soldInStores&prefv1=000&start=2120&sz=212&next=true
2024-11-18 02:01:18,048 - logger - INFO - auchan.py:212 - get_and_parse_auchan_data - Successful GET request for URL: https://www.auchan.pt/on/demandware.store/Sites-AuchanPT-Site/pt_PT/Search-UpdateGrid?cgid=saude-e-bem-estar/acne/&prefn1=soldInStores&prefv1=000&start=2332&sz=212&next=true
2024-11-18 02:01:22,443 - logger - INFO - auchan.py:212 - get_and_parse_auchan_data - Successful GET request for URL: https://www.auchan.pt/on/demandware.store/Sites-AuchanPT-Site/pt_PT/Search-UpdateGrid?cgid=saude-e-bem-estar/acne/&prefn1=soldInStores&prefv1=000&start=2544&sz=212&next=true
2024-11-18 02:01:41,338 - logger - INFO - auchan.py:212 - get_and_parse_auchan_data - Successful GET request for URL: https://www.auchan.pt/on/demandware.store/Sites-AuchanPT-Site/pt_PT/Search-UpdateGrid?cgid=saude-e-bem-estar/acne/&prefn1=soldInStores&prefv1=000&start=2756&sz=212&next=true
2024-11-18 02:01:45,901 - logger - INFO - auchan.py:212 - get_and_parse_auchan_data - Successful GET request for URL: https://www.auchan.pt/on/demandware.store/Sites-AuchanPT-Site/pt_PT/Search-UpdateGrid?cgid=saude-e-bem-estar/acne/&prefn1=soldInStores&prefv1=000&start=2968&sz=212&next=true
2024-11-18 02:01:50,404 - logger - INFO - auchan.py:212 - get_and_parse_auchan_data - Successful GET request for URL: https://www.auchan.pt/on/demandware.store/Sites-AuchanPT-Site/pt_PT/Search-UpdateGrid?cgid=saude-e-bem-estar/acne/&prefn1=soldInStores&prefv1=000&start=3180&sz=212&next=true
2024-11-18 02:01:54,845 - logger - INFO - auchan.py:212 - get_and_parse_auchan_data - Successful GET request for URL: https://www.auchan.pt/on/demandware.store/Sites-AuchanPT-Site/pt_PT/Search-UpdateGrid?cgid=saude-e-bem-estar/acne/&prefn1=soldInStores&prefv1=000&start=3392&sz=212&next=true
2024-11-18 02:01:59,259 - logger - INFO - auchan.py:212 - get_and_parse_auchan_data - Successful GET request for URL: https://www.auchan.pt/on/demandware.store/Sites-AuchanPT-Site/pt_PT/Search-UpdateGrid?cgid=saude-e-bem-estar/acne/&prefn1=soldInStores&prefv1=000&start=3604&sz=212&next=true
2024-11-18 02:02:04,518 - logger - INFO - auchan.py:212 - get_and_parse_auchan_data - Successful GET request for URL: https://www.auchan.pt/on/demandware.store/Sites-AuchanPT-Site/pt_PT/Search-UpdateGrid?cgid=saude-e-bem-estar/acne/&prefn1=soldInStores&prefv1=000&start=3816&sz=212&next=true
2024-11-18 02:02:08,899 - logger - INFO - auchan.py:212 - get_and_parse_auchan_data - Successful GET request for URL: https://www.auchan.pt/on/demandware.store/Sites-AuchanPT-Site/pt_PT/Search-UpdateGrid?cgid=saude-e-bem-estar/acne/&prefn1=soldInStores&prefv1=000&start=4028&sz=212&next=true
2024-11-18 02:02:13,455 - logger - INFO - auchan.py:212 - get_and_parse_auchan_data - Successful GET request for URL: https://www.auchan.pt/on/demandware.store/Sites-AuchanPT-Site/pt_PT/Search-UpdateGrid?cgid=saude-e-bem-estar/acne/&prefn1=soldInStores&prefv1=000&start=4240&sz=212&next=true
2024-11-18 02:02:32,334 - logger - INFO - auchan.py:212 - get_and_parse_auchan_data - Successful GET request for URL: https://www.auchan.pt/on/demandware.store/Sites-AuchanPT-Site/pt_PT/Search-UpdateGrid?cgid=saude-e-bem-estar/acne/&prefn1=soldInStores&prefv1=000&start=4452&sz=212&next=true
2024-11-18 02:02:36,759 - logger - INFO - auchan.py:212 - get_and_parse_auchan_data - Successful GET request for URL: https://www.auchan.pt/on/demandware.store/Sites-AuchanPT-Site/pt_PT/Search-UpdateGrid?cgid=saude-e-bem-estar/acne/&prefn1=soldInStores&prefv1=000&start=4664&sz=212&next=true
2024-11-18 02:02:41,379 - logger - INFO - auchan.py:212 - get_and_parse_auchan_data - Successful GET request for URL: https://www.auchan.pt/on/demandware.store/Sites-AuchanPT-Site/pt_PT/Search-UpdateGrid?cgid=saude-e-bem-estar/acne/&prefn1=soldInStores&prefv1=000&start=4876&sz=212&next=true
2024-11-18 02:02:45,785 - logger - INFO - auchan.py:212 - get_and_parse_auchan_data - Successful GET request for URL: https://www.auchan.pt/on/demandware.store/Sites-AuchanPT-Site/pt_PT/Search-UpdateGrid?cgid=saude-e-bem-estar/acne/&prefn1=soldInStores&prefv1=000&start=5088&sz=212&next=true
2024-11-18 02:02:50,211 - logger - INFO - auchan.py:212 - get_and_parse_auchan_data - Successful GET request for URL: https://www.auchan.pt/on/demandware.store/Sites-AuchanPT-Site/pt_PT/Search-UpdateGrid?cgid=saude-e-bem-estar/acne/&prefn1=soldInStores&prefv1=000&start=5300&sz=212&next=true
2024-11-18 02:02:54,703 - logger - INFO - auchan.py:212 - get_and_parse_auchan_data - Successful GET request for URL: https://www.auchan.pt/on/demandware.store/Sites-AuchanPT-Site/pt_PT/Search-UpdateGrid?cgid=saude-e-bem-estar/acne/&prefn1=soldInStores&prefv1=000&start=5512&sz=212&next=true
2024-11-18 02:02:59,132 - logger - INFO - auchan.py:212 - get_and_parse_auchan_data - Successful GET request for URL: https://www.auchan.pt/on/demandware.store/Sites-AuchanPT-Site/pt_PT/Search-UpdateGrid?cgid=saude-e-bem-estar/acne/&prefn1=soldInStores&prefv1=000&start=5724&sz=212&next=true
2024-11-18 02:03:03,577 - logger - INFO - auchan.py:212 - get_and_parse_auchan_data - Successful GET request for URL: https://www.auchan.pt/on/demandware.store/Sites-AuchanPT-Site/pt_PT/Search-UpdateGrid?cgid=saude-e-bem-estar/acne/&prefn1=soldInStores&prefv1=000&start=5936&sz=212&next=true
2024-11-18 02:03:08,044 - logger - INFO - auchan.py:212 - get_and_parse_auchan_data - Successful GET request for URL: https://www.auchan.pt/on/demandware.store/Sites-AuchanPT-Site/pt_PT/Search-UpdateGrid?cgid=saude-e-bem-estar/acne/&prefn1=soldInStores&prefv1=000&start=6148&sz=212&next=true
2024-11-18 02:03:12,503 - logger - INFO - auchan.py:212 - get_and_parse_auchan_data - Successful GET request for URL: https://www.auchan.pt/on/demandware.store/Sites-AuchanPT-Site/pt_PT/Search-UpdateGrid?cgid=saude-e-bem-estar/acne/&prefn1=soldInStores&prefv1=000&start=6360&sz=212&next=true
2024-11-18 02:03:31,527 - logger - INFO - auchan.py:212 - get_and_parse_auchan_data - Successful GET request for URL: https://www.auchan.pt/on/demandware.store/Sites-AuchanPT-Site/pt_PT/Search-UpdateGrid?cgid=saude-e-bem-estar/acne/&prefn1=soldInStores&prefv1=000&start=6572&sz=212&next=true
2024-11-18 02:03:36,193 - logger - INFO - auchan.py:212 - get_and_parse_auchan_data - Successful GET request for URL: https://www.auchan.pt/on/demandware.store/Sites-AuchanPT-Site/pt_PT/Search-UpdateGrid?cgid=saude-e-bem-estar/acne/&prefn1=soldInStores&prefv1=000&start=6784&sz=212&next=true
2024-11-18 02:03:41,485 - logger - INFO - auchan.py:212 - get_and_parse_auchan_data - Successful GET request for URL: https://www.auchan.pt/on/demandware.store/Sites-AuchanPT-Site/pt_PT/Search-UpdateGrid?cgid=saude-e-bem-estar/acne/&prefn1=soldInStores&prefv1=000&start=6996&sz=212&next=true
2024-11-18 02:03:45,906 - logger - INFO - auchan.py:212 - get_and_parse_auchan_data - Successful GET request for URL: https://www.auchan.pt/on/demandware.store/Sites-AuchanPT-Site/pt_PT/Search-UpdateGrid?cgid=saude-e-bem-estar/acne/&prefn1=soldInStores&prefv1=000&start=7208&sz=212&next=true
2024-11-18 02:03:50,388 - logger - INFO - auchan.py:212 - get_and_parse_auchan_data - Successful GET request for URL: https://www.auchan.pt/on/demandware.store/Sites-AuchanPT-Site/pt_PT/Search-UpdateGrid?cgid=saude-e-bem-estar/acne/&prefn1=soldInStores&prefv1=000&start=7420&sz=212&next=true
2024-11-18 02:03:54,986 - logger - INFO - auchan.py:212 - get_and_parse_auchan_data - Successful GET request for URL: https://www.auchan.pt/on/demandware.store/Sites-AuchanPT-Site/pt_PT/Search-UpdateGrid?cgid=saude-e-bem-estar/acne/&prefn1=soldInStores&prefv1=000&start=7632&sz=212&next=true
2024-11-18 02:03:59,386 - logger - INFO - auchan.py:212 - get_and_parse_auchan_data - Successful GET request for URL: https://www.auchan.pt/on/demandware.store/Sites-AuchanPT-Site/pt_PT/Search-UpdateGrid?cgid=saude-e-bem-estar/acne/&prefn1=soldInStores&prefv1=000&start=7844&sz=212&next=true
2024-11-18 02:04:03,826 - logger - INFO - auchan.py:212 - get_and_parse_auchan_data - Successful GET request for URL: https://www.auchan.pt/on/demandware.store/Sites-AuchanPT-Site/pt_PT/Search-UpdateGrid?cgid=saude-e-bem-estar/acne/&prefn1=soldInStores&prefv1=000&start=8056&sz=212&next=true
2024-11-18 02:04:23,242 - logger - INFO - auchan.py:212 - get_and_parse_auchan_data - Successful GET request for URL: https://www.auchan.pt/on/demandware.store/Sites-AuchanPT-Site/pt_PT/Search-UpdateGrid?cgid=saude-e-bem-estar/acne/&prefn1=soldInStores&prefv1=000&start=8268&sz=212&next=true
2024-11-18 02:04:57,725 - logger - INFO - auchan.py:212 - get_and_parse_auchan_data - Successful GET request for URL: https://www.auchan.pt/on/demandware.store/Sites-AuchanPT-Site/pt_PT/Search-UpdateGrid?cgid=saude-e-bem-estar/acne/&prefn1=soldInStores&prefv1=000&start=8480&sz=212&next=true
2024-11-18 02:05:17,018 - logger - INFO - auchan.py:212 - get_and_parse_auchan_data - Successful GET request for URL: https://www.auchan.pt/on/demandware.store/Sites-AuchanPT-Site/pt_PT/Search-UpdateGrid?cgid=saude-e-bem-estar/acne/&prefn1=soldInStores&prefv1=000&start=8692&sz=212&next=true
2024-11-18 02:05:35,902 - logger - INFO - auchan.py:212 - get_and_parse_auchan_data - Successful GET request for URL: https://www.auchan.pt/on/demandware.store/Sites-AuchanPT-Site/pt_PT/Search-UpdateGrid?cgid=saude-e-bem-estar/acne/&prefn1=soldInStores&prefv1=000&start=8904&sz=212&next=true
2024-11-18 02:05:55,784 - logger - INFO - auchan.py:212 - get_and_parse_auchan_data - Successful GET request for URL: https://www.auchan.pt/on/demandware.store/Sites-AuchanPT-Site/pt_PT/Search-UpdateGrid?cgid=saude-e-bem-estar/acne/&prefn1=soldInStores&prefv1=000&start=9116&sz=212&next=true
2024-11-18 02:06:00,247 - logger - INFO - auchan.py:212 - get_and_parse_auchan_data - Successful GET request for URL: https://www.auchan.pt/on/demandware.store/Sites-AuchanPT-Site/pt_PT/Search-UpdateGrid?cgid=saude-e-bem-estar/acne/&prefn1=soldInStores&prefv1=000&start=9328&sz=212&next=true
2024-11-18 02:06:04,694 - logger - INFO - auchan.py:212 - get_and_parse_auchan_data - Successful GET request for URL: https://www.auchan.pt/on/demandware.store/Sites-AuchanPT-Site/pt_PT/Search-UpdateGrid?cgid=saude-e-bem-estar/acne/&prefn1=soldInStores&prefv1=000&start=9540&sz=212&next=true
2024-11-18 02:06:10,070 - logger - INFO - auchan.py:212 - get_and_parse_auchan_data - Successful GET request for URL: https://www.auchan.pt/on/demandware.store/Sites-AuchanPT-Site/pt_PT/Search-UpdateGrid?cgid=saude-e-bem-estar/acne/&prefn1=soldInStores&prefv1=000&start=9752&sz=212&next=true
2024-11-18 02:06:27,967 - logger - INFO - auchan.py:212 - get_and_parse_auchan_data - Successful GET request for URL: https://www.auchan.pt/on/demandware.store/Sites-AuchanPT-Site/pt_PT/Search-UpdateGrid?cgid=saude-e-bem-estar/acne/&prefn1=soldInStores&prefv1=000&start=9964&sz=212&next=true
2024-11-18 02:06:47,742 - logger - INFO - auchan.py:212 - get_and_parse_auchan_data - Successful GET request for URL: https://www.auchan.pt/on/demandware.store/Sites-AuchanPT-Site/pt_PT/Search-UpdateGrid?cgid=saude-e-bem-estar/acne/&prefn1=soldInStores&prefv1=000&start=10176&sz=212&next=true
2024-11-18 02:06:52,209 - logger - INFO - auchan.py:212 - get_and_parse_auchan_data - Successful GET request for URL: https://www.auchan.pt/on/demandware.store/Sites-AuchanPT-Site/pt_PT/Search-UpdateGrid?cgid=saude-e-bem-estar/acne/&prefn1=soldInStores&prefv1=000&start=10388&sz=212&next=true
2024-11-18 02:07:11,761 - logger - INFO - auchan.py:212 - get_and_parse_auchan_data - Successful GET request for URL: https://www.auchan.pt/on/demandware.store/Sites-AuchanPT-Site/pt_PT/Search-UpdateGrid?cgid=saude-e-bem-estar/acne/&prefn1=soldInStores&prefv1=000&start=10600&sz=212&next=true
2024-11-18 02:07:12,626 - logger - ERROR - auchan.py:216 - get_and_parse_auchan_data - Error fetching data for URL https://www.auchan.pt/on/demandware.store/Sites-AuchanPT-Site/pt_PT/Search-UpdateGrid?cgid=saude-e-bem-estar/acne/&prefn1=soldInStores&prefv1=000&start=10600&sz=212&next=true: 'NoneType' object is not subscriptable
2024-11-18 02:07:12,631 - logger - ERROR - auchan.py:292 - save_data_for_all_cgids - Error processing cgid saude-e-bem-estar/acne/: Cannot save file into a non-existent directory: 'data/raw/auchan/20241118/saude-e-bem-estar/acne'
Traceback (most recent call last):
  File "/home/runner/work/continente_price_tracking/continente_price_tracking/continente_price_tracker/src/auchan/auchan.py", line 287, in save_data_for_all_cgids
    final_data.to_csv(file_path, index=False)
  File "/opt/hostedtoolcache/Python/3.10.6/x64/lib/python3.10/site-packages/pandas/util/_decorators.py", line 333, in wrapper
    return func(*args, **kwargs)
  File "/opt/hostedtoolcache/Python/3.10.6/x64/lib/python3.10/site-packages/pandas/core/generic.py", line 3967, in to_csv
    return DataFrameRenderer(formatter).to_csv(
  File "/opt/hostedtoolcache/Python/3.10.6/x64/lib/python3.10/site-packages/pandas/io/formats/format.py", line 1014, in to_csv
    csv_formatter.save()
  File "/opt/hostedtoolcache/Python/3.10.6/x64/lib/python3.10/site-packages/pandas/io/formats/csvs.py", line 251, in save
    with get_handle(
  File "/opt/hostedtoolcache/Python/3.10.6/x64/lib/python3.10/site-packages/pandas/io/common.py", line 749, in get_handle
    check_parent_directory(str(handle))
  File "/opt/hostedtoolcache/Python/3.10.6/x64/lib/python3.10/site-packages/pandas/io/common.py", line 616, in check_parent_directory
    raise OSError(rf"Cannot save file into a non-existent directory: '{parent}'")
OSError: Cannot save file into a non-existent directory: 'data/raw/auchan/20241118/saude-e-bem-estar/acne'
2024-11-18 02:07:12,632 - logger - INFO - auchan.py:294 - save_data_for_all_cgids - Data fetch process completed
