2024-11-23 01:48:43,509 - logger - INFO - auchan.py:259 - save_data_for_all_cgids - Starting data fetch process for 6 cgids
2024-11-23 01:48:43,509 - logger - INFO - auchan.py:269 - save_data_for_all_cgids - Data will be saved in 'data/raw/auchan/20241123'
2024-11-23 01:48:43,509 - logger - INFO - auchan.py:273 - save_data_for_all_cgids - Processing cgid: alimentacao-
2024-11-23 01:48:44,978 - logger - INFO - auchan.py:212 - get_and_parse_auchan_data - Successful GET request for URL: https://www.auchan.pt/on/demandware.store/Sites-AuchanPT-Site/pt_PT/Search-UpdateGrid?cgid=alimentacao-&prefn1=soldInStores&prefv1=000&start=0&sz=212&next=true
2024-11-23 01:48:49,335 - logger - INFO - auchan.py:212 - get_and_parse_auchan_data - Successful GET request for URL: https://www.auchan.pt/on/demandware.store/Sites-AuchanPT-Site/pt_PT/Search-UpdateGrid?cgid=alimentacao-&prefn1=soldInStores&prefv1=000&start=212&sz=212&next=true
2024-11-23 01:48:54,084 - logger - INFO - auchan.py:212 - get_and_parse_auchan_data - Successful GET request for URL: https://www.auchan.pt/on/demandware.store/Sites-AuchanPT-Site/pt_PT/Search-UpdateGrid?cgid=alimentacao-&prefn1=soldInStores&prefv1=000&start=424&sz=212&next=true
2024-11-23 01:49:12,107 - logger - INFO - auchan.py:212 - get_and_parse_auchan_data - Successful GET request for URL: https://www.auchan.pt/on/demandware.store/Sites-AuchanPT-Site/pt_PT/Search-UpdateGrid?cgid=alimentacao-&prefn1=soldInStores&prefv1=000&start=636&sz=212&next=true
2024-11-23 01:49:23,762 - logger - INFO - auchan.py:212 - get_and_parse_auchan_data - Successful GET request for URL: https://www.auchan.pt/on/demandware.store/Sites-AuchanPT-Site/pt_PT/Search-UpdateGrid?cgid=alimentacao-&prefn1=soldInStores&prefv1=000&start=848&sz=212&next=true
2024-11-23 01:49:43,666 - logger - INFO - auchan.py:212 - get_and_parse_auchan_data - Successful GET request for URL: https://www.auchan.pt/on/demandware.store/Sites-AuchanPT-Site/pt_PT/Search-UpdateGrid?cgid=alimentacao-&prefn1=soldInStores&prefv1=000&start=1060&sz=212&next=true
2024-11-23 01:50:01,817 - logger - INFO - auchan.py:212 - get_and_parse_auchan_data - Successful GET request for URL: https://www.auchan.pt/on/demandware.store/Sites-AuchanPT-Site/pt_PT/Search-UpdateGrid?cgid=alimentacao-&prefn1=soldInStores&prefv1=000&start=1272&sz=212&next=true
2024-11-23 01:50:18,917 - logger - INFO - auchan.py:212 - get_and_parse_auchan_data - Successful GET request for URL: https://www.auchan.pt/on/demandware.store/Sites-AuchanPT-Site/pt_PT/Search-UpdateGrid?cgid=alimentacao-&prefn1=soldInStores&prefv1=000&start=1484&sz=212&next=true
2024-11-23 01:50:37,000 - logger - INFO - auchan.py:212 - get_and_parse_auchan_data - Successful GET request for URL: https://www.auchan.pt/on/demandware.store/Sites-AuchanPT-Site/pt_PT/Search-UpdateGrid?cgid=alimentacao-&prefn1=soldInStores&prefv1=000&start=1696&sz=212&next=true
2024-11-23 01:50:52,444 - logger - INFO - auchan.py:212 - get_and_parse_auchan_data - Successful GET request for URL: https://www.auchan.pt/on/demandware.store/Sites-AuchanPT-Site/pt_PT/Search-UpdateGrid?cgid=alimentacao-&prefn1=soldInStores&prefv1=000&start=1908&sz=212&next=true
2024-11-23 01:51:04,317 - logger - INFO - auchan.py:212 - get_and_parse_auchan_data - Successful GET request for URL: https://www.auchan.pt/on/demandware.store/Sites-AuchanPT-Site/pt_PT/Search-UpdateGrid?cgid=alimentacao-&prefn1=soldInStores&prefv1=000&start=2120&sz=212&next=true
2024-11-23 01:51:13,421 - logger - INFO - auchan.py:212 - get_and_parse_auchan_data - Successful GET request for URL: https://www.auchan.pt/on/demandware.store/Sites-AuchanPT-Site/pt_PT/Search-UpdateGrid?cgid=alimentacao-&prefn1=soldInStores&prefv1=000&start=2332&sz=212&next=true
2024-11-23 01:51:25,440 - logger - INFO - auchan.py:212 - get_and_parse_auchan_data - Successful GET request for URL: https://www.auchan.pt/on/demandware.store/Sites-AuchanPT-Site/pt_PT/Search-UpdateGrid?cgid=alimentacao-&prefn1=soldInStores&prefv1=000&start=2544&sz=212&next=true
2024-11-23 01:51:38,265 - logger - INFO - auchan.py:212 - get_and_parse_auchan_data - Successful GET request for URL: https://www.auchan.pt/on/demandware.store/Sites-AuchanPT-Site/pt_PT/Search-UpdateGrid?cgid=alimentacao-&prefn1=soldInStores&prefv1=000&start=2756&sz=212&next=true
2024-11-23 01:51:51,481 - logger - INFO - auchan.py:212 - get_and_parse_auchan_data - Successful GET request for URL: https://www.auchan.pt/on/demandware.store/Sites-AuchanPT-Site/pt_PT/Search-UpdateGrid?cgid=alimentacao-&prefn1=soldInStores&prefv1=000&start=2968&sz=212&next=true
2024-11-23 01:52:05,588 - logger - INFO - auchan.py:212 - get_and_parse_auchan_data - Successful GET request for URL: https://www.auchan.pt/on/demandware.store/Sites-AuchanPT-Site/pt_PT/Search-UpdateGrid?cgid=alimentacao-&prefn1=soldInStores&prefv1=000&start=3180&sz=212&next=true
2024-11-23 01:52:19,718 - logger - INFO - auchan.py:212 - get_and_parse_auchan_data - Successful GET request for URL: https://www.auchan.pt/on/demandware.store/Sites-AuchanPT-Site/pt_PT/Search-UpdateGrid?cgid=alimentacao-&prefn1=soldInStores&prefv1=000&start=3392&sz=212&next=true
2024-11-23 01:52:35,611 - logger - INFO - auchan.py:212 - get_and_parse_auchan_data - Successful GET request for URL: https://www.auchan.pt/on/demandware.store/Sites-AuchanPT-Site/pt_PT/Search-UpdateGrid?cgid=alimentacao-&prefn1=soldInStores&prefv1=000&start=3604&sz=212&next=true
2024-11-23 01:52:51,267 - logger - INFO - auchan.py:212 - get_and_parse_auchan_data - Successful GET request for URL: https://www.auchan.pt/on/demandware.store/Sites-AuchanPT-Site/pt_PT/Search-UpdateGrid?cgid=alimentacao-&prefn1=soldInStores&prefv1=000&start=3816&sz=212&next=true
2024-11-23 01:53:04,643 - logger - INFO - auchan.py:212 - get_and_parse_auchan_data - Successful GET request for URL: https://www.auchan.pt/on/demandware.store/Sites-AuchanPT-Site/pt_PT/Search-UpdateGrid?cgid=alimentacao-&prefn1=soldInStores&prefv1=000&start=4028&sz=212&next=true
2024-11-23 01:53:23,344 - logger - INFO - auchan.py:212 - get_and_parse_auchan_data - Successful GET request for URL: https://www.auchan.pt/on/demandware.store/Sites-AuchanPT-Site/pt_PT/Search-UpdateGrid?cgid=alimentacao-&prefn1=soldInStores&prefv1=000&start=4240&sz=212&next=true
2024-11-23 01:53:37,406 - logger - INFO - auchan.py:212 - get_and_parse_auchan_data - Successful GET request for URL: https://www.auchan.pt/on/demandware.store/Sites-AuchanPT-Site/pt_PT/Search-UpdateGrid?cgid=alimentacao-&prefn1=soldInStores&prefv1=000&start=4452&sz=212&next=true
2024-11-23 01:53:54,583 - logger - INFO - auchan.py:212 - get_and_parse_auchan_data - Successful GET request for URL: https://www.auchan.pt/on/demandware.store/Sites-AuchanPT-Site/pt_PT/Search-UpdateGrid?cgid=alimentacao-&prefn1=soldInStores&prefv1=000&start=4664&sz=212&next=true
2024-11-23 01:54:12,152 - logger - INFO - auchan.py:212 - get_and_parse_auchan_data - Successful GET request for URL: https://www.auchan.pt/on/demandware.store/Sites-AuchanPT-Site/pt_PT/Search-UpdateGrid?cgid=alimentacao-&prefn1=soldInStores&prefv1=000&start=4876&sz=212&next=true
2024-11-23 01:54:30,866 - logger - INFO - auchan.py:212 - get_and_parse_auchan_data - Successful GET request for URL: https://www.auchan.pt/on/demandware.store/Sites-AuchanPT-Site/pt_PT/Search-UpdateGrid?cgid=alimentacao-&prefn1=soldInStores&prefv1=000&start=5088&sz=212&next=true
2024-11-23 01:54:44,662 - logger - INFO - auchan.py:212 - get_and_parse_auchan_data - Successful GET request for URL: https://www.auchan.pt/on/demandware.store/Sites-AuchanPT-Site/pt_PT/Search-UpdateGrid?cgid=alimentacao-&prefn1=soldInStores&prefv1=000&start=5300&sz=212&next=true
2024-11-23 01:54:55,863 - logger - INFO - auchan.py:212 - get_and_parse_auchan_data - Successful GET request for URL: https://www.auchan.pt/on/demandware.store/Sites-AuchanPT-Site/pt_PT/Search-UpdateGrid?cgid=alimentacao-&prefn1=soldInStores&prefv1=000&start=5512&sz=212&next=true
2024-11-23 01:55:12,089 - logger - INFO - auchan.py:212 - get_and_parse_auchan_data - Successful GET request for URL: https://www.auchan.pt/on/demandware.store/Sites-AuchanPT-Site/pt_PT/Search-UpdateGrid?cgid=alimentacao-&prefn1=soldInStores&prefv1=000&start=5724&sz=212&next=true
2024-11-23 01:55:24,908 - logger - INFO - auchan.py:212 - get_and_parse_auchan_data - Successful GET request for URL: https://www.auchan.pt/on/demandware.store/Sites-AuchanPT-Site/pt_PT/Search-UpdateGrid?cgid=alimentacao-&prefn1=soldInStores&prefv1=000&start=5936&sz=212&next=true
2024-11-23 01:55:42,782 - logger - INFO - auchan.py:212 - get_and_parse_auchan_data - Successful GET request for URL: https://www.auchan.pt/on/demandware.store/Sites-AuchanPT-Site/pt_PT/Search-UpdateGrid?cgid=alimentacao-&prefn1=soldInStores&prefv1=000&start=6148&sz=212&next=true
2024-11-23 01:55:58,070 - logger - INFO - auchan.py:212 - get_and_parse_auchan_data - Successful GET request for URL: https://www.auchan.pt/on/demandware.store/Sites-AuchanPT-Site/pt_PT/Search-UpdateGrid?cgid=alimentacao-&prefn1=soldInStores&prefv1=000&start=6360&sz=212&next=true
2024-11-23 01:56:12,124 - logger - INFO - auchan.py:212 - get_and_parse_auchan_data - Successful GET request for URL: https://www.auchan.pt/on/demandware.store/Sites-AuchanPT-Site/pt_PT/Search-UpdateGrid?cgid=alimentacao-&prefn1=soldInStores&prefv1=000&start=6572&sz=212&next=true
2024-11-23 01:56:27,899 - logger - INFO - auchan.py:212 - get_and_parse_auchan_data - Successful GET request for URL: https://www.auchan.pt/on/demandware.store/Sites-AuchanPT-Site/pt_PT/Search-UpdateGrid?cgid=alimentacao-&prefn1=soldInStores&prefv1=000&start=6784&sz=212&next=true
2024-11-23 01:56:45,893 - logger - INFO - auchan.py:212 - get_and_parse_auchan_data - Successful GET request for URL: https://www.auchan.pt/on/demandware.store/Sites-AuchanPT-Site/pt_PT/Search-UpdateGrid?cgid=alimentacao-&prefn1=soldInStores&prefv1=000&start=6996&sz=212&next=true
2024-11-23 01:56:59,556 - logger - INFO - auchan.py:212 - get_and_parse_auchan_data - Successful GET request for URL: https://www.auchan.pt/on/demandware.store/Sites-AuchanPT-Site/pt_PT/Search-UpdateGrid?cgid=alimentacao-&prefn1=soldInStores&prefv1=000&start=7208&sz=212&next=true
2024-11-23 01:57:11,231 - logger - INFO - auchan.py:212 - get_and_parse_auchan_data - Successful GET request for URL: https://www.auchan.pt/on/demandware.store/Sites-AuchanPT-Site/pt_PT/Search-UpdateGrid?cgid=alimentacao-&prefn1=soldInStores&prefv1=000&start=7420&sz=212&next=true
2024-11-23 01:57:27,415 - logger - INFO - auchan.py:212 - get_and_parse_auchan_data - Successful GET request for URL: https://www.auchan.pt/on/demandware.store/Sites-AuchanPT-Site/pt_PT/Search-UpdateGrid?cgid=alimentacao-&prefn1=soldInStores&prefv1=000&start=7632&sz=212&next=true
2024-11-23 01:57:44,983 - logger - INFO - auchan.py:212 - get_and_parse_auchan_data - Successful GET request for URL: https://www.auchan.pt/on/demandware.store/Sites-AuchanPT-Site/pt_PT/Search-UpdateGrid?cgid=alimentacao-&prefn1=soldInStores&prefv1=000&start=7844&sz=212&next=true
2024-11-23 01:57:45,916 - logger - ERROR - auchan.py:216 - get_and_parse_auchan_data - Error fetching data for URL https://www.auchan.pt/on/demandware.store/Sites-AuchanPT-Site/pt_PT/Search-UpdateGrid?cgid=alimentacao-&prefn1=soldInStores&prefv1=000&start=7844&sz=212&next=true: 'NoneType' object is not subscriptable
2024-11-23 01:57:46,095 - logger - INFO - auchan.py:288 - save_data_for_all_cgids - Data for alimentacao- saved to data/raw/auchan/20241123/alimentacao-_20241123.csv
2024-11-23 01:57:46,095 - logger - INFO - auchan.py:273 - save_data_for_all_cgids - Processing cgid: biologico-e-escolhas-alimentares
2024-11-23 01:58:00,160 - logger - INFO - auchan.py:212 - get_and_parse_auchan_data - Successful GET request for URL: https://www.auchan.pt/on/demandware.store/Sites-AuchanPT-Site/pt_PT/Search-UpdateGrid?cgid=biologico-e-escolhas-alimentares&prefn1=soldInStores&prefv1=000&start=0&sz=212&next=true
2024-11-23 01:58:18,124 - logger - INFO - auchan.py:212 - get_and_parse_auchan_data - Successful GET request for URL: https://www.auchan.pt/on/demandware.store/Sites-AuchanPT-Site/pt_PT/Search-UpdateGrid?cgid=biologico-e-escolhas-alimentares&prefn1=soldInStores&prefv1=000&start=212&sz=212&next=true
2024-11-23 01:58:38,736 - logger - INFO - auchan.py:212 - get_and_parse_auchan_data - Successful GET request for URL: https://www.auchan.pt/on/demandware.store/Sites-AuchanPT-Site/pt_PT/Search-UpdateGrid?cgid=biologico-e-escolhas-alimentares&prefn1=soldInStores&prefv1=000&start=424&sz=212&next=true
2024-11-23 01:58:57,404 - logger - INFO - auchan.py:212 - get_and_parse_auchan_data - Successful GET request for URL: https://www.auchan.pt/on/demandware.store/Sites-AuchanPT-Site/pt_PT/Search-UpdateGrid?cgid=biologico-e-escolhas-alimentares&prefn1=soldInStores&prefv1=000&start=636&sz=212&next=true
2024-11-23 01:59:15,558 - logger - INFO - auchan.py:212 - get_and_parse_auchan_data - Successful GET request for URL: https://www.auchan.pt/on/demandware.store/Sites-AuchanPT-Site/pt_PT/Search-UpdateGrid?cgid=biologico-e-escolhas-alimentares&prefn1=soldInStores&prefv1=000&start=848&sz=212&next=true
2024-11-23 01:59:34,341 - logger - INFO - auchan.py:212 - get_and_parse_auchan_data - Successful GET request for URL: https://www.auchan.pt/on/demandware.store/Sites-AuchanPT-Site/pt_PT/Search-UpdateGrid?cgid=biologico-e-escolhas-alimentares&prefn1=soldInStores&prefv1=000&start=1060&sz=212&next=true
2024-11-23 01:59:52,230 - logger - INFO - auchan.py:212 - get_and_parse_auchan_data - Successful GET request for URL: https://www.auchan.pt/on/demandware.store/Sites-AuchanPT-Site/pt_PT/Search-UpdateGrid?cgid=biologico-e-escolhas-alimentares&prefn1=soldInStores&prefv1=000&start=1272&sz=212&next=true
2024-11-23 02:00:09,620 - logger - INFO - auchan.py:212 - get_and_parse_auchan_data - Successful GET request for URL: https://www.auchan.pt/on/demandware.store/Sites-AuchanPT-Site/pt_PT/Search-UpdateGrid?cgid=biologico-e-escolhas-alimentares&prefn1=soldInStores&prefv1=000&start=1484&sz=212&next=true
2024-11-23 02:00:29,520 - logger - INFO - auchan.py:212 - get_and_parse_auchan_data - Successful GET request for URL: https://www.auchan.pt/on/demandware.store/Sites-AuchanPT-Site/pt_PT/Search-UpdateGrid?cgid=biologico-e-escolhas-alimentares&prefn1=soldInStores&prefv1=000&start=1696&sz=212&next=true
2024-11-23 02:00:48,697 - logger - INFO - auchan.py:212 - get_and_parse_auchan_data - Successful GET request for URL: https://www.auchan.pt/on/demandware.store/Sites-AuchanPT-Site/pt_PT/Search-UpdateGrid?cgid=biologico-e-escolhas-alimentares&prefn1=soldInStores&prefv1=000&start=1908&sz=212&next=true
2024-11-23 02:00:59,120 - logger - INFO - auchan.py:212 - get_and_parse_auchan_data - Successful GET request for URL: https://www.auchan.pt/on/demandware.store/Sites-AuchanPT-Site/pt_PT/Search-UpdateGrid?cgid=biologico-e-escolhas-alimentares&prefn1=soldInStores&prefv1=000&start=2120&sz=212&next=true
2024-11-23 02:01:02,679 - logger - INFO - auchan.py:288 - save_data_for_all_cgids - Data for biologico-e-escolhas-alimentares saved to data/raw/auchan/20241123/biologico-e-escolhas-alimentares_20241123.csv
2024-11-23 02:01:02,679 - logger - INFO - auchan.py:273 - save_data_for_all_cgids - Processing cgid: limpeza-da-casa-e-roupa
2024-11-23 02:01:03,029 - logger - INFO - auchan.py:212 - get_and_parse_auchan_data - Successful GET request for URL: https://www.auchan.pt/on/demandware.store/Sites-AuchanPT-Site/pt_PT/Search-UpdateGrid?cgid=limpeza-da-casa-e-roupa&prefn1=soldInStores&prefv1=000&start=0&sz=212&next=true
2024-11-23 02:01:07,341 - logger - INFO - auchan.py:212 - get_and_parse_auchan_data - Successful GET request for URL: https://www.auchan.pt/on/demandware.store/Sites-AuchanPT-Site/pt_PT/Search-UpdateGrid?cgid=limpeza-da-casa-e-roupa&prefn1=soldInStores&prefv1=000&start=212&sz=212&next=true
2024-11-23 02:01:11,758 - logger - INFO - auchan.py:212 - get_and_parse_auchan_data - Successful GET request for URL: https://www.auchan.pt/on/demandware.store/Sites-AuchanPT-Site/pt_PT/Search-UpdateGrid?cgid=limpeza-da-casa-e-roupa&prefn1=soldInStores&prefv1=000&start=424&sz=212&next=true
2024-11-23 02:01:17,277 - logger - INFO - auchan.py:212 - get_and_parse_auchan_data - Successful GET request for URL: https://www.auchan.pt/on/demandware.store/Sites-AuchanPT-Site/pt_PT/Search-UpdateGrid?cgid=limpeza-da-casa-e-roupa&prefn1=soldInStores&prefv1=000&start=636&sz=212&next=true
2024-11-23 02:01:21,803 - logger - INFO - auchan.py:212 - get_and_parse_auchan_data - Successful GET request for URL: https://www.auchan.pt/on/demandware.store/Sites-AuchanPT-Site/pt_PT/Search-UpdateGrid?cgid=limpeza-da-casa-e-roupa&prefn1=soldInStores&prefv1=000&start=848&sz=212&next=true
2024-11-23 02:01:26,392 - logger - INFO - auchan.py:212 - get_and_parse_auchan_data - Successful GET request for URL: https://www.auchan.pt/on/demandware.store/Sites-AuchanPT-Site/pt_PT/Search-UpdateGrid?cgid=limpeza-da-casa-e-roupa&prefn1=soldInStores&prefv1=000&start=1060&sz=212&next=true
2024-11-23 02:01:30,823 - logger - INFO - auchan.py:212 - get_and_parse_auchan_data - Successful GET request for URL: https://www.auchan.pt/on/demandware.store/Sites-AuchanPT-Site/pt_PT/Search-UpdateGrid?cgid=limpeza-da-casa-e-roupa&prefn1=soldInStores&prefv1=000&start=1272&sz=212&next=true
2024-11-23 02:01:46,342 - logger - INFO - auchan.py:212 - get_and_parse_auchan_data - Successful GET request for URL: https://www.auchan.pt/on/demandware.store/Sites-AuchanPT-Site/pt_PT/Search-UpdateGrid?cgid=limpeza-da-casa-e-roupa&prefn1=soldInStores&prefv1=000&start=1484&sz=212&next=true
2024-11-23 02:02:05,583 - logger - INFO - auchan.py:212 - get_and_parse_auchan_data - Successful GET request for URL: https://www.auchan.pt/on/demandware.store/Sites-AuchanPT-Site/pt_PT/Search-UpdateGrid?cgid=limpeza-da-casa-e-roupa&prefn1=soldInStores&prefv1=000&start=1696&sz=212&next=true
2024-11-23 02:02:06,412 - logger - ERROR - auchan.py:216 - get_and_parse_auchan_data - Error fetching data for URL https://www.auchan.pt/on/demandware.store/Sites-AuchanPT-Site/pt_PT/Search-UpdateGrid?cgid=limpeza-da-casa-e-roupa&prefn1=soldInStores&prefv1=000&start=1696&sz=212&next=true: 'NoneType' object is not subscriptable
2024-11-23 02:02:06,455 - logger - INFO - auchan.py:288 - save_data_for_all_cgids - Data for limpeza-da-casa-e-roupa saved to data/raw/auchan/20241123/limpeza-da-casa-e-roupa_20241123.csv
2024-11-23 02:02:06,455 - logger - INFO - auchan.py:273 - save_data_for_all_cgids - Processing cgid: bebidas-e-garrafeira
2024-11-23 02:02:16,091 - logger - INFO - auchan.py:212 - get_and_parse_auchan_data - Successful GET request for URL: https://www.auchan.pt/on/demandware.store/Sites-AuchanPT-Site/pt_PT/Search-UpdateGrid?cgid=bebidas-e-garrafeira&prefn1=soldInStores&prefv1=000&start=0&sz=212&next=true
2024-11-23 02:02:33,878 - logger - INFO - auchan.py:212 - get_and_parse_auchan_data - Successful GET request for URL: https://www.auchan.pt/on/demandware.store/Sites-AuchanPT-Site/pt_PT/Search-UpdateGrid?cgid=bebidas-e-garrafeira&prefn1=soldInStores&prefv1=000&start=212&sz=212&next=true
2024-11-23 02:02:49,618 - logger - INFO - auchan.py:212 - get_and_parse_auchan_data - Successful GET request for URL: https://www.auchan.pt/on/demandware.store/Sites-AuchanPT-Site/pt_PT/Search-UpdateGrid?cgid=bebidas-e-garrafeira&prefn1=soldInStores&prefv1=000&start=424&sz=212&next=true
2024-11-23 02:03:16,454 - logger - INFO - auchan.py:212 - get_and_parse_auchan_data - Successful GET request for URL: https://www.auchan.pt/on/demandware.store/Sites-AuchanPT-Site/pt_PT/Search-UpdateGrid?cgid=bebidas-e-garrafeira&prefn1=soldInStores&prefv1=000&start=636&sz=212&next=true
2024-11-23 02:03:31,472 - logger - INFO - auchan.py:212 - get_and_parse_auchan_data - Successful GET request for URL: https://www.auchan.pt/on/demandware.store/Sites-AuchanPT-Site/pt_PT/Search-UpdateGrid?cgid=bebidas-e-garrafeira&prefn1=soldInStores&prefv1=000&start=848&sz=212&next=true
2024-11-23 02:03:48,274 - logger - INFO - auchan.py:212 - get_and_parse_auchan_data - Successful GET request for URL: https://www.auchan.pt/on/demandware.store/Sites-AuchanPT-Site/pt_PT/Search-UpdateGrid?cgid=bebidas-e-garrafeira&prefn1=soldInStores&prefv1=000&start=1060&sz=212&next=true
2024-11-23 02:04:03,344 - logger - INFO - auchan.py:212 - get_and_parse_auchan_data - Successful GET request for URL: https://www.auchan.pt/on/demandware.store/Sites-AuchanPT-Site/pt_PT/Search-UpdateGrid?cgid=bebidas-e-garrafeira&prefn1=soldInStores&prefv1=000&start=1272&sz=212&next=true
2024-11-23 02:04:20,439 - logger - INFO - auchan.py:212 - get_and_parse_auchan_data - Successful GET request for URL: https://www.auchan.pt/on/demandware.store/Sites-AuchanPT-Site/pt_PT/Search-UpdateGrid?cgid=bebidas-e-garrafeira&prefn1=soldInStores&prefv1=000&start=1484&sz=212&next=true
2024-11-23 02:04:31,163 - logger - INFO - auchan.py:212 - get_and_parse_auchan_data - Successful GET request for URL: https://www.auchan.pt/on/demandware.store/Sites-AuchanPT-Site/pt_PT/Search-UpdateGrid?cgid=bebidas-e-garrafeira&prefn1=soldInStores&prefv1=000&start=1696&sz=212&next=true
2024-11-23 02:04:45,106 - logger - INFO - auchan.py:212 - get_and_parse_auchan_data - Successful GET request for URL: https://www.auchan.pt/on/demandware.store/Sites-AuchanPT-Site/pt_PT/Search-UpdateGrid?cgid=bebidas-e-garrafeira&prefn1=soldInStores&prefv1=000&start=1908&sz=212&next=true
2024-11-23 02:05:01,256 - logger - INFO - auchan.py:212 - get_and_parse_auchan_data - Successful GET request for URL: https://www.auchan.pt/on/demandware.store/Sites-AuchanPT-Site/pt_PT/Search-UpdateGrid?cgid=bebidas-e-garrafeira&prefn1=soldInStores&prefv1=000&start=2120&sz=212&next=true
2024-11-23 02:05:18,104 - logger - INFO - auchan.py:212 - get_and_parse_auchan_data - Successful GET request for URL: https://www.auchan.pt/on/demandware.store/Sites-AuchanPT-Site/pt_PT/Search-UpdateGrid?cgid=bebidas-e-garrafeira&prefn1=soldInStores&prefv1=000&start=2332&sz=212&next=true
2024-11-23 02:05:35,685 - logger - INFO - auchan.py:212 - get_and_parse_auchan_data - Successful GET request for URL: https://www.auchan.pt/on/demandware.store/Sites-AuchanPT-Site/pt_PT/Search-UpdateGrid?cgid=bebidas-e-garrafeira&prefn1=soldInStores&prefv1=000&start=2544&sz=212&next=true
2024-11-23 02:05:53,989 - logger - INFO - auchan.py:212 - get_and_parse_auchan_data - Successful GET request for URL: https://www.auchan.pt/on/demandware.store/Sites-AuchanPT-Site/pt_PT/Search-UpdateGrid?cgid=bebidas-e-garrafeira&prefn1=soldInStores&prefv1=000&start=2756&sz=212&next=true
2024-11-23 02:06:12,220 - logger - INFO - auchan.py:212 - get_and_parse_auchan_data - Successful GET request for URL: https://www.auchan.pt/on/demandware.store/Sites-AuchanPT-Site/pt_PT/Search-UpdateGrid?cgid=bebidas-e-garrafeira&prefn1=soldInStores&prefv1=000&start=2968&sz=212&next=true
2024-11-23 02:06:13,213 - logger - ERROR - auchan.py:216 - get_and_parse_auchan_data - Error fetching data for URL https://www.auchan.pt/on/demandware.store/Sites-AuchanPT-Site/pt_PT/Search-UpdateGrid?cgid=bebidas-e-garrafeira&prefn1=soldInStores&prefv1=000&start=2968&sz=212&next=true: 'NoneType' object is not subscriptable
2024-11-23 02:06:13,297 - logger - INFO - auchan.py:288 - save_data_for_all_cgids - Data for bebidas-e-garrafeira saved to data/raw/auchan/20241123/bebidas-e-garrafeira_20241123.csv
2024-11-23 02:06:13,298 - logger - INFO - auchan.py:273 - save_data_for_all_cgids - Processing cgid: marcas-auchan
2024-11-23 02:06:13,680 - logger - INFO - auchan.py:212 - get_and_parse_auchan_data - Successful GET request for URL: https://www.auchan.pt/on/demandware.store/Sites-AuchanPT-Site/pt_PT/Search-UpdateGrid?cgid=marcas-auchan&prefn1=soldInStores&prefv1=000&start=0&sz=212&next=true
2024-11-23 02:06:18,125 - logger - INFO - auchan.py:212 - get_and_parse_auchan_data - Successful GET request for URL: https://www.auchan.pt/on/demandware.store/Sites-AuchanPT-Site/pt_PT/Search-UpdateGrid?cgid=marcas-auchan&prefn1=soldInStores&prefv1=000&start=212&sz=212&next=true
2024-11-23 02:06:22,496 - logger - INFO - auchan.py:212 - get_and_parse_auchan_data - Successful GET request for URL: https://www.auchan.pt/on/demandware.store/Sites-AuchanPT-Site/pt_PT/Search-UpdateGrid?cgid=marcas-auchan&prefn1=soldInStores&prefv1=000&start=424&sz=212&next=true
2024-11-23 02:06:26,857 - logger - INFO - auchan.py:212 - get_and_parse_auchan_data - Successful GET request for URL: https://www.auchan.pt/on/demandware.store/Sites-AuchanPT-Site/pt_PT/Search-UpdateGrid?cgid=marcas-auchan&prefn1=soldInStores&prefv1=000&start=636&sz=212&next=true
2024-11-23 02:06:31,234 - logger - INFO - auchan.py:212 - get_and_parse_auchan_data - Successful GET request for URL: https://www.auchan.pt/on/demandware.store/Sites-AuchanPT-Site/pt_PT/Search-UpdateGrid?cgid=marcas-auchan&prefn1=soldInStores&prefv1=000&start=848&sz=212&next=true
2024-11-23 02:06:39,418 - logger - INFO - auchan.py:212 - get_and_parse_auchan_data - Successful GET request for URL: https://www.auchan.pt/on/demandware.store/Sites-AuchanPT-Site/pt_PT/Search-UpdateGrid?cgid=marcas-auchan&prefn1=soldInStores&prefv1=000&start=1060&sz=212&next=true
2024-11-23 02:07:00,019 - logger - INFO - auchan.py:212 - get_and_parse_auchan_data - Successful GET request for URL: https://www.auchan.pt/on/demandware.store/Sites-AuchanPT-Site/pt_PT/Search-UpdateGrid?cgid=marcas-auchan&prefn1=soldInStores&prefv1=000&start=1272&sz=212&next=true
2024-11-23 02:07:17,137 - logger - INFO - auchan.py:212 - get_and_parse_auchan_data - Successful GET request for URL: https://www.auchan.pt/on/demandware.store/Sites-AuchanPT-Site/pt_PT/Search-UpdateGrid?cgid=marcas-auchan&prefn1=soldInStores&prefv1=000&start=1484&sz=212&next=true
2024-11-23 02:07:34,821 - logger - INFO - auchan.py:212 - get_and_parse_auchan_data - Successful GET request for URL: https://www.auchan.pt/on/demandware.store/Sites-AuchanPT-Site/pt_PT/Search-UpdateGrid?cgid=marcas-auchan&prefn1=soldInStores&prefv1=000&start=1696&sz=212&next=true
2024-11-23 02:08:02,546 - logger - INFO - auchan.py:212 - get_and_parse_auchan_data - Successful GET request for URL: https://www.auchan.pt/on/demandware.store/Sites-AuchanPT-Site/pt_PT/Search-UpdateGrid?cgid=marcas-auchan&prefn1=soldInStores&prefv1=000&start=1908&sz=212&next=true
2024-11-23 02:08:29,474 - logger - INFO - auchan.py:212 - get_and_parse_auchan_data - Successful GET request for URL: https://www.auchan.pt/on/demandware.store/Sites-AuchanPT-Site/pt_PT/Search-UpdateGrid?cgid=marcas-auchan&prefn1=soldInStores&prefv1=000&start=2120&sz=212&next=true
2024-11-23 02:08:46,985 - logger - INFO - auchan.py:212 - get_and_parse_auchan_data - Successful GET request for URL: https://www.auchan.pt/on/demandware.store/Sites-AuchanPT-Site/pt_PT/Search-UpdateGrid?cgid=marcas-auchan&prefn1=soldInStores&prefv1=000&start=2332&sz=212&next=true
2024-11-23 02:09:04,770 - logger - INFO - auchan.py:212 - get_and_parse_auchan_data - Successful GET request for URL: https://www.auchan.pt/on/demandware.store/Sites-AuchanPT-Site/pt_PT/Search-UpdateGrid?cgid=marcas-auchan&prefn1=soldInStores&prefv1=000&start=2544&sz=212&next=true
2024-11-23 02:09:22,548 - logger - INFO - auchan.py:212 - get_and_parse_auchan_data - Successful GET request for URL: https://www.auchan.pt/on/demandware.store/Sites-AuchanPT-Site/pt_PT/Search-UpdateGrid?cgid=marcas-auchan&prefn1=soldInStores&prefv1=000&start=2756&sz=212&next=true
2024-11-23 02:09:40,307 - logger - INFO - auchan.py:212 - get_and_parse_auchan_data - Successful GET request for URL: https://www.auchan.pt/on/demandware.store/Sites-AuchanPT-Site/pt_PT/Search-UpdateGrid?cgid=marcas-auchan&prefn1=soldInStores&prefv1=000&start=2968&sz=212&next=true
2024-11-23 02:09:58,057 - logger - INFO - auchan.py:212 - get_and_parse_auchan_data - Successful GET request for URL: https://www.auchan.pt/on/demandware.store/Sites-AuchanPT-Site/pt_PT/Search-UpdateGrid?cgid=marcas-auchan&prefn1=soldInStores&prefv1=000&start=3180&sz=212&next=true
2024-11-23 02:10:15,407 - logger - INFO - auchan.py:212 - get_and_parse_auchan_data - Successful GET request for URL: https://www.auchan.pt/on/demandware.store/Sites-AuchanPT-Site/pt_PT/Search-UpdateGrid?cgid=marcas-auchan&prefn1=soldInStores&prefv1=000&start=3392&sz=212&next=true
2024-11-23 02:10:32,458 - logger - INFO - auchan.py:212 - get_and_parse_auchan_data - Successful GET request for URL: https://www.auchan.pt/on/demandware.store/Sites-AuchanPT-Site/pt_PT/Search-UpdateGrid?cgid=marcas-auchan&prefn1=soldInStores&prefv1=000&start=3604&sz=212&next=true
2024-11-23 02:10:52,409 - logger - INFO - auchan.py:212 - get_and_parse_auchan_data - Successful GET request for URL: https://www.auchan.pt/on/demandware.store/Sites-AuchanPT-Site/pt_PT/Search-UpdateGrid?cgid=marcas-auchan&prefn1=soldInStores&prefv1=000&start=3816&sz=212&next=true
2024-11-23 02:11:09,152 - logger - INFO - auchan.py:212 - get_and_parse_auchan_data - Successful GET request for URL: https://www.auchan.pt/on/demandware.store/Sites-AuchanPT-Site/pt_PT/Search-UpdateGrid?cgid=marcas-auchan&prefn1=soldInStores&prefv1=000&start=4028&sz=212&next=true
2024-11-23 02:11:26,773 - logger - INFO - auchan.py:212 - get_and_parse_auchan_data - Successful GET request for URL: https://www.auchan.pt/on/demandware.store/Sites-AuchanPT-Site/pt_PT/Search-UpdateGrid?cgid=marcas-auchan&prefn1=soldInStores&prefv1=000&start=4240&sz=212&next=true
2024-11-23 02:11:43,745 - logger - INFO - auchan.py:212 - get_and_parse_auchan_data - Successful GET request for URL: https://www.auchan.pt/on/demandware.store/Sites-AuchanPT-Site/pt_PT/Search-UpdateGrid?cgid=marcas-auchan&prefn1=soldInStores&prefv1=000&start=4452&sz=212&next=true
2024-11-23 02:12:01,445 - logger - INFO - auchan.py:212 - get_and_parse_auchan_data - Successful GET request for URL: https://www.auchan.pt/on/demandware.store/Sites-AuchanPT-Site/pt_PT/Search-UpdateGrid?cgid=marcas-auchan&prefn1=soldInStores&prefv1=000&start=4664&sz=212&next=true
2024-11-23 02:12:19,784 - logger - INFO - auchan.py:212 - get_and_parse_auchan_data - Successful GET request for URL: https://www.auchan.pt/on/demandware.store/Sites-AuchanPT-Site/pt_PT/Search-UpdateGrid?cgid=marcas-auchan&prefn1=soldInStores&prefv1=000&start=4876&sz=212&next=true
2024-11-23 02:12:37,193 - logger - INFO - auchan.py:212 - get_and_parse_auchan_data - Successful GET request for URL: https://www.auchan.pt/on/demandware.store/Sites-AuchanPT-Site/pt_PT/Search-UpdateGrid?cgid=marcas-auchan&prefn1=soldInStores&prefv1=000&start=5088&sz=212&next=true
2024-11-23 02:12:55,316 - logger - INFO - auchan.py:212 - get_and_parse_auchan_data - Successful GET request for URL: https://www.auchan.pt/on/demandware.store/Sites-AuchanPT-Site/pt_PT/Search-UpdateGrid?cgid=marcas-auchan&prefn1=soldInStores&prefv1=000&start=5300&sz=212&next=true
2024-11-23 02:13:12,324 - logger - INFO - auchan.py:212 - get_and_parse_auchan_data - Successful GET request for URL: https://www.auchan.pt/on/demandware.store/Sites-AuchanPT-Site/pt_PT/Search-UpdateGrid?cgid=marcas-auchan&prefn1=soldInStores&prefv1=000&start=5512&sz=212&next=true
2024-11-23 02:13:30,778 - logger - INFO - auchan.py:212 - get_and_parse_auchan_data - Successful GET request for URL: https://www.auchan.pt/on/demandware.store/Sites-AuchanPT-Site/pt_PT/Search-UpdateGrid?cgid=marcas-auchan&prefn1=soldInStores&prefv1=000&start=5724&sz=212&next=true
2024-11-23 02:13:48,233 - logger - INFO - auchan.py:212 - get_and_parse_auchan_data - Successful GET request for URL: https://www.auchan.pt/on/demandware.store/Sites-AuchanPT-Site/pt_PT/Search-UpdateGrid?cgid=marcas-auchan&prefn1=soldInStores&prefv1=000&start=5936&sz=212&next=true
2024-11-23 02:14:09,738 - logger - INFO - auchan.py:212 - get_and_parse_auchan_data - Successful GET request for URL: https://www.auchan.pt/on/demandware.store/Sites-AuchanPT-Site/pt_PT/Search-UpdateGrid?cgid=marcas-auchan&prefn1=soldInStores&prefv1=000&start=6148&sz=212&next=true
2024-11-23 02:14:27,706 - logger - INFO - auchan.py:212 - get_and_parse_auchan_data - Successful GET request for URL: https://www.auchan.pt/on/demandware.store/Sites-AuchanPT-Site/pt_PT/Search-UpdateGrid?cgid=marcas-auchan&prefn1=soldInStores&prefv1=000&start=6360&sz=212&next=true
2024-11-23 02:14:44,300 - logger - INFO - auchan.py:212 - get_and_parse_auchan_data - Successful GET request for URL: https://www.auchan.pt/on/demandware.store/Sites-AuchanPT-Site/pt_PT/Search-UpdateGrid?cgid=marcas-auchan&prefn1=soldInStores&prefv1=000&start=6572&sz=212&next=true
2024-11-23 02:15:04,122 - logger - INFO - auchan.py:212 - get_and_parse_auchan_data - Successful GET request for URL: https://www.auchan.pt/on/demandware.store/Sites-AuchanPT-Site/pt_PT/Search-UpdateGrid?cgid=marcas-auchan&prefn1=soldInStores&prefv1=000&start=6784&sz=212&next=true
2024-11-23 02:15:21,435 - logger - INFO - auchan.py:212 - get_and_parse_auchan_data - Successful GET request for URL: https://www.auchan.pt/on/demandware.store/Sites-AuchanPT-Site/pt_PT/Search-UpdateGrid?cgid=marcas-auchan&prefn1=soldInStores&prefv1=000&start=6996&sz=212&next=true
2024-11-23 02:15:40,080 - logger - INFO - auchan.py:212 - get_and_parse_auchan_data - Successful GET request for URL: https://www.auchan.pt/on/demandware.store/Sites-AuchanPT-Site/pt_PT/Search-UpdateGrid?cgid=marcas-auchan&prefn1=soldInStores&prefv1=000&start=7208&sz=212&next=true
2024-11-23 02:15:57,386 - logger - INFO - auchan.py:212 - get_and_parse_auchan_data - Successful GET request for URL: https://www.auchan.pt/on/demandware.store/Sites-AuchanPT-Site/pt_PT/Search-UpdateGrid?cgid=marcas-auchan&prefn1=soldInStores&prefv1=000&start=7420&sz=212&next=true
2024-11-23 02:16:15,047 - logger - INFO - auchan.py:212 - get_and_parse_auchan_data - Successful GET request for URL: https://www.auchan.pt/on/demandware.store/Sites-AuchanPT-Site/pt_PT/Search-UpdateGrid?cgid=marcas-auchan&prefn1=soldInStores&prefv1=000&start=7632&sz=212&next=true
2024-11-23 02:16:32,569 - logger - INFO - auchan.py:212 - get_and_parse_auchan_data - Successful GET request for URL: https://www.auchan.pt/on/demandware.store/Sites-AuchanPT-Site/pt_PT/Search-UpdateGrid?cgid=marcas-auchan&prefn1=soldInStores&prefv1=000&start=7844&sz=212&next=true
2024-11-23 02:16:52,405 - logger - INFO - auchan.py:212 - get_and_parse_auchan_data - Successful GET request for URL: https://www.auchan.pt/on/demandware.store/Sites-AuchanPT-Site/pt_PT/Search-UpdateGrid?cgid=marcas-auchan&prefn1=soldInStores&prefv1=000&start=8056&sz=212&next=true
2024-11-23 02:17:09,889 - logger - INFO - auchan.py:212 - get_and_parse_auchan_data - Successful GET request for URL: https://www.auchan.pt/on/demandware.store/Sites-AuchanPT-Site/pt_PT/Search-UpdateGrid?cgid=marcas-auchan&prefn1=soldInStores&prefv1=000&start=8268&sz=212&next=true
2024-11-23 02:17:21,455 - logger - INFO - auchan.py:212 - get_and_parse_auchan_data - Successful GET request for URL: https://www.auchan.pt/on/demandware.store/Sites-AuchanPT-Site/pt_PT/Search-UpdateGrid?cgid=marcas-auchan&prefn1=soldInStores&prefv1=000&start=8480&sz=212&next=true
2024-11-23 02:17:25,108 - logger - INFO - auchan.py:288 - save_data_for_all_cgids - Data for marcas-auchan saved to data/raw/auchan/20241123/marcas-auchan_20241123.csv
2024-11-23 02:17:25,108 - logger - INFO - auchan.py:273 - save_data_for_all_cgids - Processing cgid: saude-e-bem-estar/acne/
2024-11-23 02:17:25,552 - logger - INFO - auchan.py:212 - get_and_parse_auchan_data - Successful GET request for URL: https://www.auchan.pt/on/demandware.store/Sites-AuchanPT-Site/pt_PT/Search-UpdateGrid?cgid=saude-e-bem-estar/acne/&prefn1=soldInStores&prefv1=000&start=0&sz=212&next=true
2024-11-23 02:17:29,815 - logger - INFO - auchan.py:212 - get_and_parse_auchan_data - Successful GET request for URL: https://www.auchan.pt/on/demandware.store/Sites-AuchanPT-Site/pt_PT/Search-UpdateGrid?cgid=saude-e-bem-estar/acne/&prefn1=soldInStores&prefv1=000&start=212&sz=212&next=true
2024-11-23 02:17:34,169 - logger - INFO - auchan.py:212 - get_and_parse_auchan_data - Successful GET request for URL: https://www.auchan.pt/on/demandware.store/Sites-AuchanPT-Site/pt_PT/Search-UpdateGrid?cgid=saude-e-bem-estar/acne/&prefn1=soldInStores&prefv1=000&start=424&sz=212&next=true
2024-11-23 02:17:38,510 - logger - INFO - auchan.py:212 - get_and_parse_auchan_data - Successful GET request for URL: https://www.auchan.pt/on/demandware.store/Sites-AuchanPT-Site/pt_PT/Search-UpdateGrid?cgid=saude-e-bem-estar/acne/&prefn1=soldInStores&prefv1=000&start=636&sz=212&next=true
2024-11-23 02:17:42,818 - logger - INFO - auchan.py:212 - get_and_parse_auchan_data - Successful GET request for URL: https://www.auchan.pt/on/demandware.store/Sites-AuchanPT-Site/pt_PT/Search-UpdateGrid?cgid=saude-e-bem-estar/acne/&prefn1=soldInStores&prefv1=000&start=848&sz=212&next=true
2024-11-23 02:17:47,212 - logger - INFO - auchan.py:212 - get_and_parse_auchan_data - Successful GET request for URL: https://www.auchan.pt/on/demandware.store/Sites-AuchanPT-Site/pt_PT/Search-UpdateGrid?cgid=saude-e-bem-estar/acne/&prefn1=soldInStores&prefv1=000&start=1060&sz=212&next=true
2024-11-23 02:17:51,465 - logger - INFO - auchan.py:212 - get_and_parse_auchan_data - Successful GET request for URL: https://www.auchan.pt/on/demandware.store/Sites-AuchanPT-Site/pt_PT/Search-UpdateGrid?cgid=saude-e-bem-estar/acne/&prefn1=soldInStores&prefv1=000&start=1272&sz=212&next=true
2024-11-23 02:17:55,782 - logger - INFO - auchan.py:212 - get_and_parse_auchan_data - Successful GET request for URL: https://www.auchan.pt/on/demandware.store/Sites-AuchanPT-Site/pt_PT/Search-UpdateGrid?cgid=saude-e-bem-estar/acne/&prefn1=soldInStores&prefv1=000&start=1484&sz=212&next=true
2024-11-23 02:18:00,055 - logger - INFO - auchan.py:212 - get_and_parse_auchan_data - Successful GET request for URL: https://www.auchan.pt/on/demandware.store/Sites-AuchanPT-Site/pt_PT/Search-UpdateGrid?cgid=saude-e-bem-estar/acne/&prefn1=soldInStores&prefv1=000&start=1696&sz=212&next=true
2024-11-23 02:18:05,295 - logger - INFO - auchan.py:212 - get_and_parse_auchan_data - Successful GET request for URL: https://www.auchan.pt/on/demandware.store/Sites-AuchanPT-Site/pt_PT/Search-UpdateGrid?cgid=saude-e-bem-estar/acne/&prefn1=soldInStores&prefv1=000&start=1908&sz=212&next=true
2024-11-23 02:18:09,746 - logger - INFO - auchan.py:212 - get_and_parse_auchan_data - Successful GET request for URL: https://www.auchan.pt/on/demandware.store/Sites-AuchanPT-Site/pt_PT/Search-UpdateGrid?cgid=saude-e-bem-estar/acne/&prefn1=soldInStores&prefv1=000&start=2120&sz=212&next=true
2024-11-23 02:18:14,108 - logger - INFO - auchan.py:212 - get_and_parse_auchan_data - Successful GET request for URL: https://www.auchan.pt/on/demandware.store/Sites-AuchanPT-Site/pt_PT/Search-UpdateGrid?cgid=saude-e-bem-estar/acne/&prefn1=soldInStores&prefv1=000&start=2332&sz=212&next=true
2024-11-23 02:18:35,391 - logger - INFO - auchan.py:212 - get_and_parse_auchan_data - Successful GET request for URL: https://www.auchan.pt/on/demandware.store/Sites-AuchanPT-Site/pt_PT/Search-UpdateGrid?cgid=saude-e-bem-estar/acne/&prefn1=soldInStores&prefv1=000&start=2544&sz=212&next=true
2024-11-23 02:18:39,843 - logger - INFO - auchan.py:212 - get_and_parse_auchan_data - Successful GET request for URL: https://www.auchan.pt/on/demandware.store/Sites-AuchanPT-Site/pt_PT/Search-UpdateGrid?cgid=saude-e-bem-estar/acne/&prefn1=soldInStores&prefv1=000&start=2756&sz=212&next=true
2024-11-23 02:18:56,661 - logger - INFO - auchan.py:212 - get_and_parse_auchan_data - Successful GET request for URL: https://www.auchan.pt/on/demandware.store/Sites-AuchanPT-Site/pt_PT/Search-UpdateGrid?cgid=saude-e-bem-estar/acne/&prefn1=soldInStores&prefv1=000&start=2968&sz=212&next=true
2024-11-23 02:19:01,011 - logger - INFO - auchan.py:212 - get_and_parse_auchan_data - Successful GET request for URL: https://www.auchan.pt/on/demandware.store/Sites-AuchanPT-Site/pt_PT/Search-UpdateGrid?cgid=saude-e-bem-estar/acne/&prefn1=soldInStores&prefv1=000&start=3180&sz=212&next=true
2024-11-23 02:19:05,389 - logger - INFO - auchan.py:212 - get_and_parse_auchan_data - Successful GET request for URL: https://www.auchan.pt/on/demandware.store/Sites-AuchanPT-Site/pt_PT/Search-UpdateGrid?cgid=saude-e-bem-estar/acne/&prefn1=soldInStores&prefv1=000&start=3392&sz=212&next=true
2024-11-23 02:19:09,703 - logger - INFO - auchan.py:212 - get_and_parse_auchan_data - Successful GET request for URL: https://www.auchan.pt/on/demandware.store/Sites-AuchanPT-Site/pt_PT/Search-UpdateGrid?cgid=saude-e-bem-estar/acne/&prefn1=soldInStores&prefv1=000&start=3604&sz=212&next=true
2024-11-23 02:19:14,197 - logger - INFO - auchan.py:212 - get_and_parse_auchan_data - Successful GET request for URL: https://www.auchan.pt/on/demandware.store/Sites-AuchanPT-Site/pt_PT/Search-UpdateGrid?cgid=saude-e-bem-estar/acne/&prefn1=soldInStores&prefv1=000&start=3816&sz=212&next=true
2024-11-23 02:19:18,608 - logger - INFO - auchan.py:212 - get_and_parse_auchan_data - Successful GET request for URL: https://www.auchan.pt/on/demandware.store/Sites-AuchanPT-Site/pt_PT/Search-UpdateGrid?cgid=saude-e-bem-estar/acne/&prefn1=soldInStores&prefv1=000&start=4028&sz=212&next=true
2024-11-23 02:19:36,181 - logger - INFO - auchan.py:212 - get_and_parse_auchan_data - Successful GET request for URL: https://www.auchan.pt/on/demandware.store/Sites-AuchanPT-Site/pt_PT/Search-UpdateGrid?cgid=saude-e-bem-estar/acne/&prefn1=soldInStores&prefv1=000&start=4240&sz=212&next=true
2024-11-23 02:19:40,558 - logger - INFO - auchan.py:212 - get_and_parse_auchan_data - Successful GET request for URL: https://www.auchan.pt/on/demandware.store/Sites-AuchanPT-Site/pt_PT/Search-UpdateGrid?cgid=saude-e-bem-estar/acne/&prefn1=soldInStores&prefv1=000&start=4452&sz=212&next=true
2024-11-23 02:19:44,908 - logger - INFO - auchan.py:212 - get_and_parse_auchan_data - Successful GET request for URL: https://www.auchan.pt/on/demandware.store/Sites-AuchanPT-Site/pt_PT/Search-UpdateGrid?cgid=saude-e-bem-estar/acne/&prefn1=soldInStores&prefv1=000&start=4664&sz=212&next=true
2024-11-23 02:19:54,991 - logger - INFO - auchan.py:212 - get_and_parse_auchan_data - Successful GET request for URL: https://www.auchan.pt/on/demandware.store/Sites-AuchanPT-Site/pt_PT/Search-UpdateGrid?cgid=saude-e-bem-estar/acne/&prefn1=soldInStores&prefv1=000&start=4876&sz=212&next=true
2024-11-23 02:20:12,895 - logger - INFO - auchan.py:212 - get_and_parse_auchan_data - Successful GET request for URL: https://www.auchan.pt/on/demandware.store/Sites-AuchanPT-Site/pt_PT/Search-UpdateGrid?cgid=saude-e-bem-estar/acne/&prefn1=soldInStores&prefv1=000&start=5088&sz=212&next=true
2024-11-23 02:20:30,074 - logger - INFO - auchan.py:212 - get_and_parse_auchan_data - Successful GET request for URL: https://www.auchan.pt/on/demandware.store/Sites-AuchanPT-Site/pt_PT/Search-UpdateGrid?cgid=saude-e-bem-estar/acne/&prefn1=soldInStores&prefv1=000&start=5300&sz=212&next=true
2024-11-23 02:20:34,477 - logger - INFO - auchan.py:212 - get_and_parse_auchan_data - Successful GET request for URL: https://www.auchan.pt/on/demandware.store/Sites-AuchanPT-Site/pt_PT/Search-UpdateGrid?cgid=saude-e-bem-estar/acne/&prefn1=soldInStores&prefv1=000&start=5512&sz=212&next=true
2024-11-23 02:20:51,602 - logger - INFO - auchan.py:212 - get_and_parse_auchan_data - Successful GET request for URL: https://www.auchan.pt/on/demandware.store/Sites-AuchanPT-Site/pt_PT/Search-UpdateGrid?cgid=saude-e-bem-estar/acne/&prefn1=soldInStores&prefv1=000&start=5724&sz=212&next=true
2024-11-23 02:20:59,860 - logger - INFO - auchan.py:212 - get_and_parse_auchan_data - Successful GET request for URL: https://www.auchan.pt/on/demandware.store/Sites-AuchanPT-Site/pt_PT/Search-UpdateGrid?cgid=saude-e-bem-estar/acne/&prefn1=soldInStores&prefv1=000&start=5936&sz=212&next=true
2024-11-23 02:21:04,280 - logger - INFO - auchan.py:212 - get_and_parse_auchan_data - Successful GET request for URL: https://www.auchan.pt/on/demandware.store/Sites-AuchanPT-Site/pt_PT/Search-UpdateGrid?cgid=saude-e-bem-estar/acne/&prefn1=soldInStores&prefv1=000&start=6148&sz=212&next=true
2024-11-23 02:21:09,166 - logger - INFO - auchan.py:212 - get_and_parse_auchan_data - Successful GET request for URL: https://www.auchan.pt/on/demandware.store/Sites-AuchanPT-Site/pt_PT/Search-UpdateGrid?cgid=saude-e-bem-estar/acne/&prefn1=soldInStores&prefv1=000&start=6360&sz=212&next=true
2024-11-23 02:21:13,577 - logger - INFO - auchan.py:212 - get_and_parse_auchan_data - Successful GET request for URL: https://www.auchan.pt/on/demandware.store/Sites-AuchanPT-Site/pt_PT/Search-UpdateGrid?cgid=saude-e-bem-estar/acne/&prefn1=soldInStores&prefv1=000&start=6572&sz=212&next=true
2024-11-23 02:21:17,957 - logger - INFO - auchan.py:212 - get_and_parse_auchan_data - Successful GET request for URL: https://www.auchan.pt/on/demandware.store/Sites-AuchanPT-Site/pt_PT/Search-UpdateGrid?cgid=saude-e-bem-estar/acne/&prefn1=soldInStores&prefv1=000&start=6784&sz=212&next=true
2024-11-23 02:21:38,846 - logger - INFO - auchan.py:212 - get_and_parse_auchan_data - Successful GET request for URL: https://www.auchan.pt/on/demandware.store/Sites-AuchanPT-Site/pt_PT/Search-UpdateGrid?cgid=saude-e-bem-estar/acne/&prefn1=soldInStores&prefv1=000&start=6996&sz=212&next=true
2024-11-23 02:21:43,232 - logger - INFO - auchan.py:212 - get_and_parse_auchan_data - Successful GET request for URL: https://www.auchan.pt/on/demandware.store/Sites-AuchanPT-Site/pt_PT/Search-UpdateGrid?cgid=saude-e-bem-estar/acne/&prefn1=soldInStores&prefv1=000&start=7208&sz=212&next=true
2024-11-23 02:21:47,573 - logger - INFO - auchan.py:212 - get_and_parse_auchan_data - Successful GET request for URL: https://www.auchan.pt/on/demandware.store/Sites-AuchanPT-Site/pt_PT/Search-UpdateGrid?cgid=saude-e-bem-estar/acne/&prefn1=soldInStores&prefv1=000&start=7420&sz=212&next=true
2024-11-23 02:22:05,403 - logger - INFO - auchan.py:212 - get_and_parse_auchan_data - Successful GET request for URL: https://www.auchan.pt/on/demandware.store/Sites-AuchanPT-Site/pt_PT/Search-UpdateGrid?cgid=saude-e-bem-estar/acne/&prefn1=soldInStores&prefv1=000&start=7632&sz=212&next=true
2024-11-23 02:22:22,755 - logger - INFO - auchan.py:212 - get_and_parse_auchan_data - Successful GET request for URL: https://www.auchan.pt/on/demandware.store/Sites-AuchanPT-Site/pt_PT/Search-UpdateGrid?cgid=saude-e-bem-estar/acne/&prefn1=soldInStores&prefv1=000&start=7844&sz=212&next=true
2024-11-23 02:22:27,203 - logger - INFO - auchan.py:212 - get_and_parse_auchan_data - Successful GET request for URL: https://www.auchan.pt/on/demandware.store/Sites-AuchanPT-Site/pt_PT/Search-UpdateGrid?cgid=saude-e-bem-estar/acne/&prefn1=soldInStores&prefv1=000&start=8056&sz=212&next=true
2024-11-23 02:22:31,670 - logger - INFO - auchan.py:212 - get_and_parse_auchan_data - Successful GET request for URL: https://www.auchan.pt/on/demandware.store/Sites-AuchanPT-Site/pt_PT/Search-UpdateGrid?cgid=saude-e-bem-estar/acne/&prefn1=soldInStores&prefv1=000&start=8268&sz=212&next=true
2024-11-23 02:22:36,055 - logger - INFO - auchan.py:212 - get_and_parse_auchan_data - Successful GET request for URL: https://www.auchan.pt/on/demandware.store/Sites-AuchanPT-Site/pt_PT/Search-UpdateGrid?cgid=saude-e-bem-estar/acne/&prefn1=soldInStores&prefv1=000&start=8480&sz=212&next=true
2024-11-23 02:22:40,425 - logger - INFO - auchan.py:212 - get_and_parse_auchan_data - Successful GET request for URL: https://www.auchan.pt/on/demandware.store/Sites-AuchanPT-Site/pt_PT/Search-UpdateGrid?cgid=saude-e-bem-estar/acne/&prefn1=soldInStores&prefv1=000&start=8692&sz=212&next=true
2024-11-23 02:22:59,974 - logger - INFO - auchan.py:212 - get_and_parse_auchan_data - Successful GET request for URL: https://www.auchan.pt/on/demandware.store/Sites-AuchanPT-Site/pt_PT/Search-UpdateGrid?cgid=saude-e-bem-estar/acne/&prefn1=soldInStores&prefv1=000&start=8904&sz=212&next=true
2024-11-23 02:23:04,349 - logger - INFO - auchan.py:212 - get_and_parse_auchan_data - Successful GET request for URL: https://www.auchan.pt/on/demandware.store/Sites-AuchanPT-Site/pt_PT/Search-UpdateGrid?cgid=saude-e-bem-estar/acne/&prefn1=soldInStores&prefv1=000&start=9116&sz=212&next=true
2024-11-23 02:23:08,758 - logger - INFO - auchan.py:212 - get_and_parse_auchan_data - Successful GET request for URL: https://www.auchan.pt/on/demandware.store/Sites-AuchanPT-Site/pt_PT/Search-UpdateGrid?cgid=saude-e-bem-estar/acne/&prefn1=soldInStores&prefv1=000&start=9328&sz=212&next=true
2024-11-23 02:23:13,148 - logger - INFO - auchan.py:212 - get_and_parse_auchan_data - Successful GET request for URL: https://www.auchan.pt/on/demandware.store/Sites-AuchanPT-Site/pt_PT/Search-UpdateGrid?cgid=saude-e-bem-estar/acne/&prefn1=soldInStores&prefv1=000&start=9540&sz=212&next=true
2024-11-23 02:23:17,532 - logger - INFO - auchan.py:212 - get_and_parse_auchan_data - Successful GET request for URL: https://www.auchan.pt/on/demandware.store/Sites-AuchanPT-Site/pt_PT/Search-UpdateGrid?cgid=saude-e-bem-estar/acne/&prefn1=soldInStores&prefv1=000&start=9752&sz=212&next=true
2024-11-23 02:23:21,941 - logger - INFO - auchan.py:212 - get_and_parse_auchan_data - Successful GET request for URL: https://www.auchan.pt/on/demandware.store/Sites-AuchanPT-Site/pt_PT/Search-UpdateGrid?cgid=saude-e-bem-estar/acne/&prefn1=soldInStores&prefv1=000&start=9964&sz=212&next=true
2024-11-23 02:23:26,371 - logger - INFO - auchan.py:212 - get_and_parse_auchan_data - Successful GET request for URL: https://www.auchan.pt/on/demandware.store/Sites-AuchanPT-Site/pt_PT/Search-UpdateGrid?cgid=saude-e-bem-estar/acne/&prefn1=soldInStores&prefv1=000&start=10176&sz=212&next=true
2024-11-23 02:23:43,952 - logger - INFO - auchan.py:212 - get_and_parse_auchan_data - Successful GET request for URL: https://www.auchan.pt/on/demandware.store/Sites-AuchanPT-Site/pt_PT/Search-UpdateGrid?cgid=saude-e-bem-estar/acne/&prefn1=soldInStores&prefv1=000&start=10388&sz=212&next=true
2024-11-23 02:23:48,447 - logger - INFO - auchan.py:212 - get_and_parse_auchan_data - Successful GET request for URL: https://www.auchan.pt/on/demandware.store/Sites-AuchanPT-Site/pt_PT/Search-UpdateGrid?cgid=saude-e-bem-estar/acne/&prefn1=soldInStores&prefv1=000&start=10600&sz=212&next=true
2024-11-23 02:23:52,813 - logger - INFO - auchan.py:212 - get_and_parse_auchan_data - Successful GET request for URL: https://www.auchan.pt/on/demandware.store/Sites-AuchanPT-Site/pt_PT/Search-UpdateGrid?cgid=saude-e-bem-estar/acne/&prefn1=soldInStores&prefv1=000&start=10812&sz=212&next=true
2024-11-23 02:24:14,103 - logger - INFO - auchan.py:212 - get_and_parse_auchan_data - Successful GET request for URL: https://www.auchan.pt/on/demandware.store/Sites-AuchanPT-Site/pt_PT/Search-UpdateGrid?cgid=saude-e-bem-estar/acne/&prefn1=soldInStores&prefv1=000&start=11024&sz=212&next=true
2024-11-23 02:24:18,922 - logger - INFO - auchan.py:212 - get_and_parse_auchan_data - Successful GET request for URL: https://www.auchan.pt/on/demandware.store/Sites-AuchanPT-Site/pt_PT/Search-UpdateGrid?cgid=saude-e-bem-estar/acne/&prefn1=soldInStores&prefv1=000&start=11236&sz=212&next=true
2024-11-23 02:24:38,582 - logger - INFO - auchan.py:212 - get_and_parse_auchan_data - Successful GET request for URL: https://www.auchan.pt/on/demandware.store/Sites-AuchanPT-Site/pt_PT/Search-UpdateGrid?cgid=saude-e-bem-estar/acne/&prefn1=soldInStores&prefv1=000&start=11448&sz=212&next=true
2024-11-23 02:24:56,353 - logger - INFO - auchan.py:212 - get_and_parse_auchan_data - Successful GET request for URL: https://www.auchan.pt/on/demandware.store/Sites-AuchanPT-Site/pt_PT/Search-UpdateGrid?cgid=saude-e-bem-estar/acne/&prefn1=soldInStores&prefv1=000&start=11660&sz=212&next=true
2024-11-23 02:25:13,108 - logger - INFO - auchan.py:212 - get_and_parse_auchan_data - Successful GET request for URL: https://www.auchan.pt/on/demandware.store/Sites-AuchanPT-Site/pt_PT/Search-UpdateGrid?cgid=saude-e-bem-estar/acne/&prefn1=soldInStores&prefv1=000&start=11872&sz=212&next=true
2024-11-23 02:25:17,596 - logger - INFO - auchan.py:212 - get_and_parse_auchan_data - Successful GET request for URL: https://www.auchan.pt/on/demandware.store/Sites-AuchanPT-Site/pt_PT/Search-UpdateGrid?cgid=saude-e-bem-estar/acne/&prefn1=soldInStores&prefv1=000&start=12084&sz=212&next=true
2024-11-23 02:25:22,111 - logger - INFO - auchan.py:212 - get_and_parse_auchan_data - Successful GET request for URL: https://www.auchan.pt/on/demandware.store/Sites-AuchanPT-Site/pt_PT/Search-UpdateGrid?cgid=saude-e-bem-estar/acne/&prefn1=soldInStores&prefv1=000&start=12296&sz=212&next=true
2024-11-23 02:25:26,532 - logger - INFO - auchan.py:212 - get_and_parse_auchan_data - Successful GET request for URL: https://www.auchan.pt/on/demandware.store/Sites-AuchanPT-Site/pt_PT/Search-UpdateGrid?cgid=saude-e-bem-estar/acne/&prefn1=soldInStores&prefv1=000&start=12508&sz=212&next=true
2024-11-23 02:25:30,982 - logger - INFO - auchan.py:212 - get_and_parse_auchan_data - Successful GET request for URL: https://www.auchan.pt/on/demandware.store/Sites-AuchanPT-Site/pt_PT/Search-UpdateGrid?cgid=saude-e-bem-estar/acne/&prefn1=soldInStores&prefv1=000&start=12720&sz=212&next=true
2024-11-23 02:25:49,280 - logger - INFO - auchan.py:212 - get_and_parse_auchan_data - Successful GET request for URL: https://www.auchan.pt/on/demandware.store/Sites-AuchanPT-Site/pt_PT/Search-UpdateGrid?cgid=saude-e-bem-estar/acne/&prefn1=soldInStores&prefv1=000&start=12932&sz=212&next=true
2024-11-23 02:25:53,721 - logger - INFO - auchan.py:212 - get_and_parse_auchan_data - Successful GET request for URL: https://www.auchan.pt/on/demandware.store/Sites-AuchanPT-Site/pt_PT/Search-UpdateGrid?cgid=saude-e-bem-estar/acne/&prefn1=soldInStores&prefv1=000&start=13144&sz=212&next=true
2024-11-23 02:26:12,440 - logger - INFO - auchan.py:212 - get_and_parse_auchan_data - Successful GET request for URL: https://www.auchan.pt/on/demandware.store/Sites-AuchanPT-Site/pt_PT/Search-UpdateGrid?cgid=saude-e-bem-estar/acne/&prefn1=soldInStores&prefv1=000&start=13356&sz=212&next=true
2024-11-23 02:26:13,395 - logger - ERROR - auchan.py:216 - get_and_parse_auchan_data - Error fetching data for URL https://www.auchan.pt/on/demandware.store/Sites-AuchanPT-Site/pt_PT/Search-UpdateGrid?cgid=saude-e-bem-estar/acne/&prefn1=soldInStores&prefv1=000&start=13356&sz=212&next=true: 'NoneType' object is not subscriptable
2024-11-23 02:26:13,400 - logger - ERROR - auchan.py:292 - save_data_for_all_cgids - Error processing cgid saude-e-bem-estar/acne/: Cannot save file into a non-existent directory: 'data/raw/auchan/20241123/saude-e-bem-estar/acne'
Traceback (most recent call last):
  File "/home/runner/work/Retail-Price-Tracker/Retail-Price-Tracker/continente_price_tracker/src/auchan/auchan.py", line 287, in save_data_for_all_cgids
    final_data.to_csv(file_path, index=False)
  File "/opt/hostedtoolcache/Python/3.10.6/x64/lib/python3.10/site-packages/pandas/util/_decorators.py", line 333, in wrapper
    return func(*args, **kwargs)
  File "/opt/hostedtoolcache/Python/3.10.6/x64/lib/python3.10/site-packages/pandas/core/generic.py", line 3967, in to_csv
    return DataFrameRenderer(formatter).to_csv(
  File "/opt/hostedtoolcache/Python/3.10.6/x64/lib/python3.10/site-packages/pandas/io/formats/format.py", line 1014, in to_csv
    csv_formatter.save()
  File "/opt/hostedtoolcache/Python/3.10.6/x64/lib/python3.10/site-packages/pandas/io/formats/csvs.py", line 251, in save
    with get_handle(
  File "/opt/hostedtoolcache/Python/3.10.6/x64/lib/python3.10/site-packages/pandas/io/common.py", line 749, in get_handle
    check_parent_directory(str(handle))
  File "/opt/hostedtoolcache/Python/3.10.6/x64/lib/python3.10/site-packages/pandas/io/common.py", line 616, in check_parent_directory
    raise OSError(rf"Cannot save file into a non-existent directory: '{parent}'")
OSError: Cannot save file into a non-existent directory: 'data/raw/auchan/20241123/saude-e-bem-estar/acne'
2024-11-23 02:26:13,401 - logger - INFO - auchan.py:294 - save_data_for_all_cgids - Data fetch process completed
