2024-11-25 01:53:11,350 - logger - INFO - auchan.py:259 - save_data_for_all_cgids - Starting data fetch process for 6 cgids
2024-11-25 01:53:11,350 - logger - INFO - auchan.py:269 - save_data_for_all_cgids - Data will be saved in 'data/raw/auchan/20241125'
2024-11-25 01:53:11,350 - logger - INFO - auchan.py:273 - save_data_for_all_cgids - Processing cgid: alimentacao-
2024-11-25 01:53:33,629 - logger - INFO - auchan.py:212 - get_and_parse_auchan_data - Successful GET request for URL: https://www.auchan.pt/on/demandware.store/Sites-AuchanPT-Site/pt_PT/Search-UpdateGrid?cgid=alimentacao-&prefn1=soldInStores&prefv1=000&start=0&sz=212&next=true
2024-11-25 01:53:37,973 - logger - INFO - auchan.py:212 - get_and_parse_auchan_data - Successful GET request for URL: https://www.auchan.pt/on/demandware.store/Sites-AuchanPT-Site/pt_PT/Search-UpdateGrid?cgid=alimentacao-&prefn1=soldInStores&prefv1=000&start=212&sz=212&next=true
2024-11-25 01:53:44,361 - logger - INFO - auchan.py:212 - get_and_parse_auchan_data - Successful GET request for URL: https://www.auchan.pt/on/demandware.store/Sites-AuchanPT-Site/pt_PT/Search-UpdateGrid?cgid=alimentacao-&prefn1=soldInStores&prefv1=000&start=424&sz=212&next=true
2024-11-25 01:54:11,409 - logger - INFO - auchan.py:212 - get_and_parse_auchan_data - Successful GET request for URL: https://www.auchan.pt/on/demandware.store/Sites-AuchanPT-Site/pt_PT/Search-UpdateGrid?cgid=alimentacao-&prefn1=soldInStores&prefv1=000&start=636&sz=212&next=true
2024-11-25 01:54:23,036 - logger - INFO - auchan.py:212 - get_and_parse_auchan_data - Successful GET request for URL: https://www.auchan.pt/on/demandware.store/Sites-AuchanPT-Site/pt_PT/Search-UpdateGrid?cgid=alimentacao-&prefn1=soldInStores&prefv1=000&start=848&sz=212&next=true
2024-11-25 01:54:38,640 - logger - INFO - auchan.py:212 - get_and_parse_auchan_data - Successful GET request for URL: https://www.auchan.pt/on/demandware.store/Sites-AuchanPT-Site/pt_PT/Search-UpdateGrid?cgid=alimentacao-&prefn1=soldInStores&prefv1=000&start=1060&sz=212&next=true
2024-11-25 01:54:54,191 - logger - INFO - auchan.py:212 - get_and_parse_auchan_data - Successful GET request for URL: https://www.auchan.pt/on/demandware.store/Sites-AuchanPT-Site/pt_PT/Search-UpdateGrid?cgid=alimentacao-&prefn1=soldInStores&prefv1=000&start=1272&sz=212&next=true
2024-11-25 01:55:08,784 - logger - INFO - auchan.py:212 - get_and_parse_auchan_data - Successful GET request for URL: https://www.auchan.pt/on/demandware.store/Sites-AuchanPT-Site/pt_PT/Search-UpdateGrid?cgid=alimentacao-&prefn1=soldInStores&prefv1=000&start=1484&sz=212&next=true
2024-11-25 01:55:25,384 - logger - INFO - auchan.py:212 - get_and_parse_auchan_data - Successful GET request for URL: https://www.auchan.pt/on/demandware.store/Sites-AuchanPT-Site/pt_PT/Search-UpdateGrid?cgid=alimentacao-&prefn1=soldInStores&prefv1=000&start=1696&sz=212&next=true
2024-11-25 01:55:42,583 - logger - INFO - auchan.py:212 - get_and_parse_auchan_data - Successful GET request for URL: https://www.auchan.pt/on/demandware.store/Sites-AuchanPT-Site/pt_PT/Search-UpdateGrid?cgid=alimentacao-&prefn1=soldInStores&prefv1=000&start=1908&sz=212&next=true
2024-11-25 01:55:54,839 - logger - INFO - auchan.py:212 - get_and_parse_auchan_data - Successful GET request for URL: https://www.auchan.pt/on/demandware.store/Sites-AuchanPT-Site/pt_PT/Search-UpdateGrid?cgid=alimentacao-&prefn1=soldInStores&prefv1=000&start=2120&sz=212&next=true
2024-11-25 01:56:07,213 - logger - INFO - auchan.py:212 - get_and_parse_auchan_data - Successful GET request for URL: https://www.auchan.pt/on/demandware.store/Sites-AuchanPT-Site/pt_PT/Search-UpdateGrid?cgid=alimentacao-&prefn1=soldInStores&prefv1=000&start=2332&sz=212&next=true
2024-11-25 01:56:24,145 - logger - INFO - auchan.py:212 - get_and_parse_auchan_data - Successful GET request for URL: https://www.auchan.pt/on/demandware.store/Sites-AuchanPT-Site/pt_PT/Search-UpdateGrid?cgid=alimentacao-&prefn1=soldInStores&prefv1=000&start=2544&sz=212&next=true
2024-11-25 01:56:39,771 - logger - INFO - auchan.py:212 - get_and_parse_auchan_data - Successful GET request for URL: https://www.auchan.pt/on/demandware.store/Sites-AuchanPT-Site/pt_PT/Search-UpdateGrid?cgid=alimentacao-&prefn1=soldInStores&prefv1=000&start=2756&sz=212&next=true
2024-11-25 01:56:53,269 - logger - INFO - auchan.py:212 - get_and_parse_auchan_data - Successful GET request for URL: https://www.auchan.pt/on/demandware.store/Sites-AuchanPT-Site/pt_PT/Search-UpdateGrid?cgid=alimentacao-&prefn1=soldInStores&prefv1=000&start=2968&sz=212&next=true
2024-11-25 01:57:05,408 - logger - INFO - auchan.py:212 - get_and_parse_auchan_data - Successful GET request for URL: https://www.auchan.pt/on/demandware.store/Sites-AuchanPT-Site/pt_PT/Search-UpdateGrid?cgid=alimentacao-&prefn1=soldInStores&prefv1=000&start=3180&sz=212&next=true
2024-11-25 01:57:20,129 - logger - INFO - auchan.py:212 - get_and_parse_auchan_data - Successful GET request for URL: https://www.auchan.pt/on/demandware.store/Sites-AuchanPT-Site/pt_PT/Search-UpdateGrid?cgid=alimentacao-&prefn1=soldInStores&prefv1=000&start=3392&sz=212&next=true
2024-11-25 01:57:39,923 - logger - INFO - auchan.py:212 - get_and_parse_auchan_data - Successful GET request for URL: https://www.auchan.pt/on/demandware.store/Sites-AuchanPT-Site/pt_PT/Search-UpdateGrid?cgid=alimentacao-&prefn1=soldInStores&prefv1=000&start=3604&sz=212&next=true
2024-11-25 01:57:58,570 - logger - INFO - auchan.py:212 - get_and_parse_auchan_data - Successful GET request for URL: https://www.auchan.pt/on/demandware.store/Sites-AuchanPT-Site/pt_PT/Search-UpdateGrid?cgid=alimentacao-&prefn1=soldInStores&prefv1=000&start=3816&sz=212&next=true
2024-11-25 01:58:13,478 - logger - INFO - auchan.py:212 - get_and_parse_auchan_data - Successful GET request for URL: https://www.auchan.pt/on/demandware.store/Sites-AuchanPT-Site/pt_PT/Search-UpdateGrid?cgid=alimentacao-&prefn1=soldInStores&prefv1=000&start=4028&sz=212&next=true
2024-11-25 01:58:30,574 - logger - INFO - auchan.py:212 - get_and_parse_auchan_data - Successful GET request for URL: https://www.auchan.pt/on/demandware.store/Sites-AuchanPT-Site/pt_PT/Search-UpdateGrid?cgid=alimentacao-&prefn1=soldInStores&prefv1=000&start=4240&sz=212&next=true
2024-11-25 01:58:46,709 - logger - INFO - auchan.py:212 - get_and_parse_auchan_data - Successful GET request for URL: https://www.auchan.pt/on/demandware.store/Sites-AuchanPT-Site/pt_PT/Search-UpdateGrid?cgid=alimentacao-&prefn1=soldInStores&prefv1=000&start=4452&sz=212&next=true
2024-11-25 01:59:04,231 - logger - INFO - auchan.py:212 - get_and_parse_auchan_data - Successful GET request for URL: https://www.auchan.pt/on/demandware.store/Sites-AuchanPT-Site/pt_PT/Search-UpdateGrid?cgid=alimentacao-&prefn1=soldInStores&prefv1=000&start=4664&sz=212&next=true
2024-11-25 01:59:24,032 - logger - INFO - auchan.py:212 - get_and_parse_auchan_data - Successful GET request for URL: https://www.auchan.pt/on/demandware.store/Sites-AuchanPT-Site/pt_PT/Search-UpdateGrid?cgid=alimentacao-&prefn1=soldInStores&prefv1=000&start=4876&sz=212&next=true
2024-11-25 01:59:38,465 - logger - INFO - auchan.py:212 - get_and_parse_auchan_data - Successful GET request for URL: https://www.auchan.pt/on/demandware.store/Sites-AuchanPT-Site/pt_PT/Search-UpdateGrid?cgid=alimentacao-&prefn1=soldInStores&prefv1=000&start=5088&sz=212&next=true
2024-11-25 01:59:54,449 - logger - INFO - auchan.py:212 - get_and_parse_auchan_data - Successful GET request for URL: https://www.auchan.pt/on/demandware.store/Sites-AuchanPT-Site/pt_PT/Search-UpdateGrid?cgid=alimentacao-&prefn1=soldInStores&prefv1=000&start=5300&sz=212&next=true
2024-11-25 02:00:05,110 - logger - INFO - auchan.py:212 - get_and_parse_auchan_data - Successful GET request for URL: https://www.auchan.pt/on/demandware.store/Sites-AuchanPT-Site/pt_PT/Search-UpdateGrid?cgid=alimentacao-&prefn1=soldInStores&prefv1=000&start=5512&sz=212&next=true
2024-11-25 02:00:22,192 - logger - INFO - auchan.py:212 - get_and_parse_auchan_data - Successful GET request for URL: https://www.auchan.pt/on/demandware.store/Sites-AuchanPT-Site/pt_PT/Search-UpdateGrid?cgid=alimentacao-&prefn1=soldInStores&prefv1=000&start=5724&sz=212&next=true
2024-11-25 02:00:30,102 - logger - INFO - auchan.py:212 - get_and_parse_auchan_data - Successful GET request for URL: https://www.auchan.pt/on/demandware.store/Sites-AuchanPT-Site/pt_PT/Search-UpdateGrid?cgid=alimentacao-&prefn1=soldInStores&prefv1=000&start=5936&sz=212&next=true
2024-11-25 02:00:42,540 - logger - INFO - auchan.py:212 - get_and_parse_auchan_data - Successful GET request for URL: https://www.auchan.pt/on/demandware.store/Sites-AuchanPT-Site/pt_PT/Search-UpdateGrid?cgid=alimentacao-&prefn1=soldInStores&prefv1=000&start=6148&sz=212&next=true
2024-11-25 02:00:54,906 - logger - INFO - auchan.py:212 - get_and_parse_auchan_data - Successful GET request for URL: https://www.auchan.pt/on/demandware.store/Sites-AuchanPT-Site/pt_PT/Search-UpdateGrid?cgid=alimentacao-&prefn1=soldInStores&prefv1=000&start=6360&sz=212&next=true
2024-11-25 02:01:09,877 - logger - INFO - auchan.py:212 - get_and_parse_auchan_data - Successful GET request for URL: https://www.auchan.pt/on/demandware.store/Sites-AuchanPT-Site/pt_PT/Search-UpdateGrid?cgid=alimentacao-&prefn1=soldInStores&prefv1=000&start=6572&sz=212&next=true
2024-11-25 02:01:25,586 - logger - INFO - auchan.py:212 - get_and_parse_auchan_data - Successful GET request for URL: https://www.auchan.pt/on/demandware.store/Sites-AuchanPT-Site/pt_PT/Search-UpdateGrid?cgid=alimentacao-&prefn1=soldInStores&prefv1=000&start=6784&sz=212&next=true
2024-11-25 02:01:44,129 - logger - INFO - auchan.py:212 - get_and_parse_auchan_data - Successful GET request for URL: https://www.auchan.pt/on/demandware.store/Sites-AuchanPT-Site/pt_PT/Search-UpdateGrid?cgid=alimentacao-&prefn1=soldInStores&prefv1=000&start=6996&sz=212&next=true
2024-11-25 02:02:00,086 - logger - INFO - auchan.py:212 - get_and_parse_auchan_data - Successful GET request for URL: https://www.auchan.pt/on/demandware.store/Sites-AuchanPT-Site/pt_PT/Search-UpdateGrid?cgid=alimentacao-&prefn1=soldInStores&prefv1=000&start=7208&sz=212&next=true
2024-11-25 02:02:15,277 - logger - INFO - auchan.py:212 - get_and_parse_auchan_data - Successful GET request for URL: https://www.auchan.pt/on/demandware.store/Sites-AuchanPT-Site/pt_PT/Search-UpdateGrid?cgid=alimentacao-&prefn1=soldInStores&prefv1=000&start=7420&sz=212&next=true
2024-11-25 02:02:33,720 - logger - INFO - auchan.py:212 - get_and_parse_auchan_data - Successful GET request for URL: https://www.auchan.pt/on/demandware.store/Sites-AuchanPT-Site/pt_PT/Search-UpdateGrid?cgid=alimentacao-&prefn1=soldInStores&prefv1=000&start=7632&sz=212&next=true
2024-11-25 02:02:50,423 - logger - INFO - auchan.py:212 - get_and_parse_auchan_data - Successful GET request for URL: https://www.auchan.pt/on/demandware.store/Sites-AuchanPT-Site/pt_PT/Search-UpdateGrid?cgid=alimentacao-&prefn1=soldInStores&prefv1=000&start=7844&sz=212&next=true
2024-11-25 02:02:51,370 - logger - ERROR - auchan.py:216 - get_and_parse_auchan_data - Error fetching data for URL https://www.auchan.pt/on/demandware.store/Sites-AuchanPT-Site/pt_PT/Search-UpdateGrid?cgid=alimentacao-&prefn1=soldInStores&prefv1=000&start=7844&sz=212&next=true: 'NoneType' object is not subscriptable
2024-11-25 02:02:51,551 - logger - INFO - auchan.py:288 - save_data_for_all_cgids - Data for alimentacao- saved to data/raw/auchan/20241125/alimentacao-_20241125.csv
2024-11-25 02:02:51,551 - logger - INFO - auchan.py:273 - save_data_for_all_cgids - Processing cgid: biologico-e-escolhas-alimentares
2024-11-25 02:03:05,496 - logger - INFO - auchan.py:212 - get_and_parse_auchan_data - Successful GET request for URL: https://www.auchan.pt/on/demandware.store/Sites-AuchanPT-Site/pt_PT/Search-UpdateGrid?cgid=biologico-e-escolhas-alimentares&prefn1=soldInStores&prefv1=000&start=0&sz=212&next=true
2024-11-25 02:03:23,379 - logger - INFO - auchan.py:212 - get_and_parse_auchan_data - Successful GET request for URL: https://www.auchan.pt/on/demandware.store/Sites-AuchanPT-Site/pt_PT/Search-UpdateGrid?cgid=biologico-e-escolhas-alimentares&prefn1=soldInStores&prefv1=000&start=212&sz=212&next=true
2024-11-25 02:03:41,752 - logger - INFO - auchan.py:212 - get_and_parse_auchan_data - Successful GET request for URL: https://www.auchan.pt/on/demandware.store/Sites-AuchanPT-Site/pt_PT/Search-UpdateGrid?cgid=biologico-e-escolhas-alimentares&prefn1=soldInStores&prefv1=000&start=424&sz=212&next=true
2024-11-25 02:04:00,397 - logger - INFO - auchan.py:212 - get_and_parse_auchan_data - Successful GET request for URL: https://www.auchan.pt/on/demandware.store/Sites-AuchanPT-Site/pt_PT/Search-UpdateGrid?cgid=biologico-e-escolhas-alimentares&prefn1=soldInStores&prefv1=000&start=636&sz=212&next=true
2024-11-25 02:04:18,881 - logger - INFO - auchan.py:212 - get_and_parse_auchan_data - Successful GET request for URL: https://www.auchan.pt/on/demandware.store/Sites-AuchanPT-Site/pt_PT/Search-UpdateGrid?cgid=biologico-e-escolhas-alimentares&prefn1=soldInStores&prefv1=000&start=848&sz=212&next=true
2024-11-25 02:04:38,243 - logger - INFO - auchan.py:212 - get_and_parse_auchan_data - Successful GET request for URL: https://www.auchan.pt/on/demandware.store/Sites-AuchanPT-Site/pt_PT/Search-UpdateGrid?cgid=biologico-e-escolhas-alimentares&prefn1=soldInStores&prefv1=000&start=1060&sz=212&next=true
2024-11-25 02:04:56,297 - logger - INFO - auchan.py:212 - get_and_parse_auchan_data - Successful GET request for URL: https://www.auchan.pt/on/demandware.store/Sites-AuchanPT-Site/pt_PT/Search-UpdateGrid?cgid=biologico-e-escolhas-alimentares&prefn1=soldInStores&prefv1=000&start=1272&sz=212&next=true
2024-11-25 02:05:14,793 - logger - INFO - auchan.py:212 - get_and_parse_auchan_data - Successful GET request for URL: https://www.auchan.pt/on/demandware.store/Sites-AuchanPT-Site/pt_PT/Search-UpdateGrid?cgid=biologico-e-escolhas-alimentares&prefn1=soldInStores&prefv1=000&start=1484&sz=212&next=true
2024-11-25 02:05:32,937 - logger - INFO - auchan.py:212 - get_and_parse_auchan_data - Successful GET request for URL: https://www.auchan.pt/on/demandware.store/Sites-AuchanPT-Site/pt_PT/Search-UpdateGrid?cgid=biologico-e-escolhas-alimentares&prefn1=soldInStores&prefv1=000&start=1696&sz=212&next=true
2024-11-25 02:05:51,116 - logger - INFO - auchan.py:212 - get_and_parse_auchan_data - Successful GET request for URL: https://www.auchan.pt/on/demandware.store/Sites-AuchanPT-Site/pt_PT/Search-UpdateGrid?cgid=biologico-e-escolhas-alimentares&prefn1=soldInStores&prefv1=000&start=1908&sz=212&next=true
2024-11-25 02:06:01,849 - logger - INFO - auchan.py:212 - get_and_parse_auchan_data - Successful GET request for URL: https://www.auchan.pt/on/demandware.store/Sites-AuchanPT-Site/pt_PT/Search-UpdateGrid?cgid=biologico-e-escolhas-alimentares&prefn1=soldInStores&prefv1=000&start=2120&sz=212&next=true
2024-11-25 02:06:05,408 - logger - INFO - auchan.py:288 - save_data_for_all_cgids - Data for biologico-e-escolhas-alimentares saved to data/raw/auchan/20241125/biologico-e-escolhas-alimentares_20241125.csv
2024-11-25 02:06:05,408 - logger - INFO - auchan.py:273 - save_data_for_all_cgids - Processing cgid: limpeza-da-casa-e-roupa
2024-11-25 02:06:05,733 - logger - INFO - auchan.py:212 - get_and_parse_auchan_data - Successful GET request for URL: https://www.auchan.pt/on/demandware.store/Sites-AuchanPT-Site/pt_PT/Search-UpdateGrid?cgid=limpeza-da-casa-e-roupa&prefn1=soldInStores&prefv1=000&start=0&sz=212&next=true
2024-11-25 02:06:10,047 - logger - INFO - auchan.py:212 - get_and_parse_auchan_data - Successful GET request for URL: https://www.auchan.pt/on/demandware.store/Sites-AuchanPT-Site/pt_PT/Search-UpdateGrid?cgid=limpeza-da-casa-e-roupa&prefn1=soldInStores&prefv1=000&start=212&sz=212&next=true
2024-11-25 02:06:14,403 - logger - INFO - auchan.py:212 - get_and_parse_auchan_data - Successful GET request for URL: https://www.auchan.pt/on/demandware.store/Sites-AuchanPT-Site/pt_PT/Search-UpdateGrid?cgid=limpeza-da-casa-e-roupa&prefn1=soldInStores&prefv1=000&start=424&sz=212&next=true
2024-11-25 02:06:19,272 - logger - INFO - auchan.py:212 - get_and_parse_auchan_data - Successful GET request for URL: https://www.auchan.pt/on/demandware.store/Sites-AuchanPT-Site/pt_PT/Search-UpdateGrid?cgid=limpeza-da-casa-e-roupa&prefn1=soldInStores&prefv1=000&start=636&sz=212&next=true
2024-11-25 02:06:23,649 - logger - INFO - auchan.py:212 - get_and_parse_auchan_data - Successful GET request for URL: https://www.auchan.pt/on/demandware.store/Sites-AuchanPT-Site/pt_PT/Search-UpdateGrid?cgid=limpeza-da-casa-e-roupa&prefn1=soldInStores&prefv1=000&start=848&sz=212&next=true
2024-11-25 02:06:28,024 - logger - INFO - auchan.py:212 - get_and_parse_auchan_data - Successful GET request for URL: https://www.auchan.pt/on/demandware.store/Sites-AuchanPT-Site/pt_PT/Search-UpdateGrid?cgid=limpeza-da-casa-e-roupa&prefn1=soldInStores&prefv1=000&start=1060&sz=212&next=true
2024-11-25 02:06:32,383 - logger - INFO - auchan.py:212 - get_and_parse_auchan_data - Successful GET request for URL: https://www.auchan.pt/on/demandware.store/Sites-AuchanPT-Site/pt_PT/Search-UpdateGrid?cgid=limpeza-da-casa-e-roupa&prefn1=soldInStores&prefv1=000&start=1272&sz=212&next=true
2024-11-25 02:06:47,124 - logger - INFO - auchan.py:212 - get_and_parse_auchan_data - Successful GET request for URL: https://www.auchan.pt/on/demandware.store/Sites-AuchanPT-Site/pt_PT/Search-UpdateGrid?cgid=limpeza-da-casa-e-roupa&prefn1=soldInStores&prefv1=000&start=1484&sz=212&next=true
2024-11-25 02:07:05,370 - logger - INFO - auchan.py:212 - get_and_parse_auchan_data - Successful GET request for URL: https://www.auchan.pt/on/demandware.store/Sites-AuchanPT-Site/pt_PT/Search-UpdateGrid?cgid=limpeza-da-casa-e-roupa&prefn1=soldInStores&prefv1=000&start=1696&sz=212&next=true
2024-11-25 02:07:06,251 - logger - ERROR - auchan.py:216 - get_and_parse_auchan_data - Error fetching data for URL https://www.auchan.pt/on/demandware.store/Sites-AuchanPT-Site/pt_PT/Search-UpdateGrid?cgid=limpeza-da-casa-e-roupa&prefn1=soldInStores&prefv1=000&start=1696&sz=212&next=true: 'NoneType' object is not subscriptable
2024-11-25 02:07:06,293 - logger - INFO - auchan.py:288 - save_data_for_all_cgids - Data for limpeza-da-casa-e-roupa saved to data/raw/auchan/20241125/limpeza-da-casa-e-roupa_20241125.csv
2024-11-25 02:07:06,294 - logger - INFO - auchan.py:273 - save_data_for_all_cgids - Processing cgid: bebidas-e-garrafeira
2024-11-25 02:07:16,257 - logger - INFO - auchan.py:212 - get_and_parse_auchan_data - Successful GET request for URL: https://www.auchan.pt/on/demandware.store/Sites-AuchanPT-Site/pt_PT/Search-UpdateGrid?cgid=bebidas-e-garrafeira&prefn1=soldInStores&prefv1=000&start=0&sz=212&next=true
2024-11-25 02:07:33,656 - logger - INFO - auchan.py:212 - get_and_parse_auchan_data - Successful GET request for URL: https://www.auchan.pt/on/demandware.store/Sites-AuchanPT-Site/pt_PT/Search-UpdateGrid?cgid=bebidas-e-garrafeira&prefn1=soldInStores&prefv1=000&start=212&sz=212&next=true
2024-11-25 02:08:03,472 - logger - INFO - auchan.py:212 - get_and_parse_auchan_data - Successful GET request for URL: https://www.auchan.pt/on/demandware.store/Sites-AuchanPT-Site/pt_PT/Search-UpdateGrid?cgid=bebidas-e-garrafeira&prefn1=soldInStores&prefv1=000&start=424&sz=212&next=true
2024-11-25 02:08:34,730 - logger - INFO - auchan.py:212 - get_and_parse_auchan_data - Successful GET request for URL: https://www.auchan.pt/on/demandware.store/Sites-AuchanPT-Site/pt_PT/Search-UpdateGrid?cgid=bebidas-e-garrafeira&prefn1=soldInStores&prefv1=000&start=636&sz=212&next=true
2024-11-25 02:08:49,595 - logger - INFO - auchan.py:212 - get_and_parse_auchan_data - Successful GET request for URL: https://www.auchan.pt/on/demandware.store/Sites-AuchanPT-Site/pt_PT/Search-UpdateGrid?cgid=bebidas-e-garrafeira&prefn1=soldInStores&prefv1=000&start=848&sz=212&next=true
2024-11-25 02:09:08,451 - logger - INFO - auchan.py:212 - get_and_parse_auchan_data - Successful GET request for URL: https://www.auchan.pt/on/demandware.store/Sites-AuchanPT-Site/pt_PT/Search-UpdateGrid?cgid=bebidas-e-garrafeira&prefn1=soldInStores&prefv1=000&start=1060&sz=212&next=true
2024-11-25 02:09:26,850 - logger - INFO - auchan.py:212 - get_and_parse_auchan_data - Successful GET request for URL: https://www.auchan.pt/on/demandware.store/Sites-AuchanPT-Site/pt_PT/Search-UpdateGrid?cgid=bebidas-e-garrafeira&prefn1=soldInStores&prefv1=000&start=1272&sz=212&next=true
2024-11-25 02:09:42,315 - logger - INFO - auchan.py:212 - get_and_parse_auchan_data - Successful GET request for URL: https://www.auchan.pt/on/demandware.store/Sites-AuchanPT-Site/pt_PT/Search-UpdateGrid?cgid=bebidas-e-garrafeira&prefn1=soldInStores&prefv1=000&start=1484&sz=212&next=true
2024-11-25 02:09:55,944 - logger - INFO - auchan.py:212 - get_and_parse_auchan_data - Successful GET request for URL: https://www.auchan.pt/on/demandware.store/Sites-AuchanPT-Site/pt_PT/Search-UpdateGrid?cgid=bebidas-e-garrafeira&prefn1=soldInStores&prefv1=000&start=1696&sz=212&next=true
2024-11-25 02:10:15,961 - logger - INFO - auchan.py:212 - get_and_parse_auchan_data - Successful GET request for URL: https://www.auchan.pt/on/demandware.store/Sites-AuchanPT-Site/pt_PT/Search-UpdateGrid?cgid=bebidas-e-garrafeira&prefn1=soldInStores&prefv1=000&start=1908&sz=212&next=true
2024-11-25 02:10:27,913 - logger - INFO - auchan.py:212 - get_and_parse_auchan_data - Successful GET request for URL: https://www.auchan.pt/on/demandware.store/Sites-AuchanPT-Site/pt_PT/Search-UpdateGrid?cgid=bebidas-e-garrafeira&prefn1=soldInStores&prefv1=000&start=2120&sz=212&next=true
2024-11-25 02:10:45,251 - logger - INFO - auchan.py:212 - get_and_parse_auchan_data - Successful GET request for URL: https://www.auchan.pt/on/demandware.store/Sites-AuchanPT-Site/pt_PT/Search-UpdateGrid?cgid=bebidas-e-garrafeira&prefn1=soldInStores&prefv1=000&start=2332&sz=212&next=true
2024-11-25 02:11:00,843 - logger - INFO - auchan.py:212 - get_and_parse_auchan_data - Successful GET request for URL: https://www.auchan.pt/on/demandware.store/Sites-AuchanPT-Site/pt_PT/Search-UpdateGrid?cgid=bebidas-e-garrafeira&prefn1=soldInStores&prefv1=000&start=2544&sz=212&next=true
2024-11-25 02:11:20,325 - logger - INFO - auchan.py:212 - get_and_parse_auchan_data - Successful GET request for URL: https://www.auchan.pt/on/demandware.store/Sites-AuchanPT-Site/pt_PT/Search-UpdateGrid?cgid=bebidas-e-garrafeira&prefn1=soldInStores&prefv1=000&start=2756&sz=212&next=true
2024-11-25 02:11:31,069 - logger - INFO - auchan.py:212 - get_and_parse_auchan_data - Successful GET request for URL: https://www.auchan.pt/on/demandware.store/Sites-AuchanPT-Site/pt_PT/Search-UpdateGrid?cgid=bebidas-e-garrafeira&prefn1=soldInStores&prefv1=000&start=2968&sz=212&next=true
2024-11-25 02:11:32,026 - logger - ERROR - auchan.py:216 - get_and_parse_auchan_data - Error fetching data for URL https://www.auchan.pt/on/demandware.store/Sites-AuchanPT-Site/pt_PT/Search-UpdateGrid?cgid=bebidas-e-garrafeira&prefn1=soldInStores&prefv1=000&start=2968&sz=212&next=true: 'NoneType' object is not subscriptable
2024-11-25 02:11:32,094 - logger - INFO - auchan.py:288 - save_data_for_all_cgids - Data for bebidas-e-garrafeira saved to data/raw/auchan/20241125/bebidas-e-garrafeira_20241125.csv
2024-11-25 02:11:32,094 - logger - INFO - auchan.py:273 - save_data_for_all_cgids - Processing cgid: marcas-auchan
2024-11-25 02:11:32,459 - logger - INFO - auchan.py:212 - get_and_parse_auchan_data - Successful GET request for URL: https://www.auchan.pt/on/demandware.store/Sites-AuchanPT-Site/pt_PT/Search-UpdateGrid?cgid=marcas-auchan&prefn1=soldInStores&prefv1=000&start=0&sz=212&next=true
2024-11-25 02:11:50,780 - logger - INFO - auchan.py:212 - get_and_parse_auchan_data - Successful GET request for URL: https://www.auchan.pt/on/demandware.store/Sites-AuchanPT-Site/pt_PT/Search-UpdateGrid?cgid=marcas-auchan&prefn1=soldInStores&prefv1=000&start=212&sz=212&next=true
2024-11-25 02:11:55,117 - logger - INFO - auchan.py:212 - get_and_parse_auchan_data - Successful GET request for URL: https://www.auchan.pt/on/demandware.store/Sites-AuchanPT-Site/pt_PT/Search-UpdateGrid?cgid=marcas-auchan&prefn1=soldInStores&prefv1=000&start=424&sz=212&next=true
2024-11-25 02:11:59,941 - logger - INFO - auchan.py:212 - get_and_parse_auchan_data - Successful GET request for URL: https://www.auchan.pt/on/demandware.store/Sites-AuchanPT-Site/pt_PT/Search-UpdateGrid?cgid=marcas-auchan&prefn1=soldInStores&prefv1=000&start=636&sz=212&next=true
2024-11-25 02:12:04,749 - logger - INFO - auchan.py:212 - get_and_parse_auchan_data - Successful GET request for URL: https://www.auchan.pt/on/demandware.store/Sites-AuchanPT-Site/pt_PT/Search-UpdateGrid?cgid=marcas-auchan&prefn1=soldInStores&prefv1=000&start=848&sz=212&next=true
2024-11-25 02:12:09,090 - logger - INFO - auchan.py:212 - get_and_parse_auchan_data - Successful GET request for URL: https://www.auchan.pt/on/demandware.store/Sites-AuchanPT-Site/pt_PT/Search-UpdateGrid?cgid=marcas-auchan&prefn1=soldInStores&prefv1=000&start=1060&sz=212&next=true
2024-11-25 02:12:13,399 - logger - INFO - auchan.py:212 - get_and_parse_auchan_data - Successful GET request for URL: https://www.auchan.pt/on/demandware.store/Sites-AuchanPT-Site/pt_PT/Search-UpdateGrid?cgid=marcas-auchan&prefn1=soldInStores&prefv1=000&start=1272&sz=212&next=true
2024-11-25 02:12:32,667 - logger - INFO - auchan.py:212 - get_and_parse_auchan_data - Successful GET request for URL: https://www.auchan.pt/on/demandware.store/Sites-AuchanPT-Site/pt_PT/Search-UpdateGrid?cgid=marcas-auchan&prefn1=soldInStores&prefv1=000&start=1484&sz=212&next=true
2024-11-25 02:12:50,832 - logger - INFO - auchan.py:212 - get_and_parse_auchan_data - Successful GET request for URL: https://www.auchan.pt/on/demandware.store/Sites-AuchanPT-Site/pt_PT/Search-UpdateGrid?cgid=marcas-auchan&prefn1=soldInStores&prefv1=000&start=1696&sz=212&next=true
2024-11-25 02:13:09,165 - logger - INFO - auchan.py:212 - get_and_parse_auchan_data - Successful GET request for URL: https://www.auchan.pt/on/demandware.store/Sites-AuchanPT-Site/pt_PT/Search-UpdateGrid?cgid=marcas-auchan&prefn1=soldInStores&prefv1=000&start=1908&sz=212&next=true
2024-11-25 02:13:31,412 - logger - INFO - auchan.py:212 - get_and_parse_auchan_data - Successful GET request for URL: https://www.auchan.pt/on/demandware.store/Sites-AuchanPT-Site/pt_PT/Search-UpdateGrid?cgid=marcas-auchan&prefn1=soldInStores&prefv1=000&start=2120&sz=212&next=true
2024-11-25 02:14:04,329 - logger - INFO - auchan.py:212 - get_and_parse_auchan_data - Successful GET request for URL: https://www.auchan.pt/on/demandware.store/Sites-AuchanPT-Site/pt_PT/Search-UpdateGrid?cgid=marcas-auchan&prefn1=soldInStores&prefv1=000&start=2332&sz=212&next=true
2024-11-25 02:14:23,604 - logger - INFO - auchan.py:212 - get_and_parse_auchan_data - Successful GET request for URL: https://www.auchan.pt/on/demandware.store/Sites-AuchanPT-Site/pt_PT/Search-UpdateGrid?cgid=marcas-auchan&prefn1=soldInStores&prefv1=000&start=2544&sz=212&next=true
2024-11-25 02:14:41,667 - logger - INFO - auchan.py:212 - get_and_parse_auchan_data - Successful GET request for URL: https://www.auchan.pt/on/demandware.store/Sites-AuchanPT-Site/pt_PT/Search-UpdateGrid?cgid=marcas-auchan&prefn1=soldInStores&prefv1=000&start=2756&sz=212&next=true
2024-11-25 02:15:03,631 - logger - INFO - auchan.py:212 - get_and_parse_auchan_data - Successful GET request for URL: https://www.auchan.pt/on/demandware.store/Sites-AuchanPT-Site/pt_PT/Search-UpdateGrid?cgid=marcas-auchan&prefn1=soldInStores&prefv1=000&start=2968&sz=212&next=true
2024-11-25 02:15:21,781 - logger - INFO - auchan.py:212 - get_and_parse_auchan_data - Successful GET request for URL: https://www.auchan.pt/on/demandware.store/Sites-AuchanPT-Site/pt_PT/Search-UpdateGrid?cgid=marcas-auchan&prefn1=soldInStores&prefv1=000&start=3180&sz=212&next=true
2024-11-25 02:15:40,412 - logger - INFO - auchan.py:212 - get_and_parse_auchan_data - Successful GET request for URL: https://www.auchan.pt/on/demandware.store/Sites-AuchanPT-Site/pt_PT/Search-UpdateGrid?cgid=marcas-auchan&prefn1=soldInStores&prefv1=000&start=3392&sz=212&next=true
2024-11-25 02:15:59,372 - logger - INFO - auchan.py:212 - get_and_parse_auchan_data - Successful GET request for URL: https://www.auchan.pt/on/demandware.store/Sites-AuchanPT-Site/pt_PT/Search-UpdateGrid?cgid=marcas-auchan&prefn1=soldInStores&prefv1=000&start=3604&sz=212&next=true
2024-11-25 02:16:17,577 - logger - INFO - auchan.py:212 - get_and_parse_auchan_data - Successful GET request for URL: https://www.auchan.pt/on/demandware.store/Sites-AuchanPT-Site/pt_PT/Search-UpdateGrid?cgid=marcas-auchan&prefn1=soldInStores&prefv1=000&start=3816&sz=212&next=true
2024-11-25 02:16:35,896 - logger - INFO - auchan.py:212 - get_and_parse_auchan_data - Successful GET request for URL: https://www.auchan.pt/on/demandware.store/Sites-AuchanPT-Site/pt_PT/Search-UpdateGrid?cgid=marcas-auchan&prefn1=soldInStores&prefv1=000&start=4028&sz=212&next=true
2024-11-25 02:16:54,194 - logger - INFO - auchan.py:212 - get_and_parse_auchan_data - Successful GET request for URL: https://www.auchan.pt/on/demandware.store/Sites-AuchanPT-Site/pt_PT/Search-UpdateGrid?cgid=marcas-auchan&prefn1=soldInStores&prefv1=000&start=4240&sz=212&next=true
2024-11-25 02:17:12,176 - logger - INFO - auchan.py:212 - get_and_parse_auchan_data - Successful GET request for URL: https://www.auchan.pt/on/demandware.store/Sites-AuchanPT-Site/pt_PT/Search-UpdateGrid?cgid=marcas-auchan&prefn1=soldInStores&prefv1=000&start=4452&sz=212&next=true
2024-11-25 02:17:30,409 - logger - INFO - auchan.py:212 - get_and_parse_auchan_data - Successful GET request for URL: https://www.auchan.pt/on/demandware.store/Sites-AuchanPT-Site/pt_PT/Search-UpdateGrid?cgid=marcas-auchan&prefn1=soldInStores&prefv1=000&start=4664&sz=212&next=true
2024-11-25 02:17:48,840 - logger - INFO - auchan.py:212 - get_and_parse_auchan_data - Successful GET request for URL: https://www.auchan.pt/on/demandware.store/Sites-AuchanPT-Site/pt_PT/Search-UpdateGrid?cgid=marcas-auchan&prefn1=soldInStores&prefv1=000&start=4876&sz=212&next=true
2024-11-25 02:18:07,427 - logger - INFO - auchan.py:212 - get_and_parse_auchan_data - Successful GET request for URL: https://www.auchan.pt/on/demandware.store/Sites-AuchanPT-Site/pt_PT/Search-UpdateGrid?cgid=marcas-auchan&prefn1=soldInStores&prefv1=000&start=5088&sz=212&next=true
2024-11-25 02:18:28,961 - logger - INFO - auchan.py:212 - get_and_parse_auchan_data - Successful GET request for URL: https://www.auchan.pt/on/demandware.store/Sites-AuchanPT-Site/pt_PT/Search-UpdateGrid?cgid=marcas-auchan&prefn1=soldInStores&prefv1=000&start=5300&sz=212&next=true
2024-11-25 02:18:47,775 - logger - INFO - auchan.py:212 - get_and_parse_auchan_data - Successful GET request for URL: https://www.auchan.pt/on/demandware.store/Sites-AuchanPT-Site/pt_PT/Search-UpdateGrid?cgid=marcas-auchan&prefn1=soldInStores&prefv1=000&start=5512&sz=212&next=true
2024-11-25 02:19:05,936 - logger - INFO - auchan.py:212 - get_and_parse_auchan_data - Successful GET request for URL: https://www.auchan.pt/on/demandware.store/Sites-AuchanPT-Site/pt_PT/Search-UpdateGrid?cgid=marcas-auchan&prefn1=soldInStores&prefv1=000&start=5724&sz=212&next=true
2024-11-25 02:19:24,139 - logger - INFO - auchan.py:212 - get_and_parse_auchan_data - Successful GET request for URL: https://www.auchan.pt/on/demandware.store/Sites-AuchanPT-Site/pt_PT/Search-UpdateGrid?cgid=marcas-auchan&prefn1=soldInStores&prefv1=000&start=5936&sz=212&next=true
2024-11-25 02:19:42,678 - logger - INFO - auchan.py:212 - get_and_parse_auchan_data - Successful GET request for URL: https://www.auchan.pt/on/demandware.store/Sites-AuchanPT-Site/pt_PT/Search-UpdateGrid?cgid=marcas-auchan&prefn1=soldInStores&prefv1=000&start=6148&sz=212&next=true
2024-11-25 02:20:02,065 - logger - INFO - auchan.py:212 - get_and_parse_auchan_data - Successful GET request for URL: https://www.auchan.pt/on/demandware.store/Sites-AuchanPT-Site/pt_PT/Search-UpdateGrid?cgid=marcas-auchan&prefn1=soldInStores&prefv1=000&start=6360&sz=212&next=true
2024-11-25 02:20:21,215 - logger - INFO - auchan.py:212 - get_and_parse_auchan_data - Successful GET request for URL: https://www.auchan.pt/on/demandware.store/Sites-AuchanPT-Site/pt_PT/Search-UpdateGrid?cgid=marcas-auchan&prefn1=soldInStores&prefv1=000&start=6572&sz=212&next=true
2024-11-25 02:20:40,467 - logger - INFO - auchan.py:212 - get_and_parse_auchan_data - Successful GET request for URL: https://www.auchan.pt/on/demandware.store/Sites-AuchanPT-Site/pt_PT/Search-UpdateGrid?cgid=marcas-auchan&prefn1=soldInStores&prefv1=000&start=6784&sz=212&next=true
2024-11-25 02:20:59,611 - logger - INFO - auchan.py:212 - get_and_parse_auchan_data - Successful GET request for URL: https://www.auchan.pt/on/demandware.store/Sites-AuchanPT-Site/pt_PT/Search-UpdateGrid?cgid=marcas-auchan&prefn1=soldInStores&prefv1=000&start=6996&sz=212&next=true
2024-11-25 02:21:17,329 - logger - INFO - auchan.py:212 - get_and_parse_auchan_data - Successful GET request for URL: https://www.auchan.pt/on/demandware.store/Sites-AuchanPT-Site/pt_PT/Search-UpdateGrid?cgid=marcas-auchan&prefn1=soldInStores&prefv1=000&start=7208&sz=212&next=true
2024-11-25 02:21:36,717 - logger - INFO - auchan.py:212 - get_and_parse_auchan_data - Successful GET request for URL: https://www.auchan.pt/on/demandware.store/Sites-AuchanPT-Site/pt_PT/Search-UpdateGrid?cgid=marcas-auchan&prefn1=soldInStores&prefv1=000&start=7420&sz=212&next=true
2024-11-25 02:21:55,149 - logger - INFO - auchan.py:212 - get_and_parse_auchan_data - Successful GET request for URL: https://www.auchan.pt/on/demandware.store/Sites-AuchanPT-Site/pt_PT/Search-UpdateGrid?cgid=marcas-auchan&prefn1=soldInStores&prefv1=000&start=7632&sz=212&next=true
2024-11-25 02:22:14,551 - logger - INFO - auchan.py:212 - get_and_parse_auchan_data - Successful GET request for URL: https://www.auchan.pt/on/demandware.store/Sites-AuchanPT-Site/pt_PT/Search-UpdateGrid?cgid=marcas-auchan&prefn1=soldInStores&prefv1=000&start=7844&sz=212&next=true
2024-11-25 02:22:35,552 - logger - INFO - auchan.py:212 - get_and_parse_auchan_data - Successful GET request for URL: https://www.auchan.pt/on/demandware.store/Sites-AuchanPT-Site/pt_PT/Search-UpdateGrid?cgid=marcas-auchan&prefn1=soldInStores&prefv1=000&start=8056&sz=212&next=true
2024-11-25 02:22:53,480 - logger - INFO - auchan.py:212 - get_and_parse_auchan_data - Successful GET request for URL: https://www.auchan.pt/on/demandware.store/Sites-AuchanPT-Site/pt_PT/Search-UpdateGrid?cgid=marcas-auchan&prefn1=soldInStores&prefv1=000&start=8268&sz=212&next=true
2024-11-25 02:23:05,655 - logger - INFO - auchan.py:212 - get_and_parse_auchan_data - Successful GET request for URL: https://www.auchan.pt/on/demandware.store/Sites-AuchanPT-Site/pt_PT/Search-UpdateGrid?cgid=marcas-auchan&prefn1=soldInStores&prefv1=000&start=8480&sz=212&next=true
2024-11-25 02:23:09,387 - logger - INFO - auchan.py:288 - save_data_for_all_cgids - Data for marcas-auchan saved to data/raw/auchan/20241125/marcas-auchan_20241125.csv
2024-11-25 02:23:09,387 - logger - INFO - auchan.py:273 - save_data_for_all_cgids - Processing cgid: saude-e-bem-estar/acne/
2024-11-25 02:23:09,754 - logger - INFO - auchan.py:212 - get_and_parse_auchan_data - Successful GET request for URL: https://www.auchan.pt/on/demandware.store/Sites-AuchanPT-Site/pt_PT/Search-UpdateGrid?cgid=saude-e-bem-estar/acne/&prefn1=soldInStores&prefv1=000&start=0&sz=212&next=true
2024-11-25 02:23:13,913 - logger - INFO - auchan.py:212 - get_and_parse_auchan_data - Successful GET request for URL: https://www.auchan.pt/on/demandware.store/Sites-AuchanPT-Site/pt_PT/Search-UpdateGrid?cgid=saude-e-bem-estar/acne/&prefn1=soldInStores&prefv1=000&start=212&sz=212&next=true
2024-11-25 02:23:18,175 - logger - INFO - auchan.py:212 - get_and_parse_auchan_data - Successful GET request for URL: https://www.auchan.pt/on/demandware.store/Sites-AuchanPT-Site/pt_PT/Search-UpdateGrid?cgid=saude-e-bem-estar/acne/&prefn1=soldInStores&prefv1=000&start=424&sz=212&next=true
2024-11-25 02:23:22,517 - logger - INFO - auchan.py:212 - get_and_parse_auchan_data - Successful GET request for URL: https://www.auchan.pt/on/demandware.store/Sites-AuchanPT-Site/pt_PT/Search-UpdateGrid?cgid=saude-e-bem-estar/acne/&prefn1=soldInStores&prefv1=000&start=636&sz=212&next=true
2024-11-25 02:23:26,819 - logger - INFO - auchan.py:212 - get_and_parse_auchan_data - Successful GET request for URL: https://www.auchan.pt/on/demandware.store/Sites-AuchanPT-Site/pt_PT/Search-UpdateGrid?cgid=saude-e-bem-estar/acne/&prefn1=soldInStores&prefv1=000&start=848&sz=212&next=true
2024-11-25 02:23:31,081 - logger - INFO - auchan.py:212 - get_and_parse_auchan_data - Successful GET request for URL: https://www.auchan.pt/on/demandware.store/Sites-AuchanPT-Site/pt_PT/Search-UpdateGrid?cgid=saude-e-bem-estar/acne/&prefn1=soldInStores&prefv1=000&start=1060&sz=212&next=true
2024-11-25 02:23:35,343 - logger - INFO - auchan.py:212 - get_and_parse_auchan_data - Successful GET request for URL: https://www.auchan.pt/on/demandware.store/Sites-AuchanPT-Site/pt_PT/Search-UpdateGrid?cgid=saude-e-bem-estar/acne/&prefn1=soldInStores&prefv1=000&start=1272&sz=212&next=true
2024-11-25 02:23:39,599 - logger - INFO - auchan.py:212 - get_and_parse_auchan_data - Successful GET request for URL: https://www.auchan.pt/on/demandware.store/Sites-AuchanPT-Site/pt_PT/Search-UpdateGrid?cgid=saude-e-bem-estar/acne/&prefn1=soldInStores&prefv1=000&start=1484&sz=212&next=true
2024-11-25 02:23:57,386 - logger - INFO - auchan.py:212 - get_and_parse_auchan_data - Successful GET request for URL: https://www.auchan.pt/on/demandware.store/Sites-AuchanPT-Site/pt_PT/Search-UpdateGrid?cgid=saude-e-bem-estar/acne/&prefn1=soldInStores&prefv1=000&start=1696&sz=212&next=true
2024-11-25 02:24:01,631 - logger - INFO - auchan.py:212 - get_and_parse_auchan_data - Successful GET request for URL: https://www.auchan.pt/on/demandware.store/Sites-AuchanPT-Site/pt_PT/Search-UpdateGrid?cgid=saude-e-bem-estar/acne/&prefn1=soldInStores&prefv1=000&start=1908&sz=212&next=true
2024-11-25 02:24:05,877 - logger - INFO - auchan.py:212 - get_and_parse_auchan_data - Successful GET request for URL: https://www.auchan.pt/on/demandware.store/Sites-AuchanPT-Site/pt_PT/Search-UpdateGrid?cgid=saude-e-bem-estar/acne/&prefn1=soldInStores&prefv1=000&start=2120&sz=212&next=true
2024-11-25 02:24:10,212 - logger - INFO - auchan.py:212 - get_and_parse_auchan_data - Successful GET request for URL: https://www.auchan.pt/on/demandware.store/Sites-AuchanPT-Site/pt_PT/Search-UpdateGrid?cgid=saude-e-bem-estar/acne/&prefn1=soldInStores&prefv1=000&start=2332&sz=212&next=true
2024-11-25 02:24:14,497 - logger - INFO - auchan.py:212 - get_and_parse_auchan_data - Successful GET request for URL: https://www.auchan.pt/on/demandware.store/Sites-AuchanPT-Site/pt_PT/Search-UpdateGrid?cgid=saude-e-bem-estar/acne/&prefn1=soldInStores&prefv1=000&start=2544&sz=212&next=true
2024-11-25 02:24:19,277 - logger - INFO - auchan.py:212 - get_and_parse_auchan_data - Successful GET request for URL: https://www.auchan.pt/on/demandware.store/Sites-AuchanPT-Site/pt_PT/Search-UpdateGrid?cgid=saude-e-bem-estar/acne/&prefn1=soldInStores&prefv1=000&start=2756&sz=212&next=true
2024-11-25 02:24:23,584 - logger - INFO - auchan.py:212 - get_and_parse_auchan_data - Successful GET request for URL: https://www.auchan.pt/on/demandware.store/Sites-AuchanPT-Site/pt_PT/Search-UpdateGrid?cgid=saude-e-bem-estar/acne/&prefn1=soldInStores&prefv1=000&start=2968&sz=212&next=true
2024-11-25 02:24:27,907 - logger - INFO - auchan.py:212 - get_and_parse_auchan_data - Successful GET request for URL: https://www.auchan.pt/on/demandware.store/Sites-AuchanPT-Site/pt_PT/Search-UpdateGrid?cgid=saude-e-bem-estar/acne/&prefn1=soldInStores&prefv1=000&start=3180&sz=212&next=true
2024-11-25 02:24:32,520 - logger - INFO - auchan.py:212 - get_and_parse_auchan_data - Successful GET request for URL: https://www.auchan.pt/on/demandware.store/Sites-AuchanPT-Site/pt_PT/Search-UpdateGrid?cgid=saude-e-bem-estar/acne/&prefn1=soldInStores&prefv1=000&start=3392&sz=212&next=true
2024-11-25 02:24:36,830 - logger - INFO - auchan.py:212 - get_and_parse_auchan_data - Successful GET request for URL: https://www.auchan.pt/on/demandware.store/Sites-AuchanPT-Site/pt_PT/Search-UpdateGrid?cgid=saude-e-bem-estar/acne/&prefn1=soldInStores&prefv1=000&start=3604&sz=212&next=true
2024-11-25 02:24:41,132 - logger - INFO - auchan.py:212 - get_and_parse_auchan_data - Successful GET request for URL: https://www.auchan.pt/on/demandware.store/Sites-AuchanPT-Site/pt_PT/Search-UpdateGrid?cgid=saude-e-bem-estar/acne/&prefn1=soldInStores&prefv1=000&start=3816&sz=212&next=true
2024-11-25 02:24:45,474 - logger - INFO - auchan.py:212 - get_and_parse_auchan_data - Successful GET request for URL: https://www.auchan.pt/on/demandware.store/Sites-AuchanPT-Site/pt_PT/Search-UpdateGrid?cgid=saude-e-bem-estar/acne/&prefn1=soldInStores&prefv1=000&start=4028&sz=212&next=true
2024-11-25 02:24:49,790 - logger - INFO - auchan.py:212 - get_and_parse_auchan_data - Successful GET request for URL: https://www.auchan.pt/on/demandware.store/Sites-AuchanPT-Site/pt_PT/Search-UpdateGrid?cgid=saude-e-bem-estar/acne/&prefn1=soldInStores&prefv1=000&start=4240&sz=212&next=true
2024-11-25 02:24:54,112 - logger - INFO - auchan.py:212 - get_and_parse_auchan_data - Successful GET request for URL: https://www.auchan.pt/on/demandware.store/Sites-AuchanPT-Site/pt_PT/Search-UpdateGrid?cgid=saude-e-bem-estar/acne/&prefn1=soldInStores&prefv1=000&start=4452&sz=212&next=true
2024-11-25 02:24:58,489 - logger - INFO - auchan.py:212 - get_and_parse_auchan_data - Successful GET request for URL: https://www.auchan.pt/on/demandware.store/Sites-AuchanPT-Site/pt_PT/Search-UpdateGrid?cgid=saude-e-bem-estar/acne/&prefn1=soldInStores&prefv1=000&start=4664&sz=212&next=true
2024-11-25 02:25:02,788 - logger - INFO - auchan.py:212 - get_and_parse_auchan_data - Successful GET request for URL: https://www.auchan.pt/on/demandware.store/Sites-AuchanPT-Site/pt_PT/Search-UpdateGrid?cgid=saude-e-bem-estar/acne/&prefn1=soldInStores&prefv1=000&start=4876&sz=212&next=true
2024-11-25 02:25:22,420 - logger - INFO - auchan.py:212 - get_and_parse_auchan_data - Successful GET request for URL: https://www.auchan.pt/on/demandware.store/Sites-AuchanPT-Site/pt_PT/Search-UpdateGrid?cgid=saude-e-bem-estar/acne/&prefn1=soldInStores&prefv1=000&start=5088&sz=212&next=true
2024-11-25 02:25:26,789 - logger - INFO - auchan.py:212 - get_and_parse_auchan_data - Successful GET request for URL: https://www.auchan.pt/on/demandware.store/Sites-AuchanPT-Site/pt_PT/Search-UpdateGrid?cgid=saude-e-bem-estar/acne/&prefn1=soldInStores&prefv1=000&start=5300&sz=212&next=true
2024-11-25 02:25:31,128 - logger - INFO - auchan.py:212 - get_and_parse_auchan_data - Successful GET request for URL: https://www.auchan.pt/on/demandware.store/Sites-AuchanPT-Site/pt_PT/Search-UpdateGrid?cgid=saude-e-bem-estar/acne/&prefn1=soldInStores&prefv1=000&start=5512&sz=212&next=true
2024-11-25 02:25:35,547 - logger - INFO - auchan.py:212 - get_and_parse_auchan_data - Successful GET request for URL: https://www.auchan.pt/on/demandware.store/Sites-AuchanPT-Site/pt_PT/Search-UpdateGrid?cgid=saude-e-bem-estar/acne/&prefn1=soldInStores&prefv1=000&start=5724&sz=212&next=true
2024-11-25 02:25:54,599 - logger - INFO - auchan.py:212 - get_and_parse_auchan_data - Successful GET request for URL: https://www.auchan.pt/on/demandware.store/Sites-AuchanPT-Site/pt_PT/Search-UpdateGrid?cgid=saude-e-bem-estar/acne/&prefn1=soldInStores&prefv1=000&start=5936&sz=212&next=true
2024-11-25 02:26:17,286 - logger - INFO - auchan.py:212 - get_and_parse_auchan_data - Successful GET request for URL: https://www.auchan.pt/on/demandware.store/Sites-AuchanPT-Site/pt_PT/Search-UpdateGrid?cgid=saude-e-bem-estar/acne/&prefn1=soldInStores&prefv1=000&start=6148&sz=212&next=true
2024-11-25 02:26:37,321 - logger - INFO - auchan.py:212 - get_and_parse_auchan_data - Successful GET request for URL: https://www.auchan.pt/on/demandware.store/Sites-AuchanPT-Site/pt_PT/Search-UpdateGrid?cgid=saude-e-bem-estar/acne/&prefn1=soldInStores&prefv1=000&start=6360&sz=212&next=true
2024-11-25 02:26:55,552 - logger - INFO - auchan.py:212 - get_and_parse_auchan_data - Successful GET request for URL: https://www.auchan.pt/on/demandware.store/Sites-AuchanPT-Site/pt_PT/Search-UpdateGrid?cgid=saude-e-bem-estar/acne/&prefn1=soldInStores&prefv1=000&start=6572&sz=212&next=true
2024-11-25 02:27:15,811 - logger - INFO - auchan.py:212 - get_and_parse_auchan_data - Successful GET request for URL: https://www.auchan.pt/on/demandware.store/Sites-AuchanPT-Site/pt_PT/Search-UpdateGrid?cgid=saude-e-bem-estar/acne/&prefn1=soldInStores&prefv1=000&start=6784&sz=212&next=true
2024-11-25 02:27:20,185 - logger - INFO - auchan.py:212 - get_and_parse_auchan_data - Successful GET request for URL: https://www.auchan.pt/on/demandware.store/Sites-AuchanPT-Site/pt_PT/Search-UpdateGrid?cgid=saude-e-bem-estar/acne/&prefn1=soldInStores&prefv1=000&start=6996&sz=212&next=true
2024-11-25 02:27:24,537 - logger - INFO - auchan.py:212 - get_and_parse_auchan_data - Successful GET request for URL: https://www.auchan.pt/on/demandware.store/Sites-AuchanPT-Site/pt_PT/Search-UpdateGrid?cgid=saude-e-bem-estar/acne/&prefn1=soldInStores&prefv1=000&start=7208&sz=212&next=true
2024-11-25 02:27:43,248 - logger - INFO - auchan.py:212 - get_and_parse_auchan_data - Successful GET request for URL: https://www.auchan.pt/on/demandware.store/Sites-AuchanPT-Site/pt_PT/Search-UpdateGrid?cgid=saude-e-bem-estar/acne/&prefn1=soldInStores&prefv1=000&start=7420&sz=212&next=true
2024-11-25 02:27:47,657 - logger - INFO - auchan.py:212 - get_and_parse_auchan_data - Successful GET request for URL: https://www.auchan.pt/on/demandware.store/Sites-AuchanPT-Site/pt_PT/Search-UpdateGrid?cgid=saude-e-bem-estar/acne/&prefn1=soldInStores&prefv1=000&start=7632&sz=212&next=true
2024-11-25 02:27:52,002 - logger - INFO - auchan.py:212 - get_and_parse_auchan_data - Successful GET request for URL: https://www.auchan.pt/on/demandware.store/Sites-AuchanPT-Site/pt_PT/Search-UpdateGrid?cgid=saude-e-bem-estar/acne/&prefn1=soldInStores&prefv1=000&start=7844&sz=212&next=true
2024-11-25 02:28:09,929 - logger - INFO - auchan.py:212 - get_and_parse_auchan_data - Successful GET request for URL: https://www.auchan.pt/on/demandware.store/Sites-AuchanPT-Site/pt_PT/Search-UpdateGrid?cgid=saude-e-bem-estar/acne/&prefn1=soldInStores&prefv1=000&start=8056&sz=212&next=true
2024-11-25 02:28:14,305 - logger - INFO - auchan.py:212 - get_and_parse_auchan_data - Successful GET request for URL: https://www.auchan.pt/on/demandware.store/Sites-AuchanPT-Site/pt_PT/Search-UpdateGrid?cgid=saude-e-bem-estar/acne/&prefn1=soldInStores&prefv1=000&start=8268&sz=212&next=true
2024-11-25 02:28:18,768 - logger - INFO - auchan.py:212 - get_and_parse_auchan_data - Successful GET request for URL: https://www.auchan.pt/on/demandware.store/Sites-AuchanPT-Site/pt_PT/Search-UpdateGrid?cgid=saude-e-bem-estar/acne/&prefn1=soldInStores&prefv1=000&start=8480&sz=212&next=true
2024-11-25 02:28:23,226 - logger - INFO - auchan.py:212 - get_and_parse_auchan_data - Successful GET request for URL: https://www.auchan.pt/on/demandware.store/Sites-AuchanPT-Site/pt_PT/Search-UpdateGrid?cgid=saude-e-bem-estar/acne/&prefn1=soldInStores&prefv1=000&start=8692&sz=212&next=true
2024-11-25 02:28:35,221 - logger - INFO - auchan.py:212 - get_and_parse_auchan_data - Successful GET request for URL: https://www.auchan.pt/on/demandware.store/Sites-AuchanPT-Site/pt_PT/Search-UpdateGrid?cgid=saude-e-bem-estar/acne/&prefn1=soldInStores&prefv1=000&start=8904&sz=212&next=true
2024-11-25 02:28:39,672 - logger - INFO - auchan.py:212 - get_and_parse_auchan_data - Successful GET request for URL: https://www.auchan.pt/on/demandware.store/Sites-AuchanPT-Site/pt_PT/Search-UpdateGrid?cgid=saude-e-bem-estar/acne/&prefn1=soldInStores&prefv1=000&start=9116&sz=212&next=true
2024-11-25 02:28:58,955 - logger - INFO - auchan.py:212 - get_and_parse_auchan_data - Successful GET request for URL: https://www.auchan.pt/on/demandware.store/Sites-AuchanPT-Site/pt_PT/Search-UpdateGrid?cgid=saude-e-bem-estar/acne/&prefn1=soldInStores&prefv1=000&start=9328&sz=212&next=true
2024-11-25 02:29:17,494 - logger - INFO - auchan.py:212 - get_and_parse_auchan_data - Successful GET request for URL: https://www.auchan.pt/on/demandware.store/Sites-AuchanPT-Site/pt_PT/Search-UpdateGrid?cgid=saude-e-bem-estar/acne/&prefn1=soldInStores&prefv1=000&start=9540&sz=212&next=true
2024-11-25 02:29:39,096 - logger - INFO - auchan.py:212 - get_and_parse_auchan_data - Successful GET request for URL: https://www.auchan.pt/on/demandware.store/Sites-AuchanPT-Site/pt_PT/Search-UpdateGrid?cgid=saude-e-bem-estar/acne/&prefn1=soldInStores&prefv1=000&start=9752&sz=212&next=true
2024-11-25 02:29:58,226 - logger - INFO - auchan.py:212 - get_and_parse_auchan_data - Successful GET request for URL: https://www.auchan.pt/on/demandware.store/Sites-AuchanPT-Site/pt_PT/Search-UpdateGrid?cgid=saude-e-bem-estar/acne/&prefn1=soldInStores&prefv1=000&start=9964&sz=212&next=true
2024-11-25 02:30:02,630 - logger - INFO - auchan.py:212 - get_and_parse_auchan_data - Successful GET request for URL: https://www.auchan.pt/on/demandware.store/Sites-AuchanPT-Site/pt_PT/Search-UpdateGrid?cgid=saude-e-bem-estar/acne/&prefn1=soldInStores&prefv1=000&start=10176&sz=212&next=true
2024-11-25 02:30:06,950 - logger - INFO - auchan.py:212 - get_and_parse_auchan_data - Successful GET request for URL: https://www.auchan.pt/on/demandware.store/Sites-AuchanPT-Site/pt_PT/Search-UpdateGrid?cgid=saude-e-bem-estar/acne/&prefn1=soldInStores&prefv1=000&start=10388&sz=212&next=true
2024-11-25 02:30:11,295 - logger - INFO - auchan.py:212 - get_and_parse_auchan_data - Successful GET request for URL: https://www.auchan.pt/on/demandware.store/Sites-AuchanPT-Site/pt_PT/Search-UpdateGrid?cgid=saude-e-bem-estar/acne/&prefn1=soldInStores&prefv1=000&start=10600&sz=212&next=true
2024-11-25 02:30:15,602 - logger - INFO - auchan.py:212 - get_and_parse_auchan_data - Successful GET request for URL: https://www.auchan.pt/on/demandware.store/Sites-AuchanPT-Site/pt_PT/Search-UpdateGrid?cgid=saude-e-bem-estar/acne/&prefn1=soldInStores&prefv1=000&start=10812&sz=212&next=true
2024-11-25 02:30:19,904 - logger - INFO - auchan.py:212 - get_and_parse_auchan_data - Successful GET request for URL: https://www.auchan.pt/on/demandware.store/Sites-AuchanPT-Site/pt_PT/Search-UpdateGrid?cgid=saude-e-bem-estar/acne/&prefn1=soldInStores&prefv1=000&start=11024&sz=212&next=true
2024-11-25 02:30:24,259 - logger - INFO - auchan.py:212 - get_and_parse_auchan_data - Successful GET request for URL: https://www.auchan.pt/on/demandware.store/Sites-AuchanPT-Site/pt_PT/Search-UpdateGrid?cgid=saude-e-bem-estar/acne/&prefn1=soldInStores&prefv1=000&start=11236&sz=212&next=true
2024-11-25 02:30:25,016 - logger - ERROR - auchan.py:216 - get_and_parse_auchan_data - Error fetching data for URL https://www.auchan.pt/on/demandware.store/Sites-AuchanPT-Site/pt_PT/Search-UpdateGrid?cgid=saude-e-bem-estar/acne/&prefn1=soldInStores&prefv1=000&start=11236&sz=212&next=true: 'NoneType' object is not subscriptable
2024-11-25 02:30:25,021 - logger - ERROR - auchan.py:292 - save_data_for_all_cgids - Error processing cgid saude-e-bem-estar/acne/: Cannot save file into a non-existent directory: 'data/raw/auchan/20241125/saude-e-bem-estar/acne'
Traceback (most recent call last):
  File "/home/runner/work/Retail-Price-Tracker/Retail-Price-Tracker/continente_price_tracker/src/auchan/auchan.py", line 287, in save_data_for_all_cgids
    final_data.to_csv(file_path, index=False)
  File "/opt/hostedtoolcache/Python/3.10.6/x64/lib/python3.10/site-packages/pandas/util/_decorators.py", line 333, in wrapper
    return func(*args, **kwargs)
  File "/opt/hostedtoolcache/Python/3.10.6/x64/lib/python3.10/site-packages/pandas/core/generic.py", line 3967, in to_csv
    return DataFrameRenderer(formatter).to_csv(
  File "/opt/hostedtoolcache/Python/3.10.6/x64/lib/python3.10/site-packages/pandas/io/formats/format.py", line 1014, in to_csv
    csv_formatter.save()
  File "/opt/hostedtoolcache/Python/3.10.6/x64/lib/python3.10/site-packages/pandas/io/formats/csvs.py", line 251, in save
    with get_handle(
  File "/opt/hostedtoolcache/Python/3.10.6/x64/lib/python3.10/site-packages/pandas/io/common.py", line 749, in get_handle
    check_parent_directory(str(handle))
  File "/opt/hostedtoolcache/Python/3.10.6/x64/lib/python3.10/site-packages/pandas/io/common.py", line 616, in check_parent_directory
    raise OSError(rf"Cannot save file into a non-existent directory: '{parent}'")
OSError: Cannot save file into a non-existent directory: 'data/raw/auchan/20241125/saude-e-bem-estar/acne'
2024-11-25 02:30:25,023 - logger - INFO - auchan.py:294 - save_data_for_all_cgids - Data fetch process completed
